<?xml version="1.0" encoding="UTF-8"?>
<coverage generated="1769279929788" clover="3.2.0">
  <project timestamp="1769279929789" name="All files">
    <metrics statements="856" coveredstatements="666" conditionals="782" coveredconditionals="548" methods="137" coveredmethods="118" elements="1775" coveredelements="1332" complexity="0" loc="856" ncloc="856" packages="1" files="12" classes="12"/>
    <file name="combinations.js" path="/Users/dylansalmo/Desktop/Tichu/backend/game/combinations.js">
      <metrics statements="221" coveredstatements="180" conditionals="268" coveredconditionals="174" methods="58" coveredmethods="49"/>
      <line num="6" count="7" type="stmt"/>
      <line num="14" count="53" type="cond" truecount="3" falsecount="1"/>
      <line num="15" count="0" type="stmt"/>
      <line num="19" count="53" type="cond" truecount="2" falsecount="0"/>
      <line num="20" count="25" type="stmt"/>
      <line num="24" count="28" type="cond" truecount="2" falsecount="0"/>
      <line num="25" count="3" type="stmt"/>
      <line num="29" count="25" type="cond" truecount="2" falsecount="0"/>
      <line num="30" count="3" type="stmt"/>
      <line num="34" count="22" type="cond" truecount="4" falsecount="0"/>
      <line num="35" count="16" type="stmt"/>
      <line num="36" count="16" type="cond" truecount="2" falsecount="0"/>
      <line num="40" count="17" type="cond" truecount="2" falsecount="0"/>
      <line num="41" count="6" type="stmt"/>
      <line num="42" count="6" type="cond" truecount="2" falsecount="0"/>
      <line num="46" count="15" type="cond" truecount="2" falsecount="0"/>
      <line num="47" count="11" type="stmt"/>
      <line num="48" count="11" type="cond" truecount="2" falsecount="0"/>
      <line num="53" count="7" type="cond" truecount="2" falsecount="0"/>
      <line num="54" count="4" type="stmt"/>
      <line num="55" count="4" type="cond" truecount="2" falsecount="0"/>
      <line num="59" count="6" type="cond" truecount="2" falsecount="0"/>
      <line num="60" count="3" type="stmt"/>
      <line num="61" count="3" type="cond" truecount="1" falsecount="1"/>
      <line num="64" count="3" type="stmt"/>
      <line num="68" count="3" type="cond" truecount="1" falsecount="1"/>
      <line num="70" count="6" type="cond" truecount="2" falsecount="0"/>
      <line num="71" count="3" type="cond" truecount="4" falsecount="1"/>
      <line num="72" count="1" type="stmt"/>
      <line num="76" count="4" type="stmt"/>
      <line num="77" count="2" type="cond" truecount="2" falsecount="0"/>
      <line num="78" count="1" type="stmt"/>
      <line num="79" count="1" type="cond" truecount="1" falsecount="1"/>
      <line num="82" count="1" type="stmt"/>
      <line num="86" count="3" type="cond" truecount="1" falsecount="1"/>
      <line num="88" count="9" type="cond" truecount="2" falsecount="0"/>
      <line num="89" count="9" type="stmt"/>
      <line num="91" count="3" type="cond" truecount="1" falsecount="1"/>
      <line num="94" count="3" type="stmt"/>
      <line num="95" count="3" type="cond" truecount="4" falsecount="1"/>
      <line num="96" count="2" type="stmt"/>
      <line num="99" count="1" type="stmt"/>
      <line num="110" count="16" type="cond" truecount="3" falsecount="1"/>
      <line num="111" count="0" type="stmt"/>
      <line num="114" count="16" type="stmt"/>
      <line num="117" count="16" type="stmt"/>
      <line num="118" count="16" type="stmt"/>
      <line num="119" count="16" type="stmt"/>
      <line num="120" count="64" type="cond" truecount="3" falsecount="1"/>
      <line num="121" count="0" type="stmt"/>
      <line num="124" count="64" type="cond" truecount="2" falsecount="0"/>
      <line num="125" count="5" type="stmt"/>
      <line num="126" count="5" type="stmt"/>
      <line num="129" count="59" type="stmt"/>
      <line num="130" count="59" type="cond" truecount="2" falsecount="0"/>
      <line num="131" count="23" type="stmt"/>
      <line num="133" count="59" type="stmt"/>
      <line num="137" count="16" type="stmt"/>
      <line num="138" count="23" type="stmt"/>
      <line num="145" count="16" type="stmt"/>
      <line num="146" count="22" type="cond" truecount="4" falsecount="0"/>
      <line num="147" count="10" type="stmt"/>
      <line num="152" count="12" type="stmt"/>
      <line num="155" count="6" type="cond" truecount="1" falsecount="1"/>
      <line num="156" count="0" type="stmt"/>
      <line num="160" count="6" type="stmt"/>
      <line num="161" count="12" type="stmt"/>
      <line num="162" count="6" type="stmt"/>
      <line num="166" count="6" type="cond" truecount="1" falsecount="1"/>
      <line num="167" count="0" type="stmt"/>
      <line num="171" count="6" type="cond" truecount="1" falsecount="1"/>
      <line num="172" count="6" type="stmt"/>
      <line num="173" count="6" type="cond" truecount="2" falsecount="0"/>
      <line num="174" count="1" type="stmt"/>
      <line num="182" count="5" type="stmt"/>
      <line num="183" count="5" type="stmt"/>
      <line num="186" count="10" type="stmt"/>
      <line num="189" count="5" type="stmt"/>
      <line num="190" count="8" type="cond" truecount="1" falsecount="1"/>
      <line num="192" count="5" type="cond" truecount="4" falsecount="0"/>
      <line num="195" count="6" type="stmt"/>
      <line num="196" count="4" type="stmt"/>
      <line num="198" count="4" type="cond" truecount="3" falsecount="1"/>
      <line num="200" count="4" type="stmt"/>
      <line num="201" count="4" type="stmt"/>
      <line num="205" count="0" type="stmt"/>
      <line num="209" count="5" type="stmt"/>
      <line num="220" count="6" type="cond" truecount="1" falsecount="1"/>
      <line num="222" count="30" type="cond" truecount="2" falsecount="0"/>
      <line num="223" count="30" type="stmt"/>
      <line num="224" count="6" type="stmt"/>
      <line num="226" count="6" type="stmt"/>
      <line num="227" count="28" type="cond" truecount="2" falsecount="0"/>
      <line num="230" count="17" type="stmt"/>
      <line num="234" count="6" type="cond" truecount="8" falsecount="0"/>
      <line num="238" count="2" type="stmt"/>
      <line num="239" count="2" type="stmt"/>
      <line num="240" count="3" type="cond" truecount="2" falsecount="0"/>
      <line num="241" count="1" type="stmt"/>
      <line num="242" count="1" type="stmt"/>
      <line num="246" count="2" type="cond" truecount="4" falsecount="0"/>
      <line num="247" count="2" type="stmt"/>
      <line num="248" count="1" type="stmt"/>
      <line num="250" count="2" type="stmt"/>
      <line num="253" count="4" type="stmt"/>
      <line num="257" count="4" type="cond" truecount="1" falsecount="1"/>
      <line num="260" count="20" type="cond" truecount="1" falsecount="1"/>
      <line num="261" count="0" type="stmt"/>
      <line num="265" count="4" type="stmt"/>
      <line num="266" count="20" type="cond" truecount="3" falsecount="0"/>
      <line num="268" count="4" type="cond" truecount="1" falsecount="1"/>
      <line num="271" count="16" type="stmt"/>
      <line num="274" count="4" type="stmt"/>
      <line num="276" count="20" type="cond" truecount="2" falsecount="0"/>
      <line num="277" count="19" type="cond" truecount="2" falsecount="0"/>
      <line num="278" count="18" type="stmt"/>
      <line num="280" count="20" type="stmt"/>
      <line num="281" count="15" type="stmt"/>
      <line num="284" count="4" type="stmt"/>
      <line num="285" count="4" type="cond" truecount="1" falsecount="1"/>
      <line num="286" count="0" type="stmt"/>
      <line num="290" count="4" type="stmt"/>
      <line num="291" count="15" type="cond" truecount="1" falsecount="1"/>
      <line num="292" count="0" type="stmt"/>
      <line num="299" count="4" type="stmt"/>
      <line num="300" count="20" type="stmt"/>
      <line num="301" count="4" type="stmt"/>
      <line num="302" count="4" type="stmt"/>
      <line num="303" count="4" type="cond" truecount="5" falsecount="0"/>
      <line num="304" count="1" type="stmt"/>
      <line num="307" count="4" type="stmt"/>
      <line num="311" count="11" type="cond" truecount="1" falsecount="1"/>
      <line num="314" count="44" type="cond" truecount="2" falsecount="0"/>
      <line num="315" count="1" type="stmt"/>
      <line num="318" count="40" type="cond" truecount="1" falsecount="1"/>
      <line num="319" count="10" type="stmt"/>
      <line num="321" count="10" type="cond" truecount="2" falsecount="0"/>
      <line num="322" count="8" type="stmt"/>
      <line num="325" count="2" type="stmt"/>
      <line num="329" count="4" type="cond" truecount="1" falsecount="1"/>
      <line num="332" count="20" type="cond" truecount="2" falsecount="0"/>
      <line num="333" count="1" type="stmt"/>
      <line num="337" count="3" type="stmt"/>
      <line num="338" count="15" type="stmt"/>
      <line num="339" count="14" type="stmt"/>
      <line num="341" count="3" type="cond" truecount="1" falsecount="1"/>
      <line num="343" count="3" type="stmt"/>
      <line num="344" count="3" type="cond" truecount="2" falsecount="0"/>
      <line num="347" count="1" type="stmt"/>
      <line num="348" count="1" type="cond" truecount="1" falsecount="1"/>
      <line num="350" count="5" type="stmt"/>
      <line num="351" count="1" type="stmt"/>
      <line num="354" count="0" type="stmt"/>
      <line num="365" count="13" type="cond" truecount="3" falsecount="1"/>
      <line num="366" count="13" type="cond" truecount="3" falsecount="1"/>
      <line num="369" count="13" type="cond" truecount="4" falsecount="0"/>
      <line num="371" count="5" type="cond" truecount="4" falsecount="0"/>
      <line num="372" count="4" type="cond" truecount="3" falsecount="1"/>
      <line num="375" count="4" type="cond" truecount="4" falsecount="0"/>
      <line num="376" count="2" type="stmt"/>
      <line num="380" count="2" type="cond" truecount="3" falsecount="1"/>
      <line num="382" count="2" type="cond" truecount="2" falsecount="0"/>
      <line num="383" count="1" type="cond" truecount="1" falsecount="1"/>
      <line num="385" count="1" type="cond" truecount="1" falsecount="1"/>
      <line num="386" count="0" type="stmt"/>
      <line num="387" count="1" type="cond" truecount="1" falsecount="1"/>
      <line num="388" count="0" type="stmt"/>
      <line num="389" count="1" type="cond" truecount="1" falsecount="3"/>
      <line num="394" count="8" type="cond" truecount="1" falsecount="1"/>
      <line num="395" count="0" type="stmt"/>
      <line num="399" count="8" type="cond" truecount="3" falsecount="4"/>
      <line num="401" count="6" type="stmt"/>
      <line num="404" count="2" type="stmt"/>
      <line num="407" count="0" type="cond" truecount="0" falsecount="2"/>
      <line num="409" count="0" type="cond" truecount="0" falsecount="2"/>
      <line num="410" count="0" type="cond" truecount="0" falsecount="2"/>
      <line num="411" count="0" type="cond" truecount="0" falsecount="4"/>
      <line num="414" count="0" type="cond" truecount="0" falsecount="2"/>
      <line num="416" count="0" type="cond" truecount="0" falsecount="2"/>
      <line num="417" count="0" type="cond" truecount="0" falsecount="2"/>
      <line num="418" count="0" type="cond" truecount="0" falsecount="4"/>
      <line num="421" count="0" type="stmt"/>
      <line num="423" count="0" type="stmt"/>
      <line num="431" count="6" type="cond" truecount="1" falsecount="1"/>
      <line num="433" count="0" type="cond" truecount="0" falsecount="2"/>
      <line num="435" count="6" type="cond" truecount="1" falsecount="1"/>
      <line num="438" count="6" type="cond" truecount="1" falsecount="1"/>
      <line num="439" count="0" type="cond" truecount="0" falsecount="2"/>
      <line num="441" count="6" type="cond" truecount="1" falsecount="1"/>
      <line num="444" count="6" type="cond" truecount="1" falsecount="3"/>
      <line num="448" count="0" type="stmt"/>
      <line num="450" count="0" type="cond" truecount="0" falsecount="2"/>
      <line num="461" count="2" type="cond" truecount="2" falsecount="0"/>
      <line num="462" count="1" type="stmt"/>
      <line num="466" count="1" type="stmt"/>
      <line num="467" count="1" type="stmt"/>
      <line num="468" count="1" type="stmt"/>
      <line num="469" count="1" type="cond" truecount="1" falsecount="1"/>
      <line num="471" count="0" type="cond" truecount="0" falsecount="2"/>
      <line num="472" count="0" type="stmt"/>
      <line num="474" count="1" type="cond" truecount="1" falsecount="1"/>
      <line num="476" count="0" type="stmt"/>
      <line num="478" count="1" type="cond" truecount="1" falsecount="1"/>
      <line num="479" count="1" type="stmt"/>
      <line num="486" count="1" type="cond" truecount="1" falsecount="1"/>
      <line num="487" count="0" type="stmt"/>
      <line num="490" count="1" type="stmt"/>
      <line num="494" count="4" type="cond" truecount="1" falsecount="1"/>
      <line num="495" count="4" type="cond" truecount="1" falsecount="1"/>
      <line num="496" count="4" type="cond" truecount="3" falsecount="1"/>
      <line num="504" count="0" type="stmt"/>
      <line num="505" count="0" type="stmt"/>
      <line num="506" count="0" type="cond" truecount="0" falsecount="4"/>
      <line num="507" count="0" type="stmt"/>
      <line num="508" count="0" type="cond" truecount="0" falsecount="2"/>
      <line num="509" count="0" type="stmt"/>
      <line num="510" count="0" type="stmt"/>
      <line num="512" count="0" type="cond" truecount="0" falsecount="5"/>
      <line num="513" count="0" type="stmt"/>
      <line num="515" count="0" type="stmt"/>
      <line num="519" count="7" type="stmt"/>
    </file>
    <file name="deck.js" path="/Users/dylansalmo/Desktop/Tichu/backend/game/deck.js">
      <metrics statements="43" coveredstatements="39" conditionals="20" coveredconditionals="16" methods="11" coveredmethods="9"/>
      <line num="6" count="8" type="stmt"/>
      <line num="7" count="8" type="stmt"/>
      <line num="8" count="8" type="stmt"/>
      <line num="14" count="11" type="stmt"/>
      <line num="15" count="11" type="stmt"/>
      <line num="16" count="44" type="stmt"/>
      <line num="17" count="572" type="stmt"/>
      <line num="25" count="11" type="stmt"/>
      <line num="32" count="11" type="stmt"/>
      <line num="44" count="11" type="stmt"/>
      <line num="45" count="11" type="stmt"/>
      <line num="46" count="11" type="stmt"/>
      <line num="53" count="7" type="stmt"/>
      <line num="54" count="7" type="stmt"/>
      <line num="55" count="385" type="stmt"/>
      <line num="56" count="385" type="stmt"/>
      <line num="58" count="7" type="stmt"/>
      <line num="65" count="651" type="stmt"/>
      <line num="69" count="651" type="cond" truecount="2" falsecount="0"/>
      <line num="76" count="18" type="cond" truecount="2" falsecount="0"/>
      <line num="77" count="7" type="cond" truecount="2" falsecount="0"/>
      <line num="78" count="3" type="cond" truecount="2" falsecount="0"/>
      <line num="79" count="2" type="stmt"/>
      <line num="82" count="11" type="cond" truecount="2" falsecount="0"/>
      <line num="83" count="9" type="cond" truecount="4" falsecount="0"/>
      <line num="84" count="5" type="stmt"/>
      <line num="94" count="12" type="stmt"/>
      <line num="95" count="12" type="stmt"/>
      <line num="96" count="3" type="stmt"/>
      <line num="99" count="3" type="stmt"/>
      <line num="100" count="24" type="stmt"/>
      <line num="101" count="96" type="cond" truecount="1" falsecount="1"/>
      <line num="102" count="96" type="stmt"/>
      <line num="108" count="3" type="stmt"/>
      <line num="109" count="18" type="stmt"/>
      <line num="110" count="72" type="cond" truecount="1" falsecount="1"/>
      <line num="111" count="72" type="stmt"/>
      <line num="116" count="3" type="stmt"/>
      <line num="130" count="0" type="stmt"/>
      <line num="132" count="0" type="stmt"/>
      <line num="133" count="0" type="stmt"/>
      <line num="135" count="0" type="stmt"/>
      <line num="141" count="8" type="stmt"/>
    </file>
    <file name="declarations.js" path="/Users/dylansalmo/Desktop/Tichu/backend/game/declarations.js">
      <metrics statements="25" coveredstatements="25" conditionals="14" coveredconditionals="14" methods="3" coveredmethods="3"/>
      <line num="10" count="4" type="cond" truecount="2" falsecount="0"/>
      <line num="11" count="1" type="stmt"/>
      <line num="15" count="3" type="cond" truecount="2" falsecount="0"/>
      <line num="16" count="1" type="stmt"/>
      <line num="19" count="2" type="stmt"/>
      <line num="21" count="2" type="stmt"/>
      <line num="22" count="2" type="stmt"/>
      <line num="24" count="2" type="stmt"/>
      <line num="31" count="4" type="cond" truecount="2" falsecount="0"/>
      <line num="32" count="1" type="stmt"/>
      <line num="35" count="3" type="cond" truecount="2" falsecount="0"/>
      <line num="36" count="1" type="stmt"/>
      <line num="40" count="2" type="stmt"/>
      <line num="41" count="2" type="stmt"/>
      <line num="43" count="2" type="stmt"/>
      <line num="51" count="4" type="cond" truecount="2" falsecount="0"/>
      <line num="52" count="1" type="stmt"/>
      <line num="56" count="3" type="cond" truecount="2" falsecount="0"/>
      <line num="57" count="1" type="stmt"/>
      <line num="61" count="2" type="stmt"/>
      <line num="62" count="2" type="cond" truecount="2" falsecount="0"/>
      <line num="63" count="1" type="stmt"/>
      <line num="66" count="1" type="stmt"/>
      <line num="67" count="1" type="stmt"/>
      <line num="70" count="1" type="stmt"/>
    </file>
    <file name="exchange.js" path="/Users/dylansalmo/Desktop/Tichu/backend/game/exchange.js">
      <metrics statements="60" coveredstatements="57" conditionals="44" coveredconditionals="36" methods="10" coveredmethods="10"/>
      <line num="12" count="11" type="cond" truecount="1" falsecount="1"/>
      <line num="13" count="26" type="cond" truecount="2" falsecount="0"/>
      <line num="14" count="11" type="cond" truecount="3" falsecount="1"/>
      <line num="15" count="11" type="stmt"/>
      <line num="16" count="11" type="stmt"/>
      <line num="29" count="5" type="cond" truecount="2" falsecount="0"/>
      <line num="30" count="1" type="stmt"/>
      <line num="33" count="4" type="cond" truecount="2" falsecount="0"/>
      <line num="34" count="2" type="stmt"/>
      <line num="37" count="2" type="stmt"/>
      <line num="38" count="2" type="cond" truecount="1" falsecount="1"/>
      <line num="39" count="0" type="stmt"/>
      <line num="43" count="2" type="stmt"/>
      <line num="44" count="2" type="stmt"/>
      <line num="45" count="4" type="stmt"/>
      <line num="46" count="11" type="cond" truecount="2" falsecount="0"/>
      <line num="49" count="4" type="cond" truecount="2" falsecount="0"/>
      <line num="50" count="1" type="stmt"/>
      <line num="55" count="1" type="stmt"/>
      <line num="57" count="1" type="stmt"/>
      <line num="65" count="3" type="stmt"/>
      <line num="66" count="3" type="stmt"/>
      <line num="68" count="3" type="stmt"/>
      <line num="69" count="10" type="stmt"/>
      <line num="70" count="10" type="cond" truecount="4" falsecount="0"/>
      <line num="71" count="1" type="stmt"/>
      <line num="73" count="9" type="stmt"/>
      <line num="76" count="2" type="stmt"/>
      <line num="77" count="8" type="stmt"/>
      <line num="78" count="8" type="stmt"/>
      <line num="79" count="8" type="cond" truecount="1" falsecount="1"/>
      <line num="80" count="0" type="stmt"/>
      <line num="82" count="8" type="stmt"/>
      <line num="83" count="24" type="stmt"/>
      <line num="84" count="24" type="stmt"/>
      <line num="85" count="24" type="stmt"/>
      <line num="86" count="27" type="cond" truecount="2" falsecount="0"/>
      <line num="89" count="24" type="cond" truecount="1" falsecount="1"/>
      <line num="90" count="24" type="stmt"/>
      <line num="91" count="24" type="stmt"/>
      <line num="97" count="2" type="stmt"/>
      <line num="98" count="2" type="stmt"/>
      <line num="101" count="2" type="stmt"/>
      <line num="102" count="2" type="stmt"/>
      <line num="103" count="6" type="cond" truecount="1" falsecount="1"/>
      <line num="104" count="29" type="cond" truecount="2" falsecount="0"/>
      <line num="105" count="1" type="stmt"/>
      <line num="106" count="1" type="stmt"/>
      <line num="111" count="2" type="cond" truecount="2" falsecount="0"/>
      <line num="112" count="1" type="stmt"/>
      <line num="113" count="1" type="stmt"/>
      <line num="114" count="1" type="cond" truecount="1" falsecount="1"/>
      <line num="115" count="0" type="stmt"/>
      <line num="120" count="2" type="stmt"/>
      <line num="121" count="3" type="stmt"/>
      <line num="122" count="2" type="stmt"/>
      <line num="126" count="2" type="stmt"/>
      <line num="128" count="2" type="stmt"/>
      <line num="130" count="2" type="stmt"/>
      <line num="133" count="1" type="stmt"/>
    </file>
    <file name="gameState.js" path="/Users/dylansalmo/Desktop/Tichu/backend/game/gameState.js">
      <metrics statements="7" coveredstatements="0" conditionals="0" coveredconditionals="0" methods="0" coveredmethods="0"/>
      <line num="9" count="0" type="stmt"/>
      <line num="10" count="0" type="stmt"/>
      <line num="11" count="0" type="stmt"/>
      <line num="12" count="0" type="stmt"/>
      <line num="13" count="0" type="stmt"/>
      <line num="14" count="0" type="stmt"/>
      <line num="16" count="0" type="stmt"/>
    </file>
    <file name="initialization.js" path="/Users/dylansalmo/Desktop/Tichu/backend/game/initialization.js">
      <metrics statements="45" coveredstatements="2" conditionals="4" coveredconditionals="0" methods="5" coveredmethods="0"/>
      <line num="6" count="5" type="stmt"/>
      <line num="13" count="0" type="stmt"/>
      <line num="14" count="0" type="stmt"/>
      <line num="17" count="0" type="stmt"/>
      <line num="18" count="0" type="stmt"/>
      <line num="19" count="0" type="stmt"/>
      <line num="21" count="0" type="stmt"/>
      <line num="22" count="0" type="stmt"/>
      <line num="23" count="0" type="stmt"/>
      <line num="24" count="0" type="stmt"/>
      <line num="29" count="0" type="stmt"/>
      <line num="30" count="0" type="stmt"/>
      <line num="31" count="0" type="stmt"/>
      <line num="32" count="0" type="cond" truecount="0" falsecount="2"/>
      <line num="33" count="0" type="stmt"/>
      <line num="34" count="0" type="stmt"/>
      <line num="39" count="0" type="cond" truecount="0" falsecount="2"/>
      <line num="40" count="0" type="stmt"/>
      <line num="41" count="0" type="stmt"/>
      <line num="45" count="0" type="stmt"/>
      <line num="46" count="0" type="stmt"/>
      <line num="50" count="0" type="stmt"/>
      <line num="51" count="0" type="stmt"/>
      <line num="54" count="0" type="stmt"/>
      <line num="55" count="0" type="stmt"/>
      <line num="56" count="0" type="stmt"/>
      <line num="57" count="0" type="stmt"/>
      <line num="58" count="0" type="stmt"/>
      <line num="59" count="0" type="stmt"/>
      <line num="60" count="0" type="stmt"/>
      <line num="61" count="0" type="stmt"/>
      <line num="62" count="0" type="stmt"/>
      <line num="63" count="0" type="stmt"/>
      <line num="64" count="0" type="stmt"/>
      <line num="65" count="0" type="stmt"/>
      <line num="66" count="0" type="stmt"/>
      <line num="67" count="0" type="stmt"/>
      <line num="68" count="0" type="stmt"/>
      <line num="69" count="0" type="stmt"/>
      <line num="71" count="0" type="stmt"/>
      <line num="72" count="0" type="stmt"/>
      <line num="73" count="0" type="stmt"/>
      <line num="77" count="0" type="stmt"/>
      <line num="79" count="0" type="stmt"/>
      <line num="82" count="5" type="stmt"/>
    </file>
    <file name="moveHandler.js" path="/Users/dylansalmo/Desktop/Tichu/backend/game/moveHandler.js">
      <metrics statements="202" coveredstatements="157" conditionals="214" coveredconditionals="160" methods="23" coveredmethods="22"/>
      <line num="6" count="5" type="stmt"/>
      <line num="7" count="5" type="stmt"/>
      <line num="8" count="5" type="stmt"/>
      <line num="9" count="5" type="stmt"/>
      <line num="10" count="5" type="stmt"/>
      <line num="21" count="44" type="cond" truecount="1" falsecount="1"/>
      <line num="22" count="0" type="stmt"/>
      <line num="26" count="44" type="cond" truecount="2" falsecount="0"/>
      <line num="28" count="14" type="stmt"/>
      <line num="29" count="14" type="cond" truecount="1" falsecount="1"/>
      <line num="30" count="0" type="stmt"/>
      <line num="36" count="14" type="cond" truecount="2" falsecount="0"/>
      <line num="37" count="1" type="stmt"/>
      <line num="42" count="13" type="cond" truecount="1" falsecount="1"/>
      <line num="43" count="0" type="stmt"/>
      <line num="48" count="13" type="cond" truecount="2" falsecount="2"/>
      <line num="49" count="0" type="stmt"/>
      <line num="53" count="13" type="cond" truecount="2" falsecount="2"/>
      <line num="54" count="0" type="stmt"/>
      <line num="55" count="0" type="stmt"/>
      <line num="56" count="0" type="cond" truecount="0" falsecount="2"/>
      <line num="59" count="0" type="cond" truecount="0" falsecount="2"/>
      <line num="60" count="0" type="stmt"/>
      <line num="66" count="13" type="stmt"/>
      <line num="69" count="13" type="stmt"/>
      <line num="70" count="13" type="cond" truecount="1" falsecount="1"/>
      <line num="71" count="0" type="stmt"/>
      <line num="75" count="13" type="stmt"/>
      <line num="76" count="13" type="cond" truecount="1" falsecount="1"/>
      <line num="77" count="0" type="stmt"/>
      <line num="81" count="13" type="stmt"/>
      <line num="82" count="52" type="cond" truecount="4" falsecount="0"/>
      <line num="86" count="39" type="stmt"/>
      <line num="89" count="13" type="cond" truecount="2" falsecount="0"/>
      <line num="91" count="35" type="cond" truecount="2" falsecount="0"/>
      <line num="92" count="19" type="stmt"/>
      <line num="97" count="13" type="stmt"/>
      <line num="98" count="13" type="stmt"/>
      <line num="99" count="13" type="stmt"/>
      <line num="100" count="13" type="stmt"/>
      <line num="101" count="13" type="stmt"/>
      <line num="105" count="13" type="stmt"/>
      <line num="106" count="13" type="cond" truecount="3" falsecount="1"/>
      <line num="108" count="13" type="stmt"/>
      <line num="109" count="13" type="stmt"/>
      <line num="110" count="39" type="stmt"/>
      <line num="111" count="39" type="stmt"/>
      <line num="112" count="39" type="cond" truecount="3" falsecount="1"/>
      <line num="113" count="39" type="stmt"/>
      <line num="118" count="13" type="cond" truecount="2" falsecount="0"/>
      <line num="120" count="35" type="cond" truecount="2" falsecount="0"/>
      <line num="121" count="19" type="stmt"/>
      <line num="125" count="13" type="stmt"/>
      <line num="126" count="13" type="stmt"/>
      <line num="127" count="13" type="cond" truecount="2" falsecount="0"/>
      <line num="129" count="13" type="cond" truecount="2" falsecount="1"/>
      <line num="133" count="13" type="cond" truecount="5" falsecount="0"/>
      <line num="134" count="4" type="stmt"/>
      <line num="135" count="4" type="cond" truecount="1" falsecount="1"/>
      <line num="136" count="4" type="stmt"/>
      <line num="137" count="4" type="stmt"/>
      <line num="140" count="0" type="stmt"/>
      <line num="141" count="0" type="stmt"/>
      <line num="145" count="9" type="stmt"/>
      <line num="149" count="30" type="stmt"/>
      <line num="150" count="30" type="cond" truecount="1" falsecount="1"/>
      <line num="151" count="0" type="cond" truecount="0" falsecount="2"/>
      <line num="155" count="30" type="stmt"/>
      <line num="156" count="30" type="stmt"/>
      <line num="157" count="51" type="stmt"/>
      <line num="158" count="95" type="cond" truecount="2" falsecount="0"/>
      <line num="161" count="51" type="cond" truecount="2" falsecount="0"/>
      <line num="162" count="1" type="stmt"/>
      <line num="167" count="29" type="stmt"/>
      <line num="168" count="29" type="cond" truecount="2" falsecount="0"/>
      <line num="170" count="7" type="stmt"/>
      <line num="171" count="8" type="stmt"/>
      <line num="174" count="7" type="cond" truecount="2" falsecount="0"/>
      <line num="175" count="1" type="stmt"/>
      <line num="180" count="6" type="cond" truecount="2" falsecount="0"/>
      <line num="181" count="4" type="stmt"/>
      <line num="182" count="4" type="cond" truecount="4" falsecount="0"/>
      <line num="183" count="1" type="stmt"/>
      <line num="184" count="1" type="stmt"/>
      <line num="186" count="1" type="cond" truecount="3" falsecount="1"/>
      <line num="188" count="0" type="cond" truecount="0" falsecount="2"/>
      <line num="189" count="0" type="stmt"/>
      <line num="190" count="0" type="cond" truecount="0" falsecount="2"/>
      <line num="191" count="0" type="stmt"/>
      <line num="193" count="0" type="stmt"/>
      <line num="201" count="6" type="stmt"/>
      <line num="202" count="24" type="stmt"/>
      <line num="203" count="33" type="cond" truecount="2" falsecount="0"/>
      <line num="206" count="24" type="cond" truecount="1" falsecount="1"/>
      <line num="207" count="24" type="stmt"/>
      <line num="213" count="6" type="stmt"/>
      <line num="220" count="6" type="stmt"/>
      <line num="223" count="6" type="stmt"/>
      <line num="227" count="14" type="stmt"/>
      <line num="228" count="6" type="cond" truecount="1" falsecount="1"/>
      <line num="229" count="6" type="stmt"/>
      <line num="235" count="6" type="stmt"/>
      <line num="239" count="6" type="cond" truecount="1" falsecount="1"/>
      <line num="240" count="6" type="stmt"/>
      <line num="244" count="6" type="cond" truecount="1" falsecount="1"/>
      <line num="246" count="6" type="stmt"/>
      <line num="247" count="6" type="cond" truecount="1" falsecount="1"/>
      <line num="250" count="6" type="stmt"/>
      <line num="251" count="6" type="stmt"/>
      <line num="252" count="6" type="stmt"/>
      <line num="254" count="0" type="stmt"/>
      <line num="259" count="0" type="stmt"/>
      <line num="260" count="0" type="stmt"/>
      <line num="262" count="0" type="stmt"/>
      <line num="266" count="22" type="stmt"/>
      <line num="267" count="22" type="cond" truecount="1" falsecount="1"/>
      <line num="268" count="0" type="stmt"/>
      <line num="272" count="22" type="cond" truecount="5" falsecount="0"/>
      <line num="273" count="33" type="stmt"/>
      <line num="274" count="18" type="cond" truecount="2" falsecount="0"/>
      <line num="275" count="2" type="stmt"/>
      <line num="276" count="2" type="cond" truecount="1" falsecount="1"/>
      <line num="277" count="0" type="stmt"/>
      <line num="286" count="22" type="cond" truecount="2" falsecount="0"/>
      <line num="287" count="4" type="stmt"/>
      <line num="288" count="22" type="stmt"/>
      <line num="290" count="22" type="cond" truecount="6" falsecount="0"/>
      <line num="291" count="3" type="stmt"/>
      <line num="292" count="3" type="cond" truecount="1" falsecount="1"/>
      <line num="294" count="3" type="cond" truecount="1" falsecount="1"/>
      <line num="295" count="0" type="stmt"/>
      <line num="299" count="3" type="cond" truecount="2" falsecount="2"/>
      <line num="300" count="0" type="stmt"/>
      <line num="303" count="3" type="stmt"/>
      <line num="305" count="3" type="cond" truecount="3" falsecount="1"/>
      <line num="306" count="0" type="stmt"/>
      <line num="308" count="19" type="cond" truecount="2" falsecount="0"/>
      <line num="310" count="18" type="cond" truecount="4" falsecount="0"/>
      <line num="311" count="1" type="stmt"/>
      <line num="312" count="1" type="stmt"/>
      <line num="313" count="1" type="cond" truecount="2" falsecount="0"/>
      <line num="316" count="1" type="cond" truecount="1" falsecount="1"/>
      <line num="318" count="1" type="cond" truecount="4" falsecount="1"/>
      <line num="320" count="0" type="stmt"/>
      <line num="324" count="0" type="cond" truecount="0" falsecount="2"/>
      <line num="325" count="0" type="stmt"/>
      <line num="328" count="17" type="cond" truecount="1" falsecount="1"/>
      <line num="335" count="22" type="stmt"/>
      <line num="336" count="22" type="cond" truecount="5" falsecount="0"/>
      <line num="338" count="2" type="cond" truecount="1" falsecount="1"/>
      <line num="339" count="0" type="stmt"/>
      <line num="343" count="2" type="stmt"/>
      <line num="344" count="2" type="cond" truecount="1" falsecount="1"/>
      <line num="345" count="0" type="stmt"/>
      <line num="349" count="2" type="stmt"/>
      <line num="354" count="2" type="stmt"/>
      <line num="355" count="20" type="cond" truecount="2" falsecount="2"/>
      <line num="357" count="0" type="stmt"/>
      <line num="358" count="0" type="stmt"/>
      <line num="362" count="22" type="cond" truecount="3" falsecount="1"/>
      <line num="363" count="0" type="stmt"/>
      <line num="365" count="0" type="stmt"/>
      <line num="367" count="0" type="stmt"/>
      <line num="371" count="22" type="stmt"/>
      <line num="372" count="22" type="cond" truecount="1" falsecount="1"/>
      <line num="373" count="0" type="stmt"/>
      <line num="377" count="22" type="cond" truecount="2" falsecount="0"/>
      <line num="380" count="22" type="stmt"/>
      <line num="381" count="22" type="stmt"/>
      <line num="382" count="24" type="cond" truecount="2" falsecount="0"/>
      <line num="385" count="22" type="cond" truecount="1" falsecount="1"/>
      <line num="386" count="22" type="stmt"/>
      <line num="391" count="22" type="cond" truecount="2" falsecount="0"/>
      <line num="392" count="21" type="stmt"/>
      <line num="396" count="22" type="stmt"/>
      <line num="405" count="22" type="cond" truecount="4" falsecount="0"/>
      <line num="407" count="3" type="cond" truecount="5" falsecount="0"/>
      <line num="410" count="1" type="stmt"/>
      <line num="416" count="22" type="cond" truecount="2" falsecount="0"/>
      <line num="418" count="8" type="cond" truecount="1" falsecount="1"/>
      <line num="420" count="0" type="stmt"/>
      <line num="421" count="0" type="stmt"/>
      <line num="422" count="0" type="stmt"/>
      <line num="425" count="8" type="stmt"/>
      <line num="426" count="8" type="cond" truecount="1" falsecount="1"/>
      <line num="427" count="8" type="stmt"/>
      <line num="428" count="8" type="stmt"/>
      <line num="430" count="0" type="stmt"/>
      <line num="436" count="14" type="stmt"/>
      <line num="437" count="56" type="cond" truecount="4" falsecount="0"/>
      <line num="441" count="41" type="stmt"/>
      <line num="445" count="14" type="cond" truecount="3" falsecount="1"/>
      <line num="446" count="14" type="stmt"/>
      <line num="448" count="0" type="stmt"/>
      <line num="449" count="0" type="stmt"/>
      <line num="453" count="14" type="stmt"/>
      <line num="456" count="14" type="cond" truecount="2" falsecount="0"/>
      <line num="457" count="1" type="stmt"/>
      <line num="463" count="14" type="cond" truecount="2" falsecount="0"/>
      <line num="464" count="11" type="stmt"/>
      <line num="471" count="14" type="stmt"/>
      <line num="474" count="5" type="stmt"/>
    </file>
    <file name="playerView.js" path="/Users/dylansalmo/Desktop/Tichu/backend/game/playerView.js">
      <metrics statements="12" coveredstatements="0" conditionals="6" coveredconditionals="0" methods="2" coveredmethods="0"/>
      <line num="6" count="0" type="stmt"/>
      <line num="12" count="0" type="stmt"/>
      <line num="15" count="0" type="stmt"/>
      <line num="16" count="0" type="stmt"/>
      <line num="19" count="0" type="stmt"/>
      <line num="20" count="0" type="stmt"/>
      <line num="21" count="0" type="cond" truecount="0" falsecount="2"/>
      <line num="22" count="0" type="cond" truecount="0" falsecount="2"/>
      <line num="27" count="0" type="cond" truecount="0" falsecount="2"/>
      <line num="28" count="0" type="stmt"/>
      <line num="31" count="0" type="stmt"/>
      <line num="34" count="0" type="stmt"/>
    </file>
    <file name="scoring.js" path="/Users/dylansalmo/Desktop/Tichu/backend/game/scoring.js">
      <metrics statements="80" coveredstatements="66" conditionals="79" coveredconditionals="49" methods="7" coveredmethods="7"/>
      <line num="6" count="6" type="stmt"/>
      <line num="12" count="39" type="stmt"/>
      <line num="15" count="19" type="cond" truecount="2" falsecount="0"/>
      <line num="16" count="18" type="stmt"/>
      <line num="20" count="19" type="cond" truecount="2" falsecount="0"/>
      <line num="21" count="2" type="stmt"/>
      <line num="22" count="5" type="stmt"/>
      <line num="24" count="2" type="cond" truecount="5" falsecount="0"/>
      <line num="27" count="4" type="stmt"/>
      <line num="28" count="1" type="stmt"/>
      <line num="29" count="2" type="cond" truecount="1" falsecount="1"/>
      <line num="30" count="2" type="stmt"/>
      <line num="33" count="2" type="cond" truecount="1" falsecount="1"/>
      <line num="34" count="2" type="cond" truecount="1" falsecount="1"/>
      <line num="35" count="0" type="stmt"/>
      <line num="37" count="2" type="stmt"/>
      <line num="41" count="1" type="stmt"/>
      <line num="44" count="1" type="stmt"/>
      <line num="47" count="1" type="stmt"/>
      <line num="49" count="4" type="cond" truecount="2" falsecount="2"/>
      <line num="50" count="0" type="stmt"/>
      <line num="52" count="4" type="cond" truecount="2" falsecount="2"/>
      <line num="53" count="0" type="stmt"/>
      <line num="56" count="4" type="cond" truecount="2" falsecount="2"/>
      <line num="57" count="0" type="stmt"/>
      <line num="59" count="4" type="cond" truecount="2" falsecount="2"/>
      <line num="60" count="0" type="stmt"/>
      <line num="64" count="1" type="stmt"/>
      <line num="65" count="1" type="stmt"/>
      <line num="68" count="1" type="stmt"/>
      <line num="69" count="1" type="stmt"/>
      <line num="72" count="1" type="cond" truecount="3" falsecount="1"/>
      <line num="73" count="0" type="stmt"/>
      <line num="74" count="0" type="cond" truecount="0" falsecount="2"/>
      <line num="77" count="1" type="stmt"/>
      <line num="80" count="1" type="stmt"/>
      <line num="85" count="72" type="stmt"/>
      <line num="87" count="18" type="cond" truecount="2" falsecount="0"/>
      <line num="89" count="4" type="stmt"/>
      <line num="90" count="4" type="cond" truecount="1" falsecount="1"/>
      <line num="91" count="4" type="stmt"/>
      <line num="95" count="4" type="cond" truecount="1" falsecount="1"/>
      <line num="96" count="4" type="cond" truecount="1" falsecount="1"/>
      <line num="97" count="0" type="stmt"/>
      <line num="99" count="4" type="stmt"/>
      <line num="102" count="4" type="stmt"/>
      <line num="103" count="4" type="stmt"/>
      <line num="107" count="18" type="cond" truecount="2" falsecount="0"/>
      <line num="108" count="14" type="stmt"/>
      <line num="116" count="4" type="cond" truecount="1" falsecount="1"/>
      <line num="117" count="4" type="stmt"/>
      <line num="118" count="4" type="stmt"/>
      <line num="120" count="4" type="cond" truecount="1" falsecount="1"/>
      <line num="121" count="4" type="cond" truecount="1" falsecount="1"/>
      <line num="123" count="4" type="cond" truecount="1" falsecount="1"/>
      <line num="124" count="0" type="stmt"/>
      <line num="126" count="4" type="stmt"/>
      <line num="127" count="4" type="stmt"/>
      <line num="132" count="4" type="stmt"/>
      <line num="133" count="4" type="stmt"/>
      <line num="134" count="16" type="stmt"/>
      <line num="135" count="16" type="cond" truecount="1" falsecount="1"/>
      <line num="136" count="16" type="stmt"/>
      <line num="141" count="4" type="stmt"/>
      <line num="143" count="16" type="cond" truecount="4" falsecount="0"/>
      <line num="144" count="2" type="stmt"/>
      <line num="146" count="16" type="cond" truecount="2" falsecount="2"/>
      <line num="147" count="0" type="stmt"/>
      <line num="151" count="16" type="cond" truecount="3" falsecount="1"/>
      <line num="152" count="0" type="stmt"/>
      <line num="154" count="16" type="cond" truecount="2" falsecount="2"/>
      <line num="155" count="0" type="stmt"/>
      <line num="160" count="4" type="stmt"/>
      <line num="161" count="4" type="stmt"/>
      <line num="164" count="4" type="cond" truecount="3" falsecount="1"/>
      <line num="165" count="0" type="stmt"/>
      <line num="166" count="0" type="cond" truecount="0" falsecount="2"/>
      <line num="169" count="4" type="stmt"/>
      <line num="172" count="4" type="stmt"/>
      <line num="175" count="6" type="stmt"/>
    </file>
    <file name="specialCards.js" path="/Users/dylansalmo/Desktop/Tichu/backend/game/specialCards.js">
      <metrics statements="31" coveredstatements="27" conditionals="26" coveredconditionals="22" methods="6" coveredmethods="6"/>
      <line num="6" count="6" type="stmt"/>
      <line num="13" count="27" type="stmt"/>
      <line num="14" count="27" type="cond" truecount="2" falsecount="0"/>
      <line num="15" count="8" type="cond" truecount="2" falsecount="0"/>
      <line num="16" count="1" type="stmt"/>
      <line num="19" count="7" type="stmt"/>
      <line num="20" count="7" type="cond" truecount="1" falsecount="1"/>
      <line num="21" count="0" type="stmt"/>
      <line num="24" count="14" type="cond" truecount="2" falsecount="0"/>
      <line num="26" count="7" type="stmt"/>
      <line num="28" count="7" type="cond" truecount="1" falsecount="1"/>
      <line num="30" count="7" type="cond" truecount="2" falsecount="0"/>
      <line num="31" count="7" type="cond" truecount="2" falsecount="0"/>
      <line num="33" count="7" type="cond" truecount="4" falsecount="0"/>
      <line num="35" count="6" type="stmt"/>
      <line num="38" count="1" type="stmt"/>
      <line num="43" count="0" type="stmt"/>
      <line num="47" count="7" type="cond" truecount="1" falsecount="1"/>
      <line num="48" count="7" type="stmt"/>
      <line num="49" count="7" type="stmt"/>
      <line num="50" count="15" type="stmt"/>
      <line num="51" count="7" type="cond" truecount="1" falsecount="1"/>
      <line num="52" count="7" type="stmt"/>
      <line num="55" count="0" type="stmt"/>
      <line num="59" count="0" type="stmt"/>
      <line num="62" count="7" type="stmt"/>
      <line num="66" count="19" type="stmt"/>
      <line num="67" count="19" type="cond" truecount="4" falsecount="0"/>
      <line num="69" count="4" type="stmt"/>
      <line num="72" count="19" type="stmt"/>
      <line num="75" count="6" type="stmt"/>
    </file>
    <file name="trickManager.js" path="/Users/dylansalmo/Desktop/Tichu/backend/game/trickManager.js">
      <metrics statements="84" coveredstatements="71" conditionals="56" coveredconditionals="36" methods="9" coveredmethods="9"/>
      <line num="6" count="5" type="stmt"/>
      <line num="7" count="5" type="stmt"/>
      <line num="8" count="5" type="stmt"/>
      <line num="17" count="12" type="cond" truecount="3" falsecount="1"/>
      <line num="19" count="12" type="stmt"/>
      <line num="21" count="12" type="stmt"/>
      <line num="22" count="3" type="stmt"/>
      <line num="23" count="3" type="stmt"/>
      <line num="25" count="3" type="cond" truecount="1" falsecount="1"/>
      <line num="26" count="3" type="stmt"/>
      <line num="30" count="12" type="stmt"/>
      <line num="38" count="10" type="stmt"/>
      <line num="39" count="10" type="stmt"/>
      <line num="40" count="10" type="stmt"/>
      <line num="44" count="14" type="stmt"/>
      <line num="45" count="10" type="cond" truecount="1" falsecount="1"/>
      <line num="46" count="10" type="stmt"/>
      <line num="47" count="10" type="cond" truecount="2" falsecount="0"/>
      <line num="48" count="10" type="cond" truecount="2" falsecount="0"/>
      <line num="50" count="10" type="cond" truecount="4" falsecount="0"/>
      <line num="52" count="9" type="stmt"/>
      <line num="56" count="1" type="stmt"/>
      <line num="57" count="1" type="cond" truecount="1" falsecount="1"/>
      <line num="58" count="1" type="stmt"/>
      <line num="59" count="2" type="stmt"/>
      <line num="60" count="1" type="cond" truecount="1" falsecount="1"/>
      <line num="61" count="1" type="stmt"/>
      <line num="68" count="0" type="stmt"/>
      <line num="69" count="0" type="stmt"/>
      <line num="70" count="0" type="cond" truecount="0" falsecount="2"/>
      <line num="71" count="0" type="cond" truecount="0" falsecount="2"/>
      <line num="72" count="0" type="cond" truecount="0" falsecount="4"/>
      <line num="73" count="0" type="stmt"/>
      <line num="74" count="0" type="stmt"/>
      <line num="75" count="0" type="stmt"/>
      <line num="88" count="15" type="stmt"/>
      <line num="91" count="11" type="stmt"/>
      <line num="92" count="11" type="stmt"/>
      <line num="93" count="11" type="stmt"/>
      <line num="94" count="9" type="stmt"/>
      <line num="95" count="9" type="stmt"/>
      <line num="96" count="9" type="stmt"/>
      <line num="102" count="11" type="stmt"/>
      <line num="103" count="11" type="cond" truecount="4" falsecount="0"/>
      <line num="106" count="4" type="stmt"/>
      <line num="117" count="7" type="stmt"/>
      <line num="122" count="11" type="cond" truecount="2" falsecount="0"/>
      <line num="123" count="7" type="cond" truecount="1" falsecount="1"/>
      <line num="124" count="0" type="stmt"/>
      <line num="126" count="7" type="stmt"/>
      <line num="127" count="7" type="stmt"/>
      <line num="131" count="11" type="stmt"/>
      <line num="141" count="11" type="stmt"/>
      <line num="149" count="11" type="cond" truecount="2" falsecount="0"/>
      <line num="151" count="4" type="stmt"/>
      <line num="152" count="4" type="stmt"/>
      <line num="155" count="4" type="stmt"/>
      <line num="158" count="7" type="stmt"/>
      <line num="160" count="7" type="stmt"/>
      <line num="162" count="7" type="stmt"/>
      <line num="170" count="2" type="cond" truecount="1" falsecount="1"/>
      <line num="171" count="0" type="stmt"/>
      <line num="175" count="2" type="cond" truecount="1" falsecount="1"/>
      <line num="176" count="0" type="stmt"/>
      <line num="180" count="2" type="stmt"/>
      <line num="181" count="5" type="stmt"/>
      <line num="183" count="2" type="cond" truecount="3" falsecount="1"/>
      <line num="184" count="0" type="stmt"/>
      <line num="187" count="2" type="cond" truecount="2" falsecount="0"/>
      <line num="188" count="1" type="stmt"/>
      <line num="192" count="1" type="stmt"/>
      <line num="194" count="1" type="cond" truecount="1" falsecount="1"/>
      <line num="195" count="0" type="stmt"/>
      <line num="197" count="1" type="stmt"/>
      <line num="198" count="1" type="stmt"/>
      <line num="201" count="1" type="cond" truecount="1" falsecount="1"/>
      <line num="202" count="1" type="stmt"/>
      <line num="203" count="1" type="cond" truecount="1" falsecount="1"/>
      <line num="204" count="1" type="stmt"/>
      <line num="209" count="1" type="stmt"/>
      <line num="210" count="1" type="stmt"/>
      <line num="213" count="1" type="stmt"/>
      <line num="215" count="1" type="stmt"/>
      <line num="218" count="5" type="stmt"/>
    </file>
    <file name="turnManagement.js" path="/Users/dylansalmo/Desktop/Tichu/backend/game/turnManagement.js">
      <metrics statements="46" coveredstatements="42" conditionals="51" coveredconditionals="41" methods="3" coveredmethods="3"/>
      <line num="11" count="45" type="stmt"/>
      <line num="13" count="45" type="stmt"/>
      <line num="14" count="45" type="stmt"/>
      <line num="15" count="45" type="stmt"/>
      <line num="17" count="45" type="stmt"/>
      <line num="18" count="57" type="stmt"/>
      <line num="19" count="57" type="cond" truecount="1" falsecount="1"/>
      <line num="21" count="0" type="stmt"/>
      <line num="24" count="57" type="stmt"/>
      <line num="25" count="57" type="cond" truecount="2" falsecount="0"/>
      <line num="26" count="57" type="cond" truecount="2" falsecount="0"/>
      <line num="28" count="57" type="cond" truecount="5" falsecount="0"/>
      <line num="29" count="44" type="stmt"/>
      <line num="31" count="13" type="stmt"/>
      <line num="32" count="13" type="stmt"/>
      <line num="38" count="45" type="cond" truecount="2" falsecount="0"/>
      <line num="39" count="1" type="stmt"/>
      <line num="40" count="1" type="cond" truecount="2" falsecount="0"/>
      <line num="41" count="1" type="cond" truecount="3" falsecount="0"/>
      <line num="42" count="1" type="cond" truecount="3" falsecount="0"/>
      <line num="45" count="1" type="cond" truecount="2" falsecount="3"/>
      <line num="46" count="1" type="stmt"/>
      <line num="47" count="4" type="stmt"/>
      <line num="48" count="4" type="cond" truecount="1" falsecount="4"/>
      <line num="51" count="4" type="cond" truecount="1" falsecount="1"/>
      <line num="52" count="0" type="stmt"/>
      <line num="53" count="0" type="stmt"/>
      <line num="65" count="8" type="stmt"/>
      <line num="66" count="15" type="stmt"/>
      <line num="68" count="8" type="cond" truecount="2" falsecount="0"/>
      <line num="70" count="1" type="stmt"/>
      <line num="71" count="1" type="stmt"/>
      <line num="72" count="1" type="cond" truecount="2" falsecount="0"/>
      <line num="73" count="1" type="cond" truecount="2" falsecount="0"/>
      <line num="75" count="1" type="cond" truecount="3" falsecount="1"/>
      <line num="76" count="1" type="stmt"/>
      <line num="79" count="0" type="stmt"/>
      <line num="83" count="7" type="stmt"/>
      <line num="84" count="12" type="stmt"/>
      <line num="85" count="12" type="stmt"/>
      <line num="86" count="12" type="cond" truecount="2" falsecount="0"/>
      <line num="87" count="12" type="cond" truecount="2" falsecount="0"/>
      <line num="89" count="12" type="cond" truecount="4" falsecount="0"/>
      <line num="90" count="6" type="stmt"/>
      <line num="93" count="1" type="stmt"/>
      <line num="96" count="7" type="stmt"/>
    </file>
  </project>
</coverage>
