{"/Users/dylansalmo/Desktop/Tichu/backend/game/combinations.js": {"path":"/Users/dylansalmo/Desktop/Tichu/backend/game/combinations.js","statementMap":{"0":{"start":{"line":6,"column":25},"end":{"line":6,"column":42}},"1":{"start":{"line":14,"column":2},"end":{"line":16,"column":3}},"2":{"start":{"line":15,"column":4},"end":{"line":15,"column":56}},"3":{"start":{"line":19,"column":2},"end":{"line":21,"column":3}},"4":{"start":{"line":20,"column":4},"end":{"line":20,"column":50}},"5":{"start":{"line":24,"column":2},"end":{"line":26,"column":3}},"6":{"start":{"line":25,"column":4},"end":{"line":25,"column":31}},"7":{"start":{"line":29,"column":2},"end":{"line":31,"column":3}},"8":{"start":{"line":30,"column":4},"end":{"line":30,"column":33}},"9":{"start":{"line":34,"column":2},"end":{"line":37,"column":3}},"10":{"start":{"line":35,"column":28},"end":{"line":35,"column":58}},"11":{"start":{"line":36,"column":4},"end":{"line":36,"column":54}},"12":{"start":{"line":36,"column":31},"end":{"line":36,"column":54}},"13":{"start":{"line":40,"column":2},"end":{"line":43,"column":3}},"14":{"start":{"line":41,"column":22},"end":{"line":41,"column":46}},"15":{"start":{"line":42,"column":4},"end":{"line":42,"column":42}},"16":{"start":{"line":42,"column":25},"end":{"line":42,"column":42}},"17":{"start":{"line":46,"column":2},"end":{"line":49,"column":3}},"18":{"start":{"line":47,"column":17},"end":{"line":47,"column":36}},"19":{"start":{"line":48,"column":4},"end":{"line":48,"column":32}},"20":{"start":{"line":48,"column":20},"end":{"line":48,"column":32}},"21":{"start":{"line":53,"column":2},"end":{"line":56,"column":3}},"22":{"start":{"line":54,"column":26},"end":{"line":54,"column":54}},"23":{"start":{"line":55,"column":4},"end":{"line":55,"column":50}},"24":{"start":{"line":55,"column":29},"end":{"line":55,"column":50}},"25":{"start":{"line":59,"column":2},"end":{"line":62,"column":3}},"26":{"start":{"line":60,"column":21},"end":{"line":60,"column":44}},"27":{"start":{"line":61,"column":4},"end":{"line":61,"column":40}},"28":{"start":{"line":61,"column":24},"end":{"line":61,"column":40}},"29":{"start":{"line":64,"column":2},"end":{"line":64,"column":56}},"30":{"start":{"line":68,"column":2},"end":{"line":68,"column":50}},"31":{"start":{"line":68,"column":26},"end":{"line":68,"column":50}},"32":{"start":{"line":70,"column":16},"end":{"line":70,"column":48}},"33":{"start":{"line":70,"column":31},"end":{"line":70,"column":47}},"34":{"start":{"line":71,"column":2},"end":{"line":73,"column":3}},"35":{"start":{"line":72,"column":4},"end":{"line":72,"column":64}},"36":{"start":{"line":76,"column":18},"end":{"line":76,"column":55}},"37":{"start":{"line":76,"column":34},"end":{"line":76,"column":54}},"38":{"start":{"line":77,"column":2},"end":{"line":80,"column":3}},"39":{"start":{"line":78,"column":22},"end":{"line":78,"column":59}},"40":{"start":{"line":78,"column":38},"end":{"line":78,"column":58}},"41":{"start":{"line":79,"column":4},"end":{"line":79,"column":106}},"42":{"start":{"line":82,"column":2},"end":{"line":82,"column":53}},"43":{"start":{"line":86,"column":2},"end":{"line":86,"column":50}},"44":{"start":{"line":86,"column":26},"end":{"line":86,"column":50}},"45":{"start":{"line":88,"column":16},"end":{"line":88,"column":77}},"46":{"start":{"line":88,"column":31},"end":{"line":88,"column":47}},"47":{"start":{"line":88,"column":61},"end":{"line":88,"column":76}},"48":{"start":{"line":89,"column":23},"end":{"line":89,"column":69}},"49":{"start":{"line":89,"column":41},"end":{"line":89,"column":61}},"50":{"start":{"line":91,"column":2},"end":{"line":91,"column":50}},"51":{"start":{"line":91,"column":26},"end":{"line":91,"column":50}},"52":{"start":{"line":94,"column":22},"end":{"line":94,"column":36}},"53":{"start":{"line":95,"column":2},"end":{"line":97,"column":3}},"54":{"start":{"line":96,"column":4},"end":{"line":96,"column":66}},"55":{"start":{"line":99,"column":2},"end":{"line":99,"column":55}},"56":{"start":{"line":110,"column":2},"end":{"line":112,"column":3}},"57":{"start":{"line":111,"column":4},"end":{"line":111,"column":28}},"58":{"start":{"line":114,"column":19},"end":{"line":114,"column":35}},"59":{"start":{"line":117,"column":21},"end":{"line":117,"column":23}},"60":{"start":{"line":118,"column":21},"end":{"line":118,"column":22}},"61":{"start":{"line":119,"column":2},"end":{"line":134,"column":5}},"62":{"start":{"line":120,"column":4},"end":{"line":122,"column":5}},"63":{"start":{"line":121,"column":6},"end":{"line":121,"column":13}},"64":{"start":{"line":124,"column":4},"end":{"line":127,"column":5}},"65":{"start":{"line":125,"column":6},"end":{"line":125,"column":21}},"66":{"start":{"line":126,"column":6},"end":{"line":126,"column":13}},"67":{"start":{"line":129,"column":17},"end":{"line":129,"column":26}},"68":{"start":{"line":130,"column":4},"end":{"line":132,"column":5}},"69":{"start":{"line":131,"column":6},"end":{"line":131,"column":28}},"70":{"start":{"line":133,"column":4},"end":{"line":133,"column":32}},"71":{"start":{"line":137,"column":16},"end":{"line":137,"column":39}},"72":{"start":{"line":138,"column":21},"end":{"line":138,"column":79}},"73":{"start":{"line":138,"column":37},"end":{"line":138,"column":77}},"74":{"start":{"line":145,"column":2},"end":{"line":149,"column":3}},"75":{"start":{"line":146,"column":4},"end":{"line":148,"column":5}},"76":{"start":{"line":147,"column":6},"end":{"line":147,"column":82}},"77":{"start":{"line":152,"column":30},"end":{"line":152,"column":76}},"78":{"start":{"line":152,"column":54},"end":{"line":152,"column":68}},"79":{"start":{"line":155,"column":2},"end":{"line":157,"column":3}},"80":{"start":{"line":156,"column":4},"end":{"line":156,"column":87}},"81":{"start":{"line":160,"column":21},"end":{"line":162,"column":26}},"82":{"start":{"line":161,"column":14},"end":{"line":161,"column":29}},"83":{"start":{"line":162,"column":20},"end":{"line":162,"column":25}},"84":{"start":{"line":166,"column":2},"end":{"line":168,"column":3}},"85":{"start":{"line":167,"column":4},"end":{"line":167,"column":28}},"86":{"start":{"line":171,"column":2},"end":{"line":177,"column":3}},"87":{"start":{"line":172,"column":4},"end":{"line":176,"column":5}},"88":{"start":{"line":172,"column":17},"end":{"line":172,"column":18}},"89":{"start":{"line":173,"column":6},"end":{"line":175,"column":7}},"90":{"start":{"line":174,"column":8},"end":{"line":174,"column":75}},"91":{"start":{"line":182,"column":17},"end":{"line":182,"column":40}},"92":{"start":{"line":183,"column":17},"end":{"line":183,"column":40}},"93":{"start":{"line":186,"column":33},"end":{"line":186,"column":91}},"94":{"start":{"line":186,"column":57},"end":{"line":186,"column":71}},"95":{"start":{"line":186,"column":83},"end":{"line":186,"column":90}},"96":{"start":{"line":189,"column":21},"end":{"line":189,"column":27}},"97":{"start":{"line":190,"column":20},"end":{"line":190,"column":90}},"98":{"start":{"line":190,"column":36},"end":{"line":190,"column":62}},"99":{"start":{"line":192,"column":2},"end":{"line":207,"column":3}},"100":{"start":{"line":195,"column":20},"end":{"line":195,"column":63}},"101":{"start":{"line":195,"column":36},"end":{"line":195,"column":62}},"102":{"start":{"line":196,"column":25},"end":{"line":196,"column":65}},"103":{"start":{"line":198,"column":4},"end":{"line":206,"column":5}},"104":{"start":{"line":200,"column":6},"end":{"line":200,"column":32}},"105":{"start":{"line":201,"column":6},"end":{"line":201,"column":28}},"106":{"start":{"line":205,"column":6},"end":{"line":205,"column":28}},"107":{"start":{"line":209,"column":2},"end":{"line":216,"column":4}},"108":{"start":{"line":220,"column":2},"end":{"line":220,"column":50}},"109":{"start":{"line":220,"column":26},"end":{"line":220,"column":50}},"110":{"start":{"line":222,"column":16},"end":{"line":222,"column":77}},"111":{"start":{"line":222,"column":31},"end":{"line":222,"column":47}},"112":{"start":{"line":222,"column":61},"end":{"line":222,"column":76}},"113":{"start":{"line":223,"column":23},"end":{"line":223,"column":69}},"114":{"start":{"line":223,"column":41},"end":{"line":223,"column":61}},"115":{"start":{"line":224,"column":21},"end":{"line":224,"column":23}},"116":{"start":{"line":226,"column":2},"end":{"line":228,"column":5}},"117":{"start":{"line":227,"column":4},"end":{"line":227,"column":51}},"118":{"start":{"line":230,"column":17},"end":{"line":230,"column":64}},"119":{"start":{"line":230,"column":58},"end":{"line":230,"column":63}},"120":{"start":{"line":234,"column":2},"end":{"line":251,"column":3}},"121":{"start":{"line":238,"column":21},"end":{"line":238,"column":25}},"122":{"start":{"line":239,"column":4},"end":{"line":244,"column":5}},"123":{"start":{"line":240,"column":6},"end":{"line":243,"column":7}},"124":{"start":{"line":241,"column":8},"end":{"line":241,"column":26}},"125":{"start":{"line":242,"column":8},"end":{"line":242,"column":14}},"126":{"start":{"line":246,"column":4},"end":{"line":249,"column":5}},"127":{"start":{"line":247,"column":24},"end":{"line":247,"column":93}},"128":{"start":{"line":247,"column":69},"end":{"line":247,"column":76}},"129":{"start":{"line":247,"column":91},"end":{"line":247,"column":92}},"130":{"start":{"line":248,"column":6},"end":{"line":248,"column":82}},"131":{"start":{"line":248,"column":44},"end":{"line":248,"column":77}},"132":{"start":{"line":250,"column":4},"end":{"line":250,"column":65}},"133":{"start":{"line":253,"column":2},"end":{"line":253,"column":26}},"134":{"start":{"line":257,"column":2},"end":{"line":257,"column":48}},"135":{"start":{"line":257,"column":24},"end":{"line":257,"column":48}},"136":{"start":{"line":260,"column":2},"end":{"line":262,"column":3}},"137":{"start":{"line":260,"column":22},"end":{"line":260,"column":41}},"138":{"start":{"line":261,"column":4},"end":{"line":261,"column":28}},"139":{"start":{"line":265,"column":24},"end":{"line":267,"column":3}},"140":{"start":{"line":266,"column":4},"end":{"line":266,"column":73}},"141":{"start":{"line":268,"column":2},"end":{"line":268,"column":56}},"142":{"start":{"line":268,"column":32},"end":{"line":268,"column":56}},"143":{"start":{"line":271,"column":21},"end":{"line":271,"column":58}},"144":{"start":{"line":271,"column":37},"end":{"line":271,"column":57}},"145":{"start":{"line":274,"column":17},"end":{"line":281,"column":26}},"146":{"start":{"line":276,"column":6},"end":{"line":276,"column":44}},"147":{"start":{"line":276,"column":32},"end":{"line":276,"column":44}},"148":{"start":{"line":277,"column":6},"end":{"line":277,"column":41}},"149":{"start":{"line":277,"column":32},"end":{"line":277,"column":41}},"150":{"start":{"line":278,"column":6},"end":{"line":278,"column":34}},"151":{"start":{"line":280,"column":17},"end":{"line":280,"column":27}},"152":{"start":{"line":281,"column":20},"end":{"line":281,"column":25}},"153":{"start":{"line":284,"column":23},"end":{"line":284,"column":38}},"154":{"start":{"line":285,"column":2},"end":{"line":287,"column":3}},"155":{"start":{"line":286,"column":4},"end":{"line":286,"column":76}},"156":{"start":{"line":290,"column":2},"end":{"line":294,"column":3}},"157":{"start":{"line":290,"column":15},"end":{"line":290,"column":16}},"158":{"start":{"line":291,"column":4},"end":{"line":293,"column":5}},"159":{"start":{"line":292,"column":6},"end":{"line":292,"column":30}},"160":{"start":{"line":299,"column":20},"end":{"line":299,"column":22}},"161":{"start":{"line":300,"column":21},"end":{"line":300,"column":58}},"162":{"start":{"line":300,"column":37},"end":{"line":300,"column":57}},"163":{"start":{"line":301,"column":17},"end":{"line":301,"column":36}},"164":{"start":{"line":302,"column":21},"end":{"line":302,"column":27}},"165":{"start":{"line":303,"column":2},"end":{"line":305,"column":3}},"166":{"start":{"line":304,"column":4},"end":{"line":304,"column":30}},"167":{"start":{"line":307,"column":2},"end":{"line":307,"column":98}},"168":{"start":{"line":311,"column":2},"end":{"line":311,"column":50}},"169":{"start":{"line":311,"column":26},"end":{"line":311,"column":50}},"170":{"start":{"line":314,"column":2},"end":{"line":316,"column":3}},"171":{"start":{"line":314,"column":22},"end":{"line":314,"column":42}},"172":{"start":{"line":315,"column":4},"end":{"line":315,"column":28}},"173":{"start":{"line":318,"column":16},"end":{"line":318,"column":48}},"174":{"start":{"line":318,"column":31},"end":{"line":318,"column":47}},"175":{"start":{"line":319,"column":22},"end":{"line":319,"column":36}},"176":{"start":{"line":321,"column":2},"end":{"line":323,"column":3}},"177":{"start":{"line":322,"column":4},"end":{"line":322,"column":92}},"178":{"start":{"line":325,"column":2},"end":{"line":325,"column":26}},"179":{"start":{"line":329,"column":2},"end":{"line":329,"column":48}},"180":{"start":{"line":329,"column":24},"end":{"line":329,"column":48}},"181":{"start":{"line":332,"column":2},"end":{"line":334,"column":3}},"182":{"start":{"line":332,"column":22},"end":{"line":332,"column":42}},"183":{"start":{"line":333,"column":4},"end":{"line":333,"column":28}},"184":{"start":{"line":337,"column":16},"end":{"line":339,"column":21}},"185":{"start":{"line":338,"column":17},"end":{"line":338,"column":38}},"186":{"start":{"line":339,"column":14},"end":{"line":339,"column":20}},"187":{"start":{"line":341,"column":2},"end":{"line":341,"column":50}},"188":{"start":{"line":341,"column":26},"end":{"line":341,"column":50}},"189":{"start":{"line":343,"column":22},"end":{"line":343,"column":36}},"190":{"start":{"line":344,"column":2},"end":{"line":344,"column":54}},"191":{"start":{"line":344,"column":30},"end":{"line":344,"column":54}},"192":{"start":{"line":347,"column":19},"end":{"line":347,"column":42}},"193":{"start":{"line":348,"column":2},"end":{"line":352,"column":3}},"194":{"start":{"line":350,"column":25},"end":{"line":350,"column":109}},"195":{"start":{"line":350,"column":55},"end":{"line":350,"column":76}},"196":{"start":{"line":350,"column":87},"end":{"line":350,"column":107}},"197":{"start":{"line":351,"column":4},"end":{"line":351,"column":112}},"198":{"start":{"line":354,"column":2},"end":{"line":354,"column":26}},"199":{"start":{"line":365,"column":2},"end":{"line":365,"column":65}},"200":{"start":{"line":365,"column":56},"end":{"line":365,"column":65}},"201":{"start":{"line":366,"column":2},"end":{"line":366,"column":66}},"202":{"start":{"line":366,"column":56},"end":{"line":366,"column":66}},"203":{"start":{"line":369,"column":2},"end":{"line":391,"column":3}},"204":{"start":{"line":371,"column":4},"end":{"line":371,"column":95}},"205":{"start":{"line":371,"column":86},"end":{"line":371,"column":95}},"206":{"start":{"line":372,"column":4},"end":{"line":372,"column":96}},"207":{"start":{"line":372,"column":86},"end":{"line":372,"column":96}},"208":{"start":{"line":375,"column":4},"end":{"line":377,"column":5}},"209":{"start":{"line":376,"column":6},"end":{"line":376,"column":52}},"210":{"start":{"line":380,"column":4},"end":{"line":390,"column":5}},"211":{"start":{"line":382,"column":6},"end":{"line":382,"column":50}},"212":{"start":{"line":382,"column":41},"end":{"line":382,"column":50}},"213":{"start":{"line":383,"column":6},"end":{"line":383,"column":51}},"214":{"start":{"line":383,"column":41},"end":{"line":383,"column":51}},"215":{"start":{"line":385,"column":20},"end":{"line":386,"column":99}},"216":{"start":{"line":386,"column":45},"end":{"line":386,"column":66}},"217":{"start":{"line":386,"column":77},"end":{"line":386,"column":97}},"218":{"start":{"line":387,"column":20},"end":{"line":388,"column":99}},"219":{"start":{"line":388,"column":45},"end":{"line":388,"column":66}},"220":{"start":{"line":388,"column":77},"end":{"line":388,"column":97}},"221":{"start":{"line":389,"column":6},"end":{"line":389,"column":56}},"222":{"start":{"line":394,"column":2},"end":{"line":396,"column":3}},"223":{"start":{"line":395,"column":4},"end":{"line":395,"column":16}},"224":{"start":{"line":399,"column":2},"end":{"line":424,"column":3}},"225":{"start":{"line":401,"column":6},"end":{"line":401,"column":62}},"226":{"start":{"line":404,"column":6},"end":{"line":404,"column":52}},"227":{"start":{"line":407,"column":6},"end":{"line":407,"column":59}},"228":{"start":{"line":407,"column":47},"end":{"line":407,"column":59}},"229":{"start":{"line":409,"column":23},"end":{"line":409,"column":107}},"230":{"start":{"line":410,"column":23},"end":{"line":410,"column":107}},"231":{"start":{"line":411,"column":6},"end":{"line":411,"column":68}},"232":{"start":{"line":414,"column":6},"end":{"line":414,"column":55}},"233":{"start":{"line":414,"column":43},"end":{"line":414,"column":55}},"234":{"start":{"line":416,"column":20},"end":{"line":416,"column":109}},"235":{"start":{"line":417,"column":20},"end":{"line":417,"column":109}},"236":{"start":{"line":418,"column":6},"end":{"line":418,"column":56}},"237":{"start":{"line":421,"column":6},"end":{"line":421,"column":64}},"238":{"start":{"line":423,"column":6},"end":{"line":423,"column":18}},"239":{"start":{"line":431,"column":2},"end":{"line":436,"column":3}},"240":{"start":{"line":433,"column":4},"end":{"line":433,"column":71}},"241":{"start":{"line":435,"column":4},"end":{"line":435,"column":88}},"242":{"start":{"line":438,"column":2},"end":{"line":442,"column":3}},"243":{"start":{"line":439,"column":4},"end":{"line":439,"column":71}},"244":{"start":{"line":441,"column":4},"end":{"line":441,"column":88}},"245":{"start":{"line":444,"column":2},"end":{"line":444,"column":48}},"246":{"start":{"line":448,"column":17},"end":{"line":448,"column":51}},"247":{"start":{"line":450,"column":2},"end":{"line":450,"column":32}},"248":{"start":{"line":461,"column":2},"end":{"line":463,"column":3}},"249":{"start":{"line":462,"column":4},"end":{"line":462,"column":15}},"250":{"start":{"line":466,"column":21},"end":{"line":466,"column":22}},"251":{"start":{"line":467,"column":2},"end":{"line":482,"column":3}},"252":{"start":{"line":468,"column":4},"end":{"line":481,"column":5}},"253":{"start":{"line":469,"column":6},"end":{"line":480,"column":7}},"254":{"start":{"line":471,"column":8},"end":{"line":473,"column":9}},"255":{"start":{"line":472,"column":10},"end":{"line":472,"column":67}},"256":{"start":{"line":474,"column":13},"end":{"line":480,"column":7}},"257":{"start":{"line":476,"column":8},"end":{"line":476,"column":50}},"258":{"start":{"line":478,"column":26},"end":{"line":478,"column":99}},"259":{"start":{"line":479,"column":8},"end":{"line":479,"column":57}},"260":{"start":{"line":486,"column":2},"end":{"line":488,"column":3}},"261":{"start":{"line":487,"column":4},"end":{"line":487,"column":16}},"262":{"start":{"line":490,"column":2},"end":{"line":490,"column":28}},"263":{"start":{"line":494,"column":15},"end":{"line":494,"column":70}},"264":{"start":{"line":495,"column":15},"end":{"line":495,"column":70}},"265":{"start":{"line":496,"column":2},"end":{"line":496,"column":48}},"266":{"start":{"line":504,"column":20},"end":{"line":504,"column":22}},"267":{"start":{"line":505,"column":15},"end":{"line":507,"column":27}},"268":{"start":{"line":506,"column":14},"end":{"line":506,"column":94}},"269":{"start":{"line":507,"column":17},"end":{"line":507,"column":26}},"270":{"start":{"line":508,"column":2},"end":{"line":508,"column":34}},"271":{"start":{"line":508,"column":25},"end":{"line":508,"column":34}},"272":{"start":{"line":509,"column":17},"end":{"line":509,"column":34}},"273":{"start":{"line":510,"column":21},"end":{"line":510,"column":58}},"274":{"start":{"line":510,"column":37},"end":{"line":510,"column":57}},"275":{"start":{"line":512,"column":2},"end":{"line":514,"column":3}},"276":{"start":{"line":513,"column":4},"end":{"line":513,"column":22}},"277":{"start":{"line":515,"column":2},"end":{"line":515,"column":16}},"278":{"start":{"line":519,"column":0},"end":{"line":523,"column":2}}},"fnMap":{"0":{"name":"validateCombination","decl":{"start":{"line":13,"column":9},"end":{"line":13,"column":28}},"loc":{"start":{"line":13,"column":36},"end":{"line":65,"column":1}},"line":13},"1":{"name":"validatePair","decl":{"start":{"line":67,"column":9},"end":{"line":67,"column":21}},"loc":{"start":{"line":67,"column":29},"end":{"line":83,"column":1}},"line":67},"2":{"name":"(anonymous_2)","decl":{"start":{"line":70,"column":26},"end":{"line":70,"column":27}},"loc":{"start":{"line":70,"column":31},"end":{"line":70,"column":47}},"line":70},"3":{"name":"(anonymous_3)","decl":{"start":{"line":76,"column":29},"end":{"line":76,"column":30}},"loc":{"start":{"line":76,"column":34},"end":{"line":76,"column":54}},"line":76},"4":{"name":"(anonymous_4)","decl":{"start":{"line":78,"column":33},"end":{"line":78,"column":34}},"loc":{"start":{"line":78,"column":38},"end":{"line":78,"column":58}},"line":78},"5":{"name":"validateTriple","decl":{"start":{"line":85,"column":9},"end":{"line":85,"column":23}},"loc":{"start":{"line":85,"column":31},"end":{"line":100,"column":1}},"line":85},"6":{"name":"(anonymous_6)","decl":{"start":{"line":88,"column":26},"end":{"line":88,"column":27}},"loc":{"start":{"line":88,"column":31},"end":{"line":88,"column":47}},"line":88},"7":{"name":"(anonymous_7)","decl":{"start":{"line":88,"column":56},"end":{"line":88,"column":57}},"loc":{"start":{"line":88,"column":61},"end":{"line":88,"column":76}},"line":88},"8":{"name":"(anonymous_8)","decl":{"start":{"line":89,"column":36},"end":{"line":89,"column":37}},"loc":{"start":{"line":89,"column":41},"end":{"line":89,"column":61}},"line":89},"9":{"name":"validateSequenceOfPairs","decl":{"start":{"line":108,"column":9},"end":{"line":108,"column":32}},"loc":{"start":{"line":108,"column":40},"end":{"line":217,"column":1}},"line":108},"10":{"name":"(anonymous_10)","decl":{"start":{"line":119,"column":16},"end":{"line":119,"column":17}},"loc":{"start":{"line":119,"column":24},"end":{"line":134,"column":3}},"line":119},"11":{"name":"(anonymous_11)","decl":{"start":{"line":138,"column":31},"end":{"line":138,"column":32}},"loc":{"start":{"line":138,"column":37},"end":{"line":138,"column":77}},"line":138},"12":{"name":"(anonymous_12)","decl":{"start":{"line":152,"column":48},"end":{"line":152,"column":49}},"loc":{"start":{"line":152,"column":54},"end":{"line":152,"column":68}},"line":152},"13":{"name":"(anonymous_13)","decl":{"start":{"line":161,"column":9},"end":{"line":161,"column":10}},"loc":{"start":{"line":161,"column":14},"end":{"line":161,"column":29}},"line":161},"14":{"name":"(anonymous_14)","decl":{"start":{"line":162,"column":10},"end":{"line":162,"column":11}},"loc":{"start":{"line":162,"column":20},"end":{"line":162,"column":25}},"line":162},"15":{"name":"(anonymous_15)","decl":{"start":{"line":186,"column":51},"end":{"line":186,"column":52}},"loc":{"start":{"line":186,"column":57},"end":{"line":186,"column":71}},"line":186},"16":{"name":"(anonymous_16)","decl":{"start":{"line":186,"column":77},"end":{"line":186,"column":78}},"loc":{"start":{"line":186,"column":83},"end":{"line":186,"column":90}},"line":186},"17":{"name":"(anonymous_17)","decl":{"start":{"line":190,"column":31},"end":{"line":190,"column":32}},"loc":{"start":{"line":190,"column":36},"end":{"line":190,"column":62}},"line":190},"18":{"name":"(anonymous_18)","decl":{"start":{"line":195,"column":31},"end":{"line":195,"column":32}},"loc":{"start":{"line":195,"column":36},"end":{"line":195,"column":62}},"line":195},"19":{"name":"validateFullHouse","decl":{"start":{"line":219,"column":9},"end":{"line":219,"column":26}},"loc":{"start":{"line":219,"column":34},"end":{"line":254,"column":1}},"line":219},"20":{"name":"(anonymous_20)","decl":{"start":{"line":222,"column":26},"end":{"line":222,"column":27}},"loc":{"start":{"line":222,"column":31},"end":{"line":222,"column":47}},"line":222},"21":{"name":"(anonymous_21)","decl":{"start":{"line":222,"column":56},"end":{"line":222,"column":57}},"loc":{"start":{"line":222,"column":61},"end":{"line":222,"column":76}},"line":222},"22":{"name":"(anonymous_22)","decl":{"start":{"line":223,"column":36},"end":{"line":223,"column":37}},"loc":{"start":{"line":223,"column":41},"end":{"line":223,"column":61}},"line":223},"23":{"name":"(anonymous_23)","decl":{"start":{"line":226,"column":16},"end":{"line":226,"column":17}},"loc":{"start":{"line":226,"column":24},"end":{"line":228,"column":3}},"line":226},"24":{"name":"(anonymous_24)","decl":{"start":{"line":230,"column":48},"end":{"line":230,"column":49}},"loc":{"start":{"line":230,"column":58},"end":{"line":230,"column":63}},"line":230},"25":{"name":"(anonymous_25)","decl":{"start":{"line":247,"column":58},"end":{"line":247,"column":59}},"loc":{"start":{"line":247,"column":69},"end":{"line":247,"column":76}},"line":247},"26":{"name":"(anonymous_26)","decl":{"start":{"line":247,"column":82},"end":{"line":247,"column":83}},"loc":{"start":{"line":247,"column":91},"end":{"line":247,"column":92}},"line":247},"27":{"name":"(anonymous_27)","decl":{"start":{"line":248,"column":34},"end":{"line":248,"column":35}},"loc":{"start":{"line":248,"column":44},"end":{"line":248,"column":77}},"line":248},"28":{"name":"validateStraight","decl":{"start":{"line":256,"column":9},"end":{"line":256,"column":25}},"loc":{"start":{"line":256,"column":33},"end":{"line":308,"column":1}},"line":256},"29":{"name":"(anonymous_29)","decl":{"start":{"line":260,"column":17},"end":{"line":260,"column":18}},"loc":{"start":{"line":260,"column":22},"end":{"line":260,"column":41}},"line":260},"30":{"name":"(anonymous_30)","decl":{"start":{"line":265,"column":37},"end":{"line":265,"column":38}},"loc":{"start":{"line":266,"column":4},"end":{"line":266,"column":73}},"line":266},"31":{"name":"(anonymous_31)","decl":{"start":{"line":271,"column":32},"end":{"line":271,"column":33}},"loc":{"start":{"line":271,"column":37},"end":{"line":271,"column":57}},"line":271},"32":{"name":"(anonymous_32)","decl":{"start":{"line":275,"column":9},"end":{"line":275,"column":10}},"loc":{"start":{"line":275,"column":14},"end":{"line":279,"column":5}},"line":275},"33":{"name":"(anonymous_33)","decl":{"start":{"line":280,"column":12},"end":{"line":280,"column":13}},"loc":{"start":{"line":280,"column":17},"end":{"line":280,"column":27}},"line":280},"34":{"name":"(anonymous_34)","decl":{"start":{"line":281,"column":10},"end":{"line":281,"column":11}},"loc":{"start":{"line":281,"column":20},"end":{"line":281,"column":25}},"line":281},"35":{"name":"(anonymous_35)","decl":{"start":{"line":300,"column":32},"end":{"line":300,"column":33}},"loc":{"start":{"line":300,"column":37},"end":{"line":300,"column":57}},"line":300},"36":{"name":"validateBomb","decl":{"start":{"line":310,"column":9},"end":{"line":310,"column":21}},"loc":{"start":{"line":310,"column":29},"end":{"line":326,"column":1}},"line":310},"37":{"name":"(anonymous_37)","decl":{"start":{"line":314,"column":17},"end":{"line":314,"column":18}},"loc":{"start":{"line":314,"column":22},"end":{"line":314,"column":42}},"line":314},"38":{"name":"(anonymous_38)","decl":{"start":{"line":318,"column":26},"end":{"line":318,"column":27}},"loc":{"start":{"line":318,"column":31},"end":{"line":318,"column":47}},"line":318},"39":{"name":"validateStraightFlush","decl":{"start":{"line":328,"column":9},"end":{"line":328,"column":30}},"loc":{"start":{"line":328,"column":38},"end":{"line":355,"column":1}},"line":328},"40":{"name":"(anonymous_40)","decl":{"start":{"line":332,"column":17},"end":{"line":332,"column":18}},"loc":{"start":{"line":332,"column":22},"end":{"line":332,"column":42}},"line":332},"41":{"name":"(anonymous_41)","decl":{"start":{"line":338,"column":12},"end":{"line":338,"column":13}},"loc":{"start":{"line":338,"column":17},"end":{"line":338,"column":38}},"line":338},"42":{"name":"(anonymous_42)","decl":{"start":{"line":339,"column":9},"end":{"line":339,"column":10}},"loc":{"start":{"line":339,"column":14},"end":{"line":339,"column":20}},"line":339},"43":{"name":"(anonymous_43)","decl":{"start":{"line":350,"column":50},"end":{"line":350,"column":51}},"loc":{"start":{"line":350,"column":55},"end":{"line":350,"column":76}},"line":350},"44":{"name":"(anonymous_44)","decl":{"start":{"line":350,"column":82},"end":{"line":350,"column":83}},"loc":{"start":{"line":350,"column":87},"end":{"line":350,"column":107}},"line":350},"45":{"name":"compareCombinations","decl":{"start":{"line":363,"column":9},"end":{"line":363,"column":28}},"loc":{"start":{"line":363,"column":45},"end":{"line":425,"column":1}},"line":363},"46":{"name":"(anonymous_46)","decl":{"start":{"line":386,"column":40},"end":{"line":386,"column":41}},"loc":{"start":{"line":386,"column":45},"end":{"line":386,"column":66}},"line":386},"47":{"name":"(anonymous_47)","decl":{"start":{"line":386,"column":72},"end":{"line":386,"column":73}},"loc":{"start":{"line":386,"column":77},"end":{"line":386,"column":97}},"line":386},"48":{"name":"(anonymous_48)","decl":{"start":{"line":388,"column":40},"end":{"line":388,"column":41}},"loc":{"start":{"line":388,"column":45},"end":{"line":388,"column":66}},"line":388},"49":{"name":"(anonymous_49)","decl":{"start":{"line":388,"column":72},"end":{"line":388,"column":73}},"loc":{"start":{"line":388,"column":77},"end":{"line":388,"column":97}},"line":388},"50":{"name":"compareSingles","decl":{"start":{"line":427,"column":9},"end":{"line":427,"column":23}},"loc":{"start":{"line":427,"column":38},"end":{"line":445,"column":1}},"line":427},"51":{"name":"getSpecialValue","decl":{"start":{"line":447,"column":9},"end":{"line":447,"column":24}},"loc":{"start":{"line":447,"column":31},"end":{"line":451,"column":1}},"line":447},"52":{"name":"getPhoenixValue","decl":{"start":{"line":459,"column":9},"end":{"line":459,"column":24}},"loc":{"start":{"line":459,"column":52},"end":{"line":491,"column":1}},"line":459},"53":{"name":"compareRanks","decl":{"start":{"line":493,"column":9},"end":{"line":493,"column":21}},"loc":{"start":{"line":493,"column":36},"end":{"line":497,"column":1}},"line":493},"54":{"name":"getStraightHighFallback","decl":{"start":{"line":503,"column":9},"end":{"line":503,"column":32}},"loc":{"start":{"line":503,"column":40},"end":{"line":516,"column":1}},"line":503},"55":{"name":"(anonymous_55)","decl":{"start":{"line":506,"column":9},"end":{"line":506,"column":10}},"loc":{"start":{"line":506,"column":14},"end":{"line":506,"column":94}},"line":506},"56":{"name":"(anonymous_56)","decl":{"start":{"line":507,"column":12},"end":{"line":507,"column":13}},"loc":{"start":{"line":507,"column":17},"end":{"line":507,"column":26}},"line":507},"57":{"name":"(anonymous_57)","decl":{"start":{"line":510,"column":32},"end":{"line":510,"column":33}},"loc":{"start":{"line":510,"column":37},"end":{"line":510,"column":57}},"line":510}},"branchMap":{"0":{"loc":{"start":{"line":14,"column":2},"end":{"line":16,"column":3}},"type":"if","locations":[{"start":{"line":14,"column":2},"end":{"line":16,"column":3}},{"start":{},"end":{}}],"line":14},"1":{"loc":{"start":{"line":14,"column":6},"end":{"line":14,"column":34}},"type":"binary-expr","locations":[{"start":{"line":14,"column":6},"end":{"line":14,"column":12}},{"start":{"line":14,"column":16},"end":{"line":14,"column":34}}],"line":14},"2":{"loc":{"start":{"line":19,"column":2},"end":{"line":21,"column":3}},"type":"if","locations":[{"start":{"line":19,"column":2},"end":{"line":21,"column":3}},{"start":{},"end":{}}],"line":19},"3":{"loc":{"start":{"line":24,"column":2},"end":{"line":26,"column":3}},"type":"if","locations":[{"start":{"line":24,"column":2},"end":{"line":26,"column":3}},{"start":{},"end":{}}],"line":24},"4":{"loc":{"start":{"line":29,"column":2},"end":{"line":31,"column":3}},"type":"if","locations":[{"start":{"line":29,"column":2},"end":{"line":31,"column":3}},{"start":{},"end":{}}],"line":29},"5":{"loc":{"start":{"line":34,"column":2},"end":{"line":37,"column":3}},"type":"if","locations":[{"start":{"line":34,"column":2},"end":{"line":37,"column":3}},{"start":{},"end":{}}],"line":34},"6":{"loc":{"start":{"line":34,"column":6},"end":{"line":34,"column":49}},"type":"binary-expr","locations":[{"start":{"line":34,"column":6},"end":{"line":34,"column":23}},{"start":{"line":34,"column":27},"end":{"line":34,"column":49}}],"line":34},"7":{"loc":{"start":{"line":36,"column":4},"end":{"line":36,"column":54}},"type":"if","locations":[{"start":{"line":36,"column":4},"end":{"line":36,"column":54}},{"start":{},"end":{}}],"line":36},"8":{"loc":{"start":{"line":40,"column":2},"end":{"line":43,"column":3}},"type":"if","locations":[{"start":{"line":40,"column":2},"end":{"line":43,"column":3}},{"start":{},"end":{}}],"line":40},"9":{"loc":{"start":{"line":42,"column":4},"end":{"line":42,"column":42}},"type":"if","locations":[{"start":{"line":42,"column":4},"end":{"line":42,"column":42}},{"start":{},"end":{}}],"line":42},"10":{"loc":{"start":{"line":46,"column":2},"end":{"line":49,"column":3}},"type":"if","locations":[{"start":{"line":46,"column":2},"end":{"line":49,"column":3}},{"start":{},"end":{}}],"line":46},"11":{"loc":{"start":{"line":48,"column":4},"end":{"line":48,"column":32}},"type":"if","locations":[{"start":{"line":48,"column":4},"end":{"line":48,"column":32}},{"start":{},"end":{}}],"line":48},"12":{"loc":{"start":{"line":53,"column":2},"end":{"line":56,"column":3}},"type":"if","locations":[{"start":{"line":53,"column":2},"end":{"line":56,"column":3}},{"start":{},"end":{}}],"line":53},"13":{"loc":{"start":{"line":55,"column":4},"end":{"line":55,"column":50}},"type":"if","locations":[{"start":{"line":55,"column":4},"end":{"line":55,"column":50}},{"start":{},"end":{}}],"line":55},"14":{"loc":{"start":{"line":59,"column":2},"end":{"line":62,"column":3}},"type":"if","locations":[{"start":{"line":59,"column":2},"end":{"line":62,"column":3}},{"start":{},"end":{}}],"line":59},"15":{"loc":{"start":{"line":61,"column":4},"end":{"line":61,"column":40}},"type":"if","locations":[{"start":{"line":61,"column":4},"end":{"line":61,"column":40}},{"start":{},"end":{}}],"line":61},"16":{"loc":{"start":{"line":68,"column":2},"end":{"line":68,"column":50}},"type":"if","locations":[{"start":{"line":68,"column":2},"end":{"line":68,"column":50}},{"start":{},"end":{}}],"line":68},"17":{"loc":{"start":{"line":70,"column":31},"end":{"line":70,"column":47}},"type":"binary-expr","locations":[{"start":{"line":70,"column":31},"end":{"line":70,"column":37}},{"start":{"line":70,"column":41},"end":{"line":70,"column":47}}],"line":70},"18":{"loc":{"start":{"line":71,"column":2},"end":{"line":73,"column":3}},"type":"if","locations":[{"start":{"line":71,"column":2},"end":{"line":73,"column":3}},{"start":{},"end":{}}],"line":71},"19":{"loc":{"start":{"line":71,"column":6},"end":{"line":71,"column":91}},"type":"binary-expr","locations":[{"start":{"line":71,"column":6},"end":{"line":71,"column":27}},{"start":{"line":71,"column":32},"end":{"line":71,"column":59}},{"start":{"line":71,"column":63},"end":{"line":71,"column":90}}],"line":71},"20":{"loc":{"start":{"line":77,"column":2},"end":{"line":80,"column":3}},"type":"if","locations":[{"start":{"line":77,"column":2},"end":{"line":80,"column":3}},{"start":{},"end":{}}],"line":77},"21":{"loc":{"start":{"line":79,"column":53},"end":{"line":79,"column":85}},"type":"binary-expr","locations":[{"start":{"line":79,"column":53},"end":{"line":79,"column":67}},{"start":{"line":79,"column":71},"end":{"line":79,"column":85}}],"line":79},"22":{"loc":{"start":{"line":86,"column":2},"end":{"line":86,"column":50}},"type":"if","locations":[{"start":{"line":86,"column":2},"end":{"line":86,"column":50}},{"start":{},"end":{}}],"line":86},"23":{"loc":{"start":{"line":88,"column":31},"end":{"line":88,"column":47}},"type":"binary-expr","locations":[{"start":{"line":88,"column":31},"end":{"line":88,"column":37}},{"start":{"line":88,"column":41},"end":{"line":88,"column":47}}],"line":88},"24":{"loc":{"start":{"line":91,"column":2},"end":{"line":91,"column":50}},"type":"if","locations":[{"start":{"line":91,"column":2},"end":{"line":91,"column":50}},{"start":{},"end":{}}],"line":91},"25":{"loc":{"start":{"line":95,"column":2},"end":{"line":97,"column":3}},"type":"if","locations":[{"start":{"line":95,"column":2},"end":{"line":97,"column":3}},{"start":{},"end":{}}],"line":95},"26":{"loc":{"start":{"line":95,"column":6},"end":{"line":95,"column":78}},"type":"binary-expr","locations":[{"start":{"line":95,"column":6},"end":{"line":95,"column":28}},{"start":{"line":95,"column":33},"end":{"line":95,"column":55}},{"start":{"line":95,"column":59},"end":{"line":95,"column":77}}],"line":95},"27":{"loc":{"start":{"line":110,"column":2},"end":{"line":112,"column":3}},"type":"if","locations":[{"start":{"line":110,"column":2},"end":{"line":112,"column":3}},{"start":{},"end":{}}],"line":110},"28":{"loc":{"start":{"line":110,"column":6},"end":{"line":110,"column":48}},"type":"binary-expr","locations":[{"start":{"line":110,"column":6},"end":{"line":110,"column":22}},{"start":{"line":110,"column":26},"end":{"line":110,"column":48}}],"line":110},"29":{"loc":{"start":{"line":120,"column":4},"end":{"line":122,"column":5}},"type":"if","locations":[{"start":{"line":120,"column":4},"end":{"line":122,"column":5}},{"start":{},"end":{}}],"line":120},"30":{"loc":{"start":{"line":120,"column":8},"end":{"line":120,"column":58}},"type":"binary-expr","locations":[{"start":{"line":120,"column":8},"end":{"line":120,"column":31}},{"start":{"line":120,"column":35},"end":{"line":120,"column":58}}],"line":120},"31":{"loc":{"start":{"line":124,"column":4},"end":{"line":127,"column":5}},"type":"if","locations":[{"start":{"line":124,"column":4},"end":{"line":127,"column":5}},{"start":{},"end":{}}],"line":124},"32":{"loc":{"start":{"line":130,"column":4},"end":{"line":132,"column":5}},"type":"if","locations":[{"start":{"line":130,"column":4},"end":{"line":132,"column":5}},{"start":{},"end":{}}],"line":130},"33":{"loc":{"start":{"line":146,"column":4},"end":{"line":148,"column":5}},"type":"if","locations":[{"start":{"line":146,"column":4},"end":{"line":148,"column":5}},{"start":{},"end":{}}],"line":146},"34":{"loc":{"start":{"line":146,"column":8},"end":{"line":146,"column":54}},"type":"binary-expr","locations":[{"start":{"line":146,"column":8},"end":{"line":146,"column":29}},{"start":{"line":146,"column":33},"end":{"line":146,"column":54}}],"line":146},"35":{"loc":{"start":{"line":155,"column":2},"end":{"line":157,"column":3}},"type":"if","locations":[{"start":{"line":155,"column":2},"end":{"line":157,"column":3}},{"start":{},"end":{}}],"line":155},"36":{"loc":{"start":{"line":166,"column":2},"end":{"line":168,"column":3}},"type":"if","locations":[{"start":{"line":166,"column":2},"end":{"line":168,"column":3}},{"start":{},"end":{}}],"line":166},"37":{"loc":{"start":{"line":171,"column":2},"end":{"line":177,"column":3}},"type":"if","locations":[{"start":{"line":171,"column":2},"end":{"line":177,"column":3}},{"start":{},"end":{}}],"line":171},"38":{"loc":{"start":{"line":173,"column":6},"end":{"line":175,"column":7}},"type":"if","locations":[{"start":{"line":173,"column":6},"end":{"line":175,"column":7}},{"start":{},"end":{}}],"line":173},"39":{"loc":{"start":{"line":190,"column":20},"end":{"line":190,"column":90}},"type":"binary-expr","locations":[{"start":{"line":190,"column":20},"end":{"line":190,"column":63}},{"start":{"line":190,"column":67},"end":{"line":190,"column":90}}],"line":190},"40":{"loc":{"start":{"line":192,"column":2},"end":{"line":207,"column":3}},"type":"if","locations":[{"start":{"line":192,"column":2},"end":{"line":207,"column":3}},{"start":{},"end":{}}],"line":192},"41":{"loc":{"start":{"line":192,"column":6},"end":{"line":192,"column":59}},"type":"binary-expr","locations":[{"start":{"line":192,"column":6},"end":{"line":192,"column":22}},{"start":{"line":192,"column":26},"end":{"line":192,"column":59}}],"line":192},"42":{"loc":{"start":{"line":198,"column":4},"end":{"line":206,"column":5}},"type":"if","locations":[{"start":{"line":198,"column":4},"end":{"line":206,"column":5}},{"start":{"line":202,"column":11},"end":{"line":206,"column":5}}],"line":198},"43":{"loc":{"start":{"line":198,"column":8},"end":{"line":198,"column":35}},"type":"binary-expr","locations":[{"start":{"line":198,"column":8},"end":{"line":198,"column":20}},{"start":{"line":198,"column":24},"end":{"line":198,"column":35}}],"line":198},"44":{"loc":{"start":{"line":220,"column":2},"end":{"line":220,"column":50}},"type":"if","locations":[{"start":{"line":220,"column":2},"end":{"line":220,"column":50}},{"start":{},"end":{}}],"line":220},"45":{"loc":{"start":{"line":222,"column":31},"end":{"line":222,"column":47}},"type":"binary-expr","locations":[{"start":{"line":222,"column":31},"end":{"line":222,"column":37}},{"start":{"line":222,"column":41},"end":{"line":222,"column":47}}],"line":222},"46":{"loc":{"start":{"line":227,"column":24},"end":{"line":227,"column":45}},"type":"binary-expr","locations":[{"start":{"line":227,"column":24},"end":{"line":227,"column":40}},{"start":{"line":227,"column":44},"end":{"line":227,"column":45}}],"line":227},"47":{"loc":{"start":{"line":234,"column":2},"end":{"line":251,"column":3}},"type":"if","locations":[{"start":{"line":234,"column":2},"end":{"line":251,"column":3}},{"start":{},"end":{}}],"line":234},"48":{"loc":{"start":{"line":234,"column":6},"end":{"line":235,"column":65}},"type":"binary-expr","locations":[{"start":{"line":234,"column":6},"end":{"line":234,"column":25}},{"start":{"line":234,"column":31},"end":{"line":234,"column":46}},{"start":{"line":234,"column":50},"end":{"line":234,"column":65}},{"start":{"line":235,"column":7},"end":{"line":235,"column":22}},{"start":{"line":235,"column":26},"end":{"line":235,"column":41}},{"start":{"line":235,"column":45},"end":{"line":235,"column":63}}],"line":234},"49":{"loc":{"start":{"line":240,"column":6},"end":{"line":243,"column":7}},"type":"if","locations":[{"start":{"line":240,"column":6},"end":{"line":243,"column":7}},{"start":{},"end":{}}],"line":240},"50":{"loc":{"start":{"line":246,"column":4},"end":{"line":249,"column":5}},"type":"if","locations":[{"start":{"line":246,"column":4},"end":{"line":249,"column":5}},{"start":{},"end":{}}],"line":246},"51":{"loc":{"start":{"line":246,"column":8},"end":{"line":246,"column":41}},"type":"binary-expr","locations":[{"start":{"line":246,"column":8},"end":{"line":246,"column":19}},{"start":{"line":246,"column":23},"end":{"line":246,"column":41}}],"line":246},"52":{"loc":{"start":{"line":257,"column":2},"end":{"line":257,"column":48}},"type":"if","locations":[{"start":{"line":257,"column":2},"end":{"line":257,"column":48}},{"start":{},"end":{}}],"line":257},"53":{"loc":{"start":{"line":260,"column":2},"end":{"line":262,"column":3}},"type":"if","locations":[{"start":{"line":260,"column":2},"end":{"line":262,"column":3}},{"start":{},"end":{}}],"line":260},"54":{"loc":{"start":{"line":266,"column":4},"end":{"line":266,"column":73}},"type":"binary-expr","locations":[{"start":{"line":266,"column":4},"end":{"line":266,"column":25}},{"start":{"line":266,"column":29},"end":{"line":266,"column":49}},{"start":{"line":266,"column":53},"end":{"line":266,"column":73}}],"line":266},"55":{"loc":{"start":{"line":268,"column":2},"end":{"line":268,"column":56}},"type":"if","locations":[{"start":{"line":268,"column":2},"end":{"line":268,"column":56}},{"start":{},"end":{}}],"line":268},"56":{"loc":{"start":{"line":276,"column":6},"end":{"line":276,"column":44}},"type":"if","locations":[{"start":{"line":276,"column":6},"end":{"line":276,"column":44}},{"start":{},"end":{}}],"line":276},"57":{"loc":{"start":{"line":277,"column":6},"end":{"line":277,"column":41}},"type":"if","locations":[{"start":{"line":277,"column":6},"end":{"line":277,"column":41}},{"start":{},"end":{}}],"line":277},"58":{"loc":{"start":{"line":285,"column":2},"end":{"line":287,"column":3}},"type":"if","locations":[{"start":{"line":285,"column":2},"end":{"line":287,"column":3}},{"start":{},"end":{}}],"line":285},"59":{"loc":{"start":{"line":291,"column":4},"end":{"line":293,"column":5}},"type":"if","locations":[{"start":{"line":291,"column":4},"end":{"line":293,"column":5}},{"start":{},"end":{}}],"line":291},"60":{"loc":{"start":{"line":303,"column":2},"end":{"line":305,"column":3}},"type":"if","locations":[{"start":{"line":303,"column":2},"end":{"line":305,"column":3}},{"start":{},"end":{}}],"line":303},"61":{"loc":{"start":{"line":303,"column":6},"end":{"line":303,"column":76}},"type":"binary-expr","locations":[{"start":{"line":303,"column":6},"end":{"line":303,"column":16}},{"start":{"line":303,"column":20},"end":{"line":303,"column":54}},{"start":{"line":303,"column":58},"end":{"line":303,"column":76}}],"line":303},"62":{"loc":{"start":{"line":311,"column":2},"end":{"line":311,"column":50}},"type":"if","locations":[{"start":{"line":311,"column":2},"end":{"line":311,"column":50}},{"start":{},"end":{}}],"line":311},"63":{"loc":{"start":{"line":314,"column":2},"end":{"line":316,"column":3}},"type":"if","locations":[{"start":{"line":314,"column":2},"end":{"line":316,"column":3}},{"start":{},"end":{}}],"line":314},"64":{"loc":{"start":{"line":318,"column":31},"end":{"line":318,"column":47}},"type":"binary-expr","locations":[{"start":{"line":318,"column":31},"end":{"line":318,"column":37}},{"start":{"line":318,"column":41},"end":{"line":318,"column":47}}],"line":318},"65":{"loc":{"start":{"line":321,"column":2},"end":{"line":323,"column":3}},"type":"if","locations":[{"start":{"line":321,"column":2},"end":{"line":323,"column":3}},{"start":{},"end":{}}],"line":321},"66":{"loc":{"start":{"line":329,"column":2},"end":{"line":329,"column":48}},"type":"if","locations":[{"start":{"line":329,"column":2},"end":{"line":329,"column":48}},{"start":{},"end":{}}],"line":329},"67":{"loc":{"start":{"line":332,"column":2},"end":{"line":334,"column":3}},"type":"if","locations":[{"start":{"line":332,"column":2},"end":{"line":334,"column":3}},{"start":{},"end":{}}],"line":332},"68":{"loc":{"start":{"line":341,"column":2},"end":{"line":341,"column":50}},"type":"if","locations":[{"start":{"line":341,"column":2},"end":{"line":341,"column":50}},{"start":{},"end":{}}],"line":341},"69":{"loc":{"start":{"line":344,"column":2},"end":{"line":344,"column":54}},"type":"if","locations":[{"start":{"line":344,"column":2},"end":{"line":344,"column":54}},{"start":{},"end":{}}],"line":344},"70":{"loc":{"start":{"line":348,"column":2},"end":{"line":352,"column":3}},"type":"if","locations":[{"start":{"line":348,"column":2},"end":{"line":352,"column":3}},{"start":{},"end":{}}],"line":348},"71":{"loc":{"start":{"line":365,"column":2},"end":{"line":365,"column":65}},"type":"if","locations":[{"start":{"line":365,"column":2},"end":{"line":365,"column":65}},{"start":{},"end":{}}],"line":365},"72":{"loc":{"start":{"line":365,"column":6},"end":{"line":365,"column":54}},"type":"binary-expr","locations":[{"start":{"line":365,"column":6},"end":{"line":365,"column":28}},{"start":{"line":365,"column":32},"end":{"line":365,"column":54}}],"line":365},"73":{"loc":{"start":{"line":366,"column":2},"end":{"line":366,"column":66}},"type":"if","locations":[{"start":{"line":366,"column":2},"end":{"line":366,"column":66}},{"start":{},"end":{}}],"line":366},"74":{"loc":{"start":{"line":366,"column":6},"end":{"line":366,"column":54}},"type":"binary-expr","locations":[{"start":{"line":366,"column":6},"end":{"line":366,"column":28}},{"start":{"line":366,"column":32},"end":{"line":366,"column":54}}],"line":366},"75":{"loc":{"start":{"line":369,"column":2},"end":{"line":391,"column":3}},"type":"if","locations":[{"start":{"line":369,"column":2},"end":{"line":391,"column":3}},{"start":{},"end":{}}],"line":369},"76":{"loc":{"start":{"line":369,"column":6},"end":{"line":369,"column":54}},"type":"binary-expr","locations":[{"start":{"line":369,"column":6},"end":{"line":369,"column":28}},{"start":{"line":369,"column":32},"end":{"line":369,"column":54}}],"line":369},"77":{"loc":{"start":{"line":371,"column":4},"end":{"line":371,"column":95}},"type":"if","locations":[{"start":{"line":371,"column":4},"end":{"line":371,"column":95}},{"start":{},"end":{}}],"line":371},"78":{"loc":{"start":{"line":371,"column":8},"end":{"line":371,"column":84}},"type":"binary-expr","locations":[{"start":{"line":371,"column":8},"end":{"line":371,"column":44}},{"start":{"line":371,"column":48},"end":{"line":371,"column":84}}],"line":371},"79":{"loc":{"start":{"line":372,"column":4},"end":{"line":372,"column":96}},"type":"if","locations":[{"start":{"line":372,"column":4},"end":{"line":372,"column":96}},{"start":{},"end":{}}],"line":372},"80":{"loc":{"start":{"line":372,"column":8},"end":{"line":372,"column":84}},"type":"binary-expr","locations":[{"start":{"line":372,"column":8},"end":{"line":372,"column":44}},{"start":{"line":372,"column":48},"end":{"line":372,"column":84}}],"line":372},"81":{"loc":{"start":{"line":375,"column":4},"end":{"line":377,"column":5}},"type":"if","locations":[{"start":{"line":375,"column":4},"end":{"line":377,"column":5}},{"start":{},"end":{}}],"line":375},"82":{"loc":{"start":{"line":375,"column":8},"end":{"line":375,"column":84}},"type":"binary-expr","locations":[{"start":{"line":375,"column":8},"end":{"line":375,"column":44}},{"start":{"line":375,"column":48},"end":{"line":375,"column":84}}],"line":375},"83":{"loc":{"start":{"line":380,"column":4},"end":{"line":390,"column":5}},"type":"if","locations":[{"start":{"line":380,"column":4},"end":{"line":390,"column":5}},{"start":{},"end":{}}],"line":380},"84":{"loc":{"start":{"line":380,"column":8},"end":{"line":380,"column":84}},"type":"binary-expr","locations":[{"start":{"line":380,"column":8},"end":{"line":380,"column":44}},{"start":{"line":380,"column":48},"end":{"line":380,"column":84}}],"line":380},"85":{"loc":{"start":{"line":382,"column":6},"end":{"line":382,"column":50}},"type":"if","locations":[{"start":{"line":382,"column":6},"end":{"line":382,"column":50}},{"start":{},"end":{}}],"line":382},"86":{"loc":{"start":{"line":383,"column":6},"end":{"line":383,"column":51}},"type":"if","locations":[{"start":{"line":383,"column":6},"end":{"line":383,"column":51}},{"start":{},"end":{}}],"line":383},"87":{"loc":{"start":{"line":385,"column":20},"end":{"line":386,"column":99}},"type":"cond-expr","locations":[{"start":{"line":385,"column":50},"end":{"line":385,"column":69}},{"start":{"line":386,"column":8},"end":{"line":386,"column":99}}],"line":385},"88":{"loc":{"start":{"line":387,"column":20},"end":{"line":388,"column":99}},"type":"cond-expr","locations":[{"start":{"line":387,"column":50},"end":{"line":387,"column":69}},{"start":{"line":388,"column":8},"end":{"line":388,"column":99}}],"line":387},"89":{"loc":{"start":{"line":389,"column":13},"end":{"line":389,"column":55}},"type":"cond-expr","locations":[{"start":{"line":389,"column":29},"end":{"line":389,"column":30}},{"start":{"line":389,"column":33},"end":{"line":389,"column":55}}],"line":389},"90":{"loc":{"start":{"line":389,"column":33},"end":{"line":389,"column":55}},"type":"cond-expr","locations":[{"start":{"line":389,"column":49},"end":{"line":389,"column":51}},{"start":{"line":389,"column":54},"end":{"line":389,"column":55}}],"line":389},"91":{"loc":{"start":{"line":394,"column":2},"end":{"line":396,"column":3}},"type":"if","locations":[{"start":{"line":394,"column":2},"end":{"line":396,"column":3}},{"start":{},"end":{}}],"line":394},"92":{"loc":{"start":{"line":399,"column":2},"end":{"line":424,"column":3}},"type":"switch","locations":[{"start":{"line":400,"column":4},"end":{"line":401,"column":62}},{"start":{"line":402,"column":4},"end":{"line":402,"column":16}},{"start":{"line":403,"column":4},"end":{"line":404,"column":52}},{"start":{"line":405,"column":4},"end":{"line":411,"column":68}},{"start":{"line":412,"column":4},"end":{"line":418,"column":56}},{"start":{"line":419,"column":4},"end":{"line":421,"column":64}},{"start":{"line":422,"column":4},"end":{"line":423,"column":18}}],"line":399},"93":{"loc":{"start":{"line":407,"column":6},"end":{"line":407,"column":59}},"type":"if","locations":[{"start":{"line":407,"column":6},"end":{"line":407,"column":59}},{"start":{},"end":{}}],"line":407},"94":{"loc":{"start":{"line":409,"column":23},"end":{"line":409,"column":107}},"type":"cond-expr","locations":[{"start":{"line":409,"column":53},"end":{"line":409,"column":72}},{"start":{"line":409,"column":75},"end":{"line":409,"column":107}}],"line":409},"95":{"loc":{"start":{"line":410,"column":23},"end":{"line":410,"column":107}},"type":"cond-expr","locations":[{"start":{"line":410,"column":53},"end":{"line":410,"column":72}},{"start":{"line":410,"column":75},"end":{"line":410,"column":107}}],"line":410},"96":{"loc":{"start":{"line":411,"column":13},"end":{"line":411,"column":67}},"type":"cond-expr","locations":[{"start":{"line":411,"column":35},"end":{"line":411,"column":36}},{"start":{"line":411,"column":39},"end":{"line":411,"column":67}}],"line":411},"97":{"loc":{"start":{"line":411,"column":39},"end":{"line":411,"column":67}},"type":"cond-expr","locations":[{"start":{"line":411,"column":61},"end":{"line":411,"column":63}},{"start":{"line":411,"column":66},"end":{"line":411,"column":67}}],"line":411},"98":{"loc":{"start":{"line":414,"column":6},"end":{"line":414,"column":55}},"type":"if","locations":[{"start":{"line":414,"column":6},"end":{"line":414,"column":55}},{"start":{},"end":{}}],"line":414},"99":{"loc":{"start":{"line":416,"column":20},"end":{"line":416,"column":109}},"type":"cond-expr","locations":[{"start":{"line":416,"column":50},"end":{"line":416,"column":69}},{"start":{"line":416,"column":72},"end":{"line":416,"column":109}}],"line":416},"100":{"loc":{"start":{"line":417,"column":20},"end":{"line":417,"column":109}},"type":"cond-expr","locations":[{"start":{"line":417,"column":50},"end":{"line":417,"column":69}},{"start":{"line":417,"column":72},"end":{"line":417,"column":109}}],"line":417},"101":{"loc":{"start":{"line":418,"column":13},"end":{"line":418,"column":55}},"type":"cond-expr","locations":[{"start":{"line":418,"column":29},"end":{"line":418,"column":30}},{"start":{"line":418,"column":33},"end":{"line":418,"column":55}}],"line":418},"102":{"loc":{"start":{"line":418,"column":33},"end":{"line":418,"column":55}},"type":"cond-expr","locations":[{"start":{"line":418,"column":49},"end":{"line":418,"column":51}},{"start":{"line":418,"column":54},"end":{"line":418,"column":55}}],"line":418},"103":{"loc":{"start":{"line":431,"column":2},"end":{"line":436,"column":3}},"type":"if","locations":[{"start":{"line":431,"column":2},"end":{"line":436,"column":3}},{"start":{"line":434,"column":9},"end":{"line":436,"column":3}}],"line":431},"104":{"loc":{"start":{"line":433,"column":11},"end":{"line":433,"column":70}},"type":"cond-expr","locations":[{"start":{"line":433,"column":46},"end":{"line":433,"column":64}},{"start":{"line":433,"column":67},"end":{"line":433,"column":70}}],"line":433},"105":{"loc":{"start":{"line":435,"column":11},"end":{"line":435,"column":87}},"type":"cond-expr","locations":[{"start":{"line":435,"column":38},"end":{"line":435,"column":60}},{"start":{"line":435,"column":63},"end":{"line":435,"column":87}}],"line":435},"106":{"loc":{"start":{"line":438,"column":2},"end":{"line":442,"column":3}},"type":"if","locations":[{"start":{"line":438,"column":2},"end":{"line":442,"column":3}},{"start":{"line":440,"column":9},"end":{"line":442,"column":3}}],"line":438},"107":{"loc":{"start":{"line":439,"column":11},"end":{"line":439,"column":70}},"type":"cond-expr","locations":[{"start":{"line":439,"column":46},"end":{"line":439,"column":64}},{"start":{"line":439,"column":67},"end":{"line":439,"column":70}}],"line":439},"108":{"loc":{"start":{"line":441,"column":11},"end":{"line":441,"column":87}},"type":"cond-expr","locations":[{"start":{"line":441,"column":38},"end":{"line":441,"column":60}},{"start":{"line":441,"column":63},"end":{"line":441,"column":87}}],"line":441},"109":{"loc":{"start":{"line":444,"column":9},"end":{"line":444,"column":47}},"type":"cond-expr","locations":[{"start":{"line":444,"column":23},"end":{"line":444,"column":24}},{"start":{"line":444,"column":27},"end":{"line":444,"column":47}}],"line":444},"110":{"loc":{"start":{"line":444,"column":27},"end":{"line":444,"column":47}},"type":"cond-expr","locations":[{"start":{"line":444,"column":41},"end":{"line":444,"column":43}},{"start":{"line":444,"column":46},"end":{"line":444,"column":47}}],"line":444},"111":{"loc":{"start":{"line":450,"column":9},"end":{"line":450,"column":31}},"type":"binary-expr","locations":[{"start":{"line":450,"column":9},"end":{"line":450,"column":26}},{"start":{"line":450,"column":30},"end":{"line":450,"column":31}}],"line":450},"112":{"loc":{"start":{"line":461,"column":2},"end":{"line":463,"column":3}},"type":"if","locations":[{"start":{"line":461,"column":2},"end":{"line":463,"column":3}},{"start":{},"end":{}}],"line":461},"113":{"loc":{"start":{"line":469,"column":6},"end":{"line":480,"column":7}},"type":"if","locations":[{"start":{"line":469,"column":6},"end":{"line":480,"column":7}},{"start":{"line":474,"column":13},"end":{"line":480,"column":7}}],"line":469},"114":{"loc":{"start":{"line":471,"column":8},"end":{"line":473,"column":9}},"type":"if","locations":[{"start":{"line":471,"column":8},"end":{"line":473,"column":9}},{"start":{},"end":{}}],"line":471},"115":{"loc":{"start":{"line":474,"column":13},"end":{"line":480,"column":7}},"type":"if","locations":[{"start":{"line":474,"column":13},"end":{"line":480,"column":7}},{"start":{"line":477,"column":13},"end":{"line":480,"column":7}}],"line":474},"116":{"loc":{"start":{"line":478,"column":26},"end":{"line":478,"column":99}},"type":"cond-expr","locations":[{"start":{"line":478,"column":52},"end":{"line":478,"column":73}},{"start":{"line":478,"column":76},"end":{"line":478,"column":99}}],"line":478},"117":{"loc":{"start":{"line":486,"column":2},"end":{"line":488,"column":3}},"type":"if","locations":[{"start":{"line":486,"column":2},"end":{"line":488,"column":3}},{"start":{},"end":{}}],"line":486},"118":{"loc":{"start":{"line":494,"column":15},"end":{"line":494,"column":70}},"type":"binary-expr","locations":[{"start":{"line":494,"column":15},"end":{"line":494,"column":34}},{"start":{"line":494,"column":38},"end":{"line":494,"column":70}}],"line":494},"119":{"loc":{"start":{"line":495,"column":15},"end":{"line":495,"column":70}},"type":"binary-expr","locations":[{"start":{"line":495,"column":15},"end":{"line":495,"column":34}},{"start":{"line":495,"column":38},"end":{"line":495,"column":70}}],"line":495},"120":{"loc":{"start":{"line":496,"column":9},"end":{"line":496,"column":47}},"type":"cond-expr","locations":[{"start":{"line":496,"column":23},"end":{"line":496,"column":24}},{"start":{"line":496,"column":27},"end":{"line":496,"column":47}}],"line":496},"121":{"loc":{"start":{"line":496,"column":27},"end":{"line":496,"column":47}},"type":"cond-expr","locations":[{"start":{"line":496,"column":41},"end":{"line":496,"column":43}},{"start":{"line":496,"column":46},"end":{"line":496,"column":47}}],"line":496},"122":{"loc":{"start":{"line":506,"column":14},"end":{"line":506,"column":94}},"type":"cond-expr","locations":[{"start":{"line":506,"column":37},"end":{"line":506,"column":38}},{"start":{"line":506,"column":42},"end":{"line":506,"column":93}}],"line":506},"123":{"loc":{"start":{"line":506,"column":42},"end":{"line":506,"column":93}},"type":"cond-expr","locations":[{"start":{"line":506,"column":66},"end":{"line":506,"column":86}},{"start":{"line":506,"column":89},"end":{"line":506,"column":93}}],"line":506},"124":{"loc":{"start":{"line":508,"column":2},"end":{"line":508,"column":34}},"type":"if","locations":[{"start":{"line":508,"column":2},"end":{"line":508,"column":34}},{"start":{},"end":{}}],"line":508},"125":{"loc":{"start":{"line":512,"column":2},"end":{"line":514,"column":3}},"type":"if","locations":[{"start":{"line":512,"column":2},"end":{"line":514,"column":3}},{"start":{},"end":{}}],"line":512},"126":{"loc":{"start":{"line":512,"column":6},"end":{"line":512,"column":74}},"type":"binary-expr","locations":[{"start":{"line":512,"column":6},"end":{"line":512,"column":16}},{"start":{"line":512,"column":20},"end":{"line":512,"column":52}},{"start":{"line":512,"column":56},"end":{"line":512,"column":74}}],"line":512}},"s":{"0":7,"1":53,"2":0,"3":53,"4":25,"5":28,"6":3,"7":25,"8":3,"9":22,"10":16,"11":16,"12":5,"13":17,"14":6,"15":6,"16":2,"17":15,"18":11,"19":11,"20":8,"21":7,"22":4,"23":4,"24":1,"25":6,"26":3,"27":3,"28":3,"29":3,"30":3,"31":0,"32":3,"33":6,"34":3,"35":1,"36":2,"37":4,"38":2,"39":1,"40":1,"41":1,"42":1,"43":3,"44":0,"45":3,"46":9,"47":9,"48":3,"49":9,"50":3,"51":0,"52":3,"53":3,"54":2,"55":1,"56":16,"57":0,"58":16,"59":16,"60":16,"61":16,"62":64,"63":0,"64":64,"65":5,"66":5,"67":59,"68":59,"69":23,"70":59,"71":16,"72":16,"73":23,"74":16,"75":22,"76":10,"77":6,"78":12,"79":6,"80":0,"81":6,"82":12,"83":6,"84":6,"85":0,"86":6,"87":6,"88":6,"89":6,"90":1,"91":5,"92":5,"93":5,"94":10,"95":4,"96":5,"97":5,"98":8,"99":5,"100":4,"101":6,"102":4,"103":4,"104":4,"105":4,"106":0,"107":5,"108":6,"109":0,"110":6,"111":30,"112":30,"113":6,"114":30,"115":6,"116":6,"117":28,"118":6,"119":17,"120":6,"121":2,"122":2,"123":3,"124":1,"125":1,"126":2,"127":1,"128":2,"129":2,"130":1,"131":1,"132":2,"133":4,"134":4,"135":0,"136":4,"137":20,"138":0,"139":4,"140":20,"141":4,"142":0,"143":4,"144":16,"145":4,"146":20,"147":1,"148":19,"149":1,"150":18,"151":20,"152":15,"153":4,"154":4,"155":0,"156":4,"157":4,"158":15,"159":0,"160":4,"161":4,"162":20,"163":4,"164":4,"165":4,"166":1,"167":4,"168":11,"169":0,"170":11,"171":44,"172":1,"173":10,"174":40,"175":10,"176":10,"177":8,"178":2,"179":4,"180":0,"181":4,"182":20,"183":1,"184":3,"185":15,"186":14,"187":3,"188":0,"189":3,"190":3,"191":2,"192":1,"193":1,"194":1,"195":5,"196":5,"197":1,"198":0,"199":13,"200":0,"201":13,"202":0,"203":13,"204":5,"205":1,"206":4,"207":0,"208":4,"209":2,"210":2,"211":2,"212":1,"213":1,"214":0,"215":1,"216":0,"217":0,"218":1,"219":0,"220":0,"221":1,"222":8,"223":0,"224":8,"225":6,"226":2,"227":0,"228":0,"229":0,"230":0,"231":0,"232":0,"233":0,"234":0,"235":0,"236":0,"237":0,"238":0,"239":6,"240":0,"241":6,"242":6,"243":0,"244":6,"245":6,"246":0,"247":0,"248":2,"249":1,"250":1,"251":1,"252":1,"253":1,"254":0,"255":0,"256":1,"257":0,"258":1,"259":1,"260":1,"261":0,"262":1,"263":4,"264":4,"265":4,"266":0,"267":0,"268":0,"269":0,"270":0,"271":0,"272":0,"273":0,"274":0,"275":0,"276":0,"277":0,"278":7},"f":{"0":53,"1":3,"2":6,"3":4,"4":1,"5":3,"6":9,"7":9,"8":9,"9":16,"10":64,"11":23,"12":12,"13":12,"14":6,"15":10,"16":4,"17":8,"18":6,"19":6,"20":30,"21":30,"22":30,"23":28,"24":17,"25":2,"26":2,"27":1,"28":4,"29":20,"30":20,"31":16,"32":20,"33":20,"34":15,"35":20,"36":11,"37":44,"38":40,"39":4,"40":20,"41":15,"42":14,"43":5,"44":5,"45":13,"46":0,"47":0,"48":0,"49":0,"50":6,"51":0,"52":2,"53":4,"54":0,"55":0,"56":0,"57":0},"b":{"0":[0,53],"1":[53,53],"2":[25,28],"3":[3,25],"4":[3,22],"5":[16,6],"6":[22,22],"7":[5,11],"8":[6,11],"9":[2,4],"10":[11,4],"11":[8,3],"12":[4,3],"13":[1,3],"14":[3,3],"15":[3,0],"16":[0,3],"17":[6,1],"18":[1,2],"19":[3,2,0],"20":[1,1],"21":[1,0],"22":[0,3],"23":[9,1],"24":[0,3],"25":[2,1],"26":[3,1,0],"27":[0,16],"28":[16,16],"29":[0,64],"30":[64,5],"31":[5,59],"32":[23,36],"33":[10,12],"34":[22,18],"35":[0,6],"36":[0,6],"37":[6,0],"38":[1,5],"39":[5,0],"40":[4,1],"41":[5,4],"42":[4,0],"43":[4,4],"44":[0,6],"45":[30,3],"46":[28,23],"47":[2,4],"48":[6,2,1,1,1,1],"49":[1,2],"50":[1,1],"51":[2,1],"52":[0,4],"53":[0,4],"54":[20,2,1],"55":[0,4],"56":[1,19],"57":[1,18],"58":[0,4],"59":[0,15],"60":[1,3],"61":[4,1,1],"62":[0,11],"63":[1,10],"64":[40,0],"65":[8,2],"66":[0,4],"67":[1,3],"68":[0,3],"69":[2,1],"70":[1,0],"71":[0,13],"72":[13,5],"73":[0,13],"74":[13,5],"75":[5,8],"76":[13,5],"77":[1,4],"78":[5,3],"79":[0,4],"80":[4,2],"81":[2,2],"82":[4,2],"83":[2,0],"84":[2,2],"85":[1,1],"86":[0,1],"87":[1,0],"88":[1,0],"89":[1,0],"90":[0,0],"91":[0,8],"92":[6,2,2,0,0,0,0],"93":[0,0],"94":[0,0],"95":[0,0],"96":[0,0],"97":[0,0],"98":[0,0],"99":[0,0],"100":[0,0],"101":[0,0],"102":[0,0],"103":[0,6],"104":[0,0],"105":[0,6],"106":[0,6],"107":[0,0],"108":[0,6],"109":[6,0],"110":[0,0],"111":[0,0],"112":[1,1],"113":[0,1],"114":[0,0],"115":[0,1],"116":[0,1],"117":[0,1],"118":[4,0],"119":[4,0],"120":[3,1],"121":[0,1],"122":[0,0],"123":[0,0],"124":[0,0],"125":[0,0],"126":[0,0,0]},"_coverageSchema":"1a1c01bbd47fc00a2c39e90264f33305004495a9","hash":"4e5967815d9f51207111ab5ee7aff01aebd97f53"}
,"/Users/dylansalmo/Desktop/Tichu/backend/game/deck.js": {"path":"/Users/dylansalmo/Desktop/Tichu/backend/game/deck.js","statementMap":{"0":{"start":{"line":6,"column":14},"end":{"line":6,"column":55}},"1":{"start":{"line":7,"column":14},"end":{"line":7,"column":80}},"2":{"start":{"line":8,"column":22},"end":{"line":8,"column":61}},"3":{"start":{"line":14,"column":15},"end":{"line":14,"column":17}},"4":{"start":{"line":15,"column":2},"end":{"line":24,"column":3}},"5":{"start":{"line":16,"column":4},"end":{"line":23,"column":5}},"6":{"start":{"line":17,"column":6},"end":{"line":22,"column":9}},"7":{"start":{"line":25,"column":2},"end":{"line":25,"column":14}},"8":{"start":{"line":32,"column":2},"end":{"line":37,"column":4}},"9":{"start":{"line":44,"column":23},"end":{"line":44,"column":43}},"10":{"start":{"line":45,"column":23},"end":{"line":45,"column":43}},"11":{"start":{"line":46,"column":2},"end":{"line":46,"column":44}},"12":{"start":{"line":53,"column":19},"end":{"line":53,"column":28}},"13":{"start":{"line":54,"column":2},"end":{"line":57,"column":3}},"14":{"start":{"line":54,"column":15},"end":{"line":54,"column":34}},"15":{"start":{"line":55,"column":14},"end":{"line":55,"column":49}},"16":{"start":{"line":56,"column":4},"end":{"line":56,"column":60}},"17":{"start":{"line":58,"column":2},"end":{"line":58,"column":18}},"18":{"start":{"line":65,"column":17},"end":{"line":68,"column":3}},"19":{"start":{"line":69,"column":2},"end":{"line":69,"column":27}},"20":{"start":{"line":76,"column":2},"end":{"line":80,"column":3}},"21":{"start":{"line":77,"column":4},"end":{"line":77,"column":42}},"22":{"start":{"line":77,"column":32},"end":{"line":77,"column":42}},"23":{"start":{"line":78,"column":4},"end":{"line":78,"column":44}},"24":{"start":{"line":78,"column":33},"end":{"line":78,"column":44}},"25":{"start":{"line":79,"column":4},"end":{"line":79,"column":13}},"26":{"start":{"line":82,"column":2},"end":{"line":82,"column":34}},"27":{"start":{"line":82,"column":25},"end":{"line":82,"column":34}},"28":{"start":{"line":83,"column":2},"end":{"line":83,"column":57}},"29":{"start":{"line":83,"column":47},"end":{"line":83,"column":57}},"30":{"start":{"line":84,"column":2},"end":{"line":84,"column":11}},"31":{"start":{"line":94,"column":23},"end":{"line":94,"column":67}},"32":{"start":{"line":94,"column":64},"end":{"line":94,"column":66}},"33":{"start":{"line":95,"column":25},"end":{"line":95,"column":69}},"34":{"start":{"line":95,"column":66},"end":{"line":95,"column":68}},"35":{"start":{"line":96,"column":19},"end":{"line":96,"column":36}},"36":{"start":{"line":99,"column":2},"end":{"line":105,"column":3}},"37":{"start":{"line":99,"column":19},"end":{"line":99,"column":20}},"38":{"start":{"line":100,"column":4},"end":{"line":104,"column":5}},"39":{"start":{"line":100,"column":22},"end":{"line":100,"column":23}},"40":{"start":{"line":101,"column":6},"end":{"line":103,"column":7}},"41":{"start":{"line":102,"column":8},"end":{"line":102,"column":52}},"42":{"start":{"line":108,"column":2},"end":{"line":114,"column":3}},"43":{"start":{"line":108,"column":19},"end":{"line":108,"column":20}},"44":{"start":{"line":109,"column":4},"end":{"line":113,"column":5}},"45":{"start":{"line":109,"column":22},"end":{"line":109,"column":23}},"46":{"start":{"line":110,"column":6},"end":{"line":112,"column":7}},"47":{"start":{"line":111,"column":8},"end":{"line":111,"column":54}},"48":{"start":{"line":116,"column":2},"end":{"line":120,"column":4}},"49":{"start":{"line":130,"column":17},"end":{"line":130,"column":53}},"50":{"start":{"line":132,"column":16},"end":{"line":134,"column":3}},"51":{"start":{"line":133,"column":4},"end":{"line":133,"column":49}},"52":{"start":{"line":135,"column":2},"end":{"line":138,"column":4}},"53":{"start":{"line":141,"column":0},"end":{"line":151,"column":2}}},"fnMap":{"0":{"name":"createStandardDeck","decl":{"start":{"line":13,"column":9},"end":{"line":13,"column":27}},"loc":{"start":{"line":13,"column":30},"end":{"line":26,"column":1}},"line":13},"1":{"name":"createSpecialCards","decl":{"start":{"line":31,"column":9},"end":{"line":31,"column":27}},"loc":{"start":{"line":31,"column":30},"end":{"line":38,"column":1}},"line":31},"2":{"name":"createTichuDeck","decl":{"start":{"line":43,"column":9},"end":{"line":43,"column":24}},"loc":{"start":{"line":43,"column":27},"end":{"line":47,"column":1}},"line":43},"3":{"name":"shuffleDeck","decl":{"start":{"line":52,"column":9},"end":{"line":52,"column":20}},"loc":{"start":{"line":52,"column":27},"end":{"line":59,"column":1}},"line":52},"4":{"name":"getCardValue","decl":{"start":{"line":64,"column":9},"end":{"line":64,"column":21}},"loc":{"start":{"line":64,"column":28},"end":{"line":70,"column":1}},"line":64},"5":{"name":"getCardPoints","decl":{"start":{"line":75,"column":9},"end":{"line":75,"column":22}},"loc":{"start":{"line":75,"column":29},"end":{"line":85,"column":1}},"line":75},"6":{"name":"dealInitialCards","decl":{"start":{"line":93,"column":9},"end":{"line":93,"column":25}},"loc":{"start":{"line":93,"column":50},"end":{"line":121,"column":1}},"line":93},"7":{"name":"(anonymous_7)","decl":{"start":{"line":94,"column":58},"end":{"line":94,"column":59}},"loc":{"start":{"line":94,"column":64},"end":{"line":94,"column":66}},"line":94},"8":{"name":"(anonymous_8)","decl":{"start":{"line":95,"column":60},"end":{"line":95,"column":61}},"loc":{"start":{"line":95,"column":66},"end":{"line":95,"column":68}},"line":95},"9":{"name":"dealCards","decl":{"start":{"line":129,"column":9},"end":{"line":129,"column":18}},"loc":{"start":{"line":129,"column":43},"end":{"line":139,"column":1}},"line":129},"10":{"name":"(anonymous_10)","decl":{"start":{"line":132,"column":40},"end":{"line":132,"column":41}},"loc":{"start":{"line":133,"column":4},"end":{"line":133,"column":49}},"line":133}},"branchMap":{"0":{"loc":{"start":{"line":69,"column":9},"end":{"line":69,"column":26}},"type":"binary-expr","locations":[{"start":{"line":69,"column":9},"end":{"line":69,"column":21}},{"start":{"line":69,"column":25},"end":{"line":69,"column":26}}],"line":69},"1":{"loc":{"start":{"line":76,"column":2},"end":{"line":80,"column":3}},"type":"if","locations":[{"start":{"line":76,"column":2},"end":{"line":80,"column":3}},{"start":{},"end":{}}],"line":76},"2":{"loc":{"start":{"line":77,"column":4},"end":{"line":77,"column":42}},"type":"if","locations":[{"start":{"line":77,"column":4},"end":{"line":77,"column":42}},{"start":{},"end":{}}],"line":77},"3":{"loc":{"start":{"line":78,"column":4},"end":{"line":78,"column":44}},"type":"if","locations":[{"start":{"line":78,"column":4},"end":{"line":78,"column":44}},{"start":{},"end":{}}],"line":78},"4":{"loc":{"start":{"line":82,"column":2},"end":{"line":82,"column":34}},"type":"if","locations":[{"start":{"line":82,"column":2},"end":{"line":82,"column":34}},{"start":{},"end":{}}],"line":82},"5":{"loc":{"start":{"line":83,"column":2},"end":{"line":83,"column":57}},"type":"if","locations":[{"start":{"line":83,"column":2},"end":{"line":83,"column":57}},{"start":{},"end":{}}],"line":83},"6":{"loc":{"start":{"line":83,"column":6},"end":{"line":83,"column":45}},"type":"binary-expr","locations":[{"start":{"line":83,"column":6},"end":{"line":83,"column":24}},{"start":{"line":83,"column":28},"end":{"line":83,"column":45}}],"line":83},"7":{"loc":{"start":{"line":93,"column":32},"end":{"line":93,"column":48}},"type":"default-arg","locations":[{"start":{"line":93,"column":47},"end":{"line":93,"column":48}}],"line":93},"8":{"loc":{"start":{"line":101,"column":6},"end":{"line":103,"column":7}},"type":"if","locations":[{"start":{"line":101,"column":6},"end":{"line":103,"column":7}},{"start":{},"end":{}}],"line":101},"9":{"loc":{"start":{"line":110,"column":6},"end":{"line":112,"column":7}},"type":"if","locations":[{"start":{"line":110,"column":6},"end":{"line":112,"column":7}},{"start":{},"end":{}}],"line":110},"10":{"loc":{"start":{"line":129,"column":25},"end":{"line":129,"column":41}},"type":"default-arg","locations":[{"start":{"line":129,"column":40},"end":{"line":129,"column":41}}],"line":129}},"s":{"0":8,"1":8,"2":8,"3":11,"4":11,"5":44,"6":572,"7":11,"8":11,"9":11,"10":11,"11":11,"12":7,"13":7,"14":7,"15":385,"16":385,"17":7,"18":651,"19":651,"20":18,"21":7,"22":4,"23":3,"24":1,"25":2,"26":11,"27":2,"28":9,"29":4,"30":5,"31":3,"32":12,"33":3,"34":12,"35":3,"36":3,"37":3,"38":24,"39":24,"40":96,"41":96,"42":3,"43":3,"44":18,"45":18,"46":72,"47":72,"48":3,"49":0,"50":0,"51":0,"52":0,"53":8},"f":{"0":11,"1":11,"2":11,"3":7,"4":651,"5":18,"6":3,"7":12,"8":12,"9":0,"10":0},"b":{"0":[651,1],"1":[7,11],"2":[4,3],"3":[1,2],"4":[2,9],"5":[4,5],"6":[9,8],"7":[0],"8":[96,0],"9":[72,0],"10":[0]},"_coverageSchema":"1a1c01bbd47fc00a2c39e90264f33305004495a9","hash":"c3ef9d6c5e6160e97e423a3e5ff3b3a9f13789f1"}
,"/Users/dylansalmo/Desktop/Tichu/backend/game/declarations.js": {"path":"/Users/dylansalmo/Desktop/Tichu/backend/game/declarations.js","statementMap":{"0":{"start":{"line":10,"column":2},"end":{"line":12,"column":3}},"1":{"start":{"line":11,"column":4},"end":{"line":11,"column":76}},"2":{"start":{"line":15,"column":2},"end":{"line":17,"column":3}},"3":{"start":{"line":16,"column":4},"end":{"line":16,"column":89}},"4":{"start":{"line":19,"column":2},"end":{"line":19,"column":47}},"5":{"start":{"line":21,"column":2},"end":{"line":21,"column":38}},"6":{"start":{"line":22,"column":2},"end":{"line":22,"column":85}},"7":{"start":{"line":24,"column":2},"end":{"line":24,"column":33}},"8":{"start":{"line":31,"column":2},"end":{"line":33,"column":3}},"9":{"start":{"line":32,"column":4},"end":{"line":32,"column":76}},"10":{"start":{"line":35,"column":2},"end":{"line":37,"column":3}},"11":{"start":{"line":36,"column":4},"end":{"line":36,"column":63}},"12":{"start":{"line":40,"column":2},"end":{"line":40,"column":38}},"13":{"start":{"line":41,"column":2},"end":{"line":41,"column":85}},"14":{"start":{"line":43,"column":2},"end":{"line":43,"column":33}},"15":{"start":{"line":51,"column":2},"end":{"line":53,"column":3}},"16":{"start":{"line":52,"column":4},"end":{"line":52,"column":79}},"17":{"start":{"line":56,"column":2},"end":{"line":58,"column":3}},"18":{"start":{"line":57,"column":4},"end":{"line":57,"column":96}},"19":{"start":{"line":61,"column":24},"end":{"line":61,"column":63}},"20":{"start":{"line":62,"column":2},"end":{"line":64,"column":3}},"21":{"start":{"line":63,"column":4},"end":{"line":63,"column":76}},"22":{"start":{"line":66,"column":2},"end":{"line":66,"column":42}},"23":{"start":{"line":67,"column":2},"end":{"line":67,"column":33}},"24":{"start":{"line":70,"column":0},"end":{"line":74,"column":2}}},"fnMap":{"0":{"name":"declareGrandTichu","decl":{"start":{"line":9,"column":9},"end":{"line":9,"column":26}},"loc":{"start":{"line":9,"column":43},"end":{"line":25,"column":1}},"line":9},"1":{"name":"revealRemainingCards","decl":{"start":{"line":30,"column":9},"end":{"line":30,"column":29}},"loc":{"start":{"line":30,"column":46},"end":{"line":44,"column":1}},"line":30},"2":{"name":"declareTichu","decl":{"start":{"line":50,"column":9},"end":{"line":50,"column":21}},"loc":{"start":{"line":50,"column":38},"end":{"line":68,"column":1}},"line":50}},"branchMap":{"0":{"loc":{"start":{"line":10,"column":2},"end":{"line":12,"column":3}},"type":"if","locations":[{"start":{"line":10,"column":2},"end":{"line":12,"column":3}},{"start":{},"end":{}}],"line":10},"1":{"loc":{"start":{"line":15,"column":2},"end":{"line":17,"column":3}},"type":"if","locations":[{"start":{"line":15,"column":2},"end":{"line":17,"column":3}},{"start":{},"end":{}}],"line":15},"2":{"loc":{"start":{"line":31,"column":2},"end":{"line":33,"column":3}},"type":"if","locations":[{"start":{"line":31,"column":2},"end":{"line":33,"column":3}},{"start":{},"end":{}}],"line":31},"3":{"loc":{"start":{"line":35,"column":2},"end":{"line":37,"column":3}},"type":"if","locations":[{"start":{"line":35,"column":2},"end":{"line":37,"column":3}},{"start":{},"end":{}}],"line":35},"4":{"loc":{"start":{"line":51,"column":2},"end":{"line":53,"column":3}},"type":"if","locations":[{"start":{"line":51,"column":2},"end":{"line":53,"column":3}},{"start":{},"end":{}}],"line":51},"5":{"loc":{"start":{"line":56,"column":2},"end":{"line":58,"column":3}},"type":"if","locations":[{"start":{"line":56,"column":2},"end":{"line":58,"column":3}},{"start":{},"end":{}}],"line":56},"6":{"loc":{"start":{"line":62,"column":2},"end":{"line":64,"column":3}},"type":"if","locations":[{"start":{"line":62,"column":2},"end":{"line":64,"column":3}},{"start":{},"end":{}}],"line":62}},"s":{"0":4,"1":1,"2":3,"3":1,"4":2,"5":2,"6":2,"7":2,"8":4,"9":1,"10":3,"11":1,"12":2,"13":2,"14":2,"15":4,"16":1,"17":3,"18":1,"19":2,"20":2,"21":1,"22":1,"23":1,"24":1},"f":{"0":4,"1":4,"2":4},"b":{"0":[1,3],"1":[1,2],"2":[1,3],"3":[1,2],"4":[1,3],"5":[1,2],"6":[1,1]},"_coverageSchema":"1a1c01bbd47fc00a2c39e90264f33305004495a9","hash":"0815dc9e183130fe077a3facb0e8b44768f76388"}
,"/Users/dylansalmo/Desktop/Tichu/backend/game/exchange.js": {"path":"/Users/dylansalmo/Desktop/Tichu/backend/game/exchange.js","statementMap":{"0":{"start":{"line":12,"column":16},"end":{"line":12,"column":36}},"1":{"start":{"line":13,"column":14},"end":{"line":13,"column":57}},"2":{"start":{"line":13,"column":35},"end":{"line":13,"column":56}},"3":{"start":{"line":14,"column":2},"end":{"line":14,"column":50}},"4":{"start":{"line":14,"column":40},"end":{"line":14,"column":50}},"5":{"start":{"line":15,"column":16},"end":{"line":15,"column":26}},"6":{"start":{"line":16,"column":2},"end":{"line":20,"column":4}},"7":{"start":{"line":29,"column":2},"end":{"line":31,"column":3}},"8":{"start":{"line":30,"column":4},"end":{"line":30,"column":63}},"9":{"start":{"line":33,"column":2},"end":{"line":35,"column":3}},"10":{"start":{"line":34,"column":4},"end":{"line":34,"column":70}},"11":{"start":{"line":37,"column":17},"end":{"line":37,"column":58}},"12":{"start":{"line":37,"column":40},"end":{"line":37,"column":57}},"13":{"start":{"line":38,"column":2},"end":{"line":40,"column":3}},"14":{"start":{"line":39,"column":4},"end":{"line":39,"column":57}},"15":{"start":{"line":43,"column":15},"end":{"line":43,"column":35}},"16":{"start":{"line":44,"column":2},"end":{"line":52,"column":3}},"17":{"start":{"line":45,"column":22},"end":{"line":48,"column":5}},"18":{"start":{"line":46,"column":6},"end":{"line":47,"column":99}},"19":{"start":{"line":49,"column":4},"end":{"line":51,"column":5}},"20":{"start":{"line":50,"column":6},"end":{"line":50,"column":59}},"21":{"start":{"line":55,"column":2},"end":{"line":55,"column":49}},"22":{"start":{"line":57,"column":2},"end":{"line":57,"column":33}},"23":{"start":{"line":65,"column":20},"end":{"line":65,"column":22}},"24":{"start":{"line":66,"column":18},"end":{"line":66,"column":30}},"25":{"start":{"line":68,"column":2},"end":{"line":74,"column":3}},"26":{"start":{"line":68,"column":15},"end":{"line":68,"column":16}},"27":{"start":{"line":69,"column":18},"end":{"line":69,"column":28}},"28":{"start":{"line":70,"column":4},"end":{"line":72,"column":5}},"29":{"start":{"line":71,"column":6},"end":{"line":71,"column":76}},"30":{"start":{"line":73,"column":4},"end":{"line":73,"column":82}},"31":{"start":{"line":76,"column":2},"end":{"line":94,"column":3}},"32":{"start":{"line":77,"column":22},"end":{"line":77,"column":48}},"33":{"start":{"line":78,"column":23},"end":{"line":78,"column":66}},"34":{"start":{"line":79,"column":4},"end":{"line":81,"column":5}},"35":{"start":{"line":80,"column":6},"end":{"line":80,"column":74}},"36":{"start":{"line":82,"column":4},"end":{"line":93,"column":5}},"37":{"start":{"line":82,"column":17},"end":{"line":82,"column":18}
[...]
2},"end":{"line":206,"column":3}},"84":{"start":{"line":202,"column":22},"end":{"line":202,"column":69}},"85":{"start":{"line":203,"column":4},"end":{"line":205,"column":5}},"86":{"start":{"line":204,"column":6},"end":{"line":204,"column":50}},"87":{"start":{"line":209,"column":2},"end":{"line":209,"column":38}},"88":{"start":{"line":210,"column":2},"end":{"line":210,"column":27}},"89":{"start":{"line":213,"column":2},"end":{"line":213,"column":22}},"90":{"start":{"line":215,"column":2},"end":{"line":215,"column":33}},"91":{"start":{"line":218,"column":0},"end":{"line":223,"column":2}}},"fnMap":{"0":{"name":"getCurrentWinningPlay","decl":{"start":{"line":16,"column":9},"end":{"line":16,"column":30}},"loc":{"start":{"line":16,"column":45},"end":{"line":31,"column":1}},"line":16},"1":{"name":"startNewTrick","decl":{"start":{"line":37,"column":9},"end":{"line":37,"column":22}},"loc":{"start":{"line":37,"column":29},"end":{"line":81,"column":1}},"line":37},"2":{"name":"(anonymous_2)","decl":{"start":{"line":44,"column":51},"end":{"line":44,"column":52}},"loc":{"start":{"line":44,"column":56},"end":{"line":44,"column":80}},"line":44},"3":{"name":"(anonymous_3)","decl":{"start":{"line":59,"column":51},"end":{"line":59,"column":52}},"loc":{"start":{"line":59,"column":56},"end":{"line":59,"column":78}},"line":59},"4":{"name":"winTrick","decl":{"start":{"line":87,"column":9},"end":{"line":87,"column":17}},"loc":{"start":{"line":87,"column":34},"end":{"line":163,"column":1}},"line":87},"5":{"name":"(anonymous_5)","decl":{"start":{"line":88,"column":35},"end":{"line":88,"column":36}},"loc":{"start":{"line":88,"column":40},"end":{"line":88,"column":57}},"line":88},"6":{"name":"selectDragonOpponent","decl":{"start":{"line":168,"column":9},"end":{"line":168,"column":29}},"loc":{"start":{"line":168,"column":72},"end":{"line":216,"column":1}},"line":168},"7":{"name":"(anonymous_7)","decl":{"start":{"line":180,"column":41},"end":{"line":180,"column":42}},"loc":{"start":{"line":180,"column":46},"end":{"line":180,"column":69}},"line":180},"8":{"name":"(anonymous_8)","decl":{"start":{"line":181,"column":45},"end":{"line":181,"column":46}},"loc":{"start":{"line":181,"column":50},"end":{"line":181,"column":77}},"line":181}},"branchMap":{"0":{"loc":{"start":{"line":17,"column":2},"end":{"line":17,"column":62}},"type":"if","locations":[{"start":{"line":17,"column":2},"end":{"line":17,"column":62}},{"start":{},"end":{}}],"line":17},"1":{"loc":{"start":{"line":17,"column":6},"end":{"line":17,"column":48}},"type":"binary-expr","locations":[{"start":{"line":17,"column":6},"end":{"line":17,"column":19}},{"start":{"line":17,"column":23},"end":{"line":17,"column":48}}],"line":17},"2":{"loc":{"start":{"line":25,"column":4},"end":{"line":27,"column":5}},"type":"if","locations":[{"start":{"line":25,"column":4},"end":{"line":27,"column":5}},{"start":{},"end":{}}],"line":25},"3":{"loc":{"start":{"line":45,"column":2},"end":{"line":78,"column":3}},"type":"if","locations":[{"start":{"line":45,"column":2},"end":{"line":78,"column":3}},{"start":{"line":65,"column":9},"end":{"line":78,"column":3}}],"line":45},"4":{"loc":{"start":{"line":47,"column":25},"end":{"line":47,"column":88}},"type":"binary-expr","locations":[{"start":{"line":47,"column":25},"end":{"line":47,"column":49}},{"start":{"line":47,"column":53},"end":{"line":47,"column":88}}],"line":47},"5":{"loc":{"start":{"line":48,"column":27},"end":{"line":48,"column":84}},"type":"binary-expr","locations":[{"start":{"line":48,"column":27},"end":{"line":48,"column":42}},{"start":{"line":48,"column":46},"end":{"line":48,"column":84}}],"line":48},"6":{"loc":{"start":{"line":50,"column":4},"end":{"line":64,"column":5}},"type":"if","locations":[{"start":{"line":50,"column":4},"end":{"line":64,"column":5}},{"start":{"line":53,"column":11},"end":{"line":64,"column":5}}],"line":50},"7":{"loc":{"start":{"line":50,"column":8},"end":{"line":50,"column":39}},"type":"binary-expr","locations":[{"start":{"line":50,"column":8},"end":{"line":50,"column":20}},{"start":{"line":50,"column":24},"end":{"line":50,"column":39}}],"line":50},"8":{"loc":{"start":{"line":57,"column":6},"end":{"line":63,"column":7}},"type":"if","locations":[{"start":{"line":57,"column":6},"end":{"line":63,"column":7}},{"start":{},"end":{}}],"line":57},"9":{"loc":{"start":{"line":60,"column":8},"end":{"line":62,"column":9}},"type":"if","locations":[{"start":{"line":60,"column":8},"end":{"line":62,"column":9}},{"start":{},"end":{}}],"line":60},"10":{"loc":{"start":{"line":70,"column":23},"end":{"line":70,"column":80}},"type":"binary-expr","locations":[{"start":{"line":70,"column":23},"end":{"line":70,"column":44}},{"start":{"line":70,"column":48},"end":{"line":70,"column":80}}],"line":70},"11":{"loc":{"start":{"line":71,"column":25},"end":{"line":71,"column":79}},"type":"binary-expr","locations":[{"start":{"line":71,"column":25},"end":{"line":71,"column":40}},{"start":{"line":71,"column":44},"end":{"line":71,"column":79}}],"line":71},"12":{"loc":{"start":{"line":72,"column":6},"end":{"line":76,"column":7}},"type":"if","locations":[{"start":{"line":72,"column":6},"end":{"line":76,"column":7}},{"start":{},"end":{}}],"line":72},"13":{"loc":{"start":{"line":72,"column":10},"end":{"line":72,"column":33}},"type":"binary-expr","locations":[{"start":{"line":72,"column":10},"end":{"line":72,"column":18}},{"start":{"line":72,"column":22},"end":{"line":72,"column":33}}],"line":72},"14":{"loc":{"start":{"line":103,"column":2},"end":{"line":118,"column":3}},"type":"if","locations":[{"start":{"line":103,"column":2},"end":{"line":118,"column":3}},{"start":{"line":113,"column":9},"end":{"line":118,"column":3}}],"line":103},"15":{"loc":{"start":{"line":103,"column":6},"end":{"line":103,"column":66}},"type":"binary-expr","locations":[{"start":{"line":103,"column":6},"end":{"line":103,"column":23}},{"start":{"line":103,"column":27},"end":{"line":103,"column":66}}],"line":103},"16":{"loc":{"start":{"line":122,"column":2},"end":{"line":128,"column":3}},"type":"if","locations":[{"start":{"line":122,"column":2},"end":{"line":128,"column":3}},{"start":{},"end":{}}],"line":122},"17":{"loc":{"start":{"line":123,"column":4},"end":{"line":125,"column":5}},"type":"if","locations":[{"start":{"line":123,"column":4},"end":{"line":125,"column":5}},{"start":{},"end":{}}],"line":123},"18":{"loc":{"start":{"line":134,"column":18},"end":{"line":134,"column":70}},"type":"cond-expr","locations":[{"start":{"line":134,"column":49},"end":{"line":134,"column":53}},{"start":{"line":134,"column":56},"end":{"line":134,"column":70}}],"line":134},"19":{"loc":{"start":{"line":149,"column":2},"end":{"line":156,"column":3}},"type":"if","locations":[{"start":{"line":149,"column":2},"end":{"line":156,"column":3}},{"start":{},"end":{}}],"line":149},"20":{"loc":{"start":{"line":170,"column":2},"end":{"line":172,"column":3}},"type":"if","locations":[{"start":{"line":170,"column":2},"end":{"line":172,"column":3}},{"start":{},"end":{}}],"line":170},"21":{"loc":{"start":{"line":175,"column":2},"end":{"line":177,"column":3}},"type":"if","locations":[{"start":{"line":175,"column":2},"end":{"line":177,"column":3}},{"start":{},"end":{}}],"line":175},"22":{"loc":{"start":{"line":183,"column":2},"end":{"line":185,"column":3}},"type":"if","locations":[{"start":{"line":183,"column":2},"end":{"line":185,"column":3}},{"start":{},"end":{}}],"line":183},"23":{"loc":{"start":{"line":183,"column":6},"end":{"line":183,"column":40}},"type":"binary-expr","locations":[{"start":{"line":183,"column":6},"end":{"line":183,"column":19}},{"start":{"line":183,"column":23},"end":{"line":183,"column":40}}],"line":183},"24":{"loc":{"start":{"line":187,"column":2},"end":{"line":189,"column":3}},"type":"if","locations":[{"start":{"line":187,"column":2},"end":{"line":189,"column":3}},{"start":{},"end":{}}],"line":187},"25":{"loc":{"start":{"line":194,"column":2},"end":{"line":196,"column":3}},"type":"if","locations":[{"start":{"line":194,"column":2},"end":{"line":196,"column":3}},{"start":{},"end":{}}],"line":194},"26":{"loc":{"start":{"line":201,"column":2},"end":{"line":206,"column":3}},"type":"if","locations":[{"start":{"line":201,"column":2},"end":{"line":206,"column":3}},{"start":{},"end":{}}],"line":201},"27":{"loc":{"start":{"line":203,"column":4},"end":{"line":205,"column":5}},"type":"if","locations":[{"start":{"line":203,"column":4},"end":{"line":205,"column":5}},{"start":{},"end":{}}],"line":203}},"s":{"0":5,"1":5,"2":5,"3":12,"4":0,"5":12,"6":12,"7":12,"8":3,"9":3,"10":3,"11":3,"12":12,"13":10,"14":10,"15":10,"16":10,"17":14,"18":10,"19":10,"20":10,"21":10,"22":10,"23":9,"24":1,"25":1,"26":1,"27":1,"28":2,"29":1,"30":1,"31":0,"32":0,"33":0,"34":0,"35":0,"36":0,"37":0,"38":0,"39":0,"40":11,"41":15,"42":11,"43":11,"44":11,"45":9,"46":9,"47":9,"48":11,"49":11,"50":4,"51":7,"52":11,"53":7,"54":0,"55":7,"56":7,"57":11,"58":11,"59":11,"60":4,"61":4,"62":4,"63":7,"64":7,"65":7,"66":2,"67":0,"68":2,"69":0,"70":2,"71":2,"72":2,"73":5,"74":2,"75":0,"76":2,"77":1,"78":1,"79":1,"80":0,"81":1,"82":1,"83":1,"84":1,"85":1,"86":1,"87":1,"88":1,"89":1,"90":1,"91":5},"f":{"0":12,"1":10,"2":14,"3":2,"4":11,"5":15,"6":2,"7":2,"8":5},"b":{"0":[0,12],"1":[12,12],"2":[3,0],"3":[10,0],"4":[10,10],"5":[10,10],"6":[9,1],"7":[10,9],"8":[1,0],"9":[1,0],"10":[0,0],"11":[0,0],"12":[0,0],"13":[0,0],"14":[4,7],"15":[11,4],"16":[7,4],"17":[0,7],"18":[4,7],"19":[4,7],"20":[0,2],"21":[0,2],"22":[0,2],"23":[2,2],"24":[1,1],"25":[0,1],"26":[1,0],"27":[1,0]},"_coverageSchema":"1a1c01bbd47fc00a2c39e90264f33305004495a9","hash":"976793fcd0ac29271206d871acfbf428fb255a0a"}
,"/Users/dylansalmo/Desktop/Tichu/backend/game/turnManagement.js": {"path":"/Users/dylansalmo/Desktop/Tichu/backend/game/turnManagement.js","statementMap":{"0":{"start":{"line":11,"column":2},"end":{"line":11,"column":82}},"1":{"start":{"line":13,"column":20},"end":{"line":13,"column":34}},"2":{"start":{"line":14,"column":17},"end":{"line":14,"column":18}},"3":{"start":{"line":15,"column":22},"end":{"line":15,"column":38}},"4":{"start":{"line":17,"column":2},"end":{"line":33,"column":3}},"5":{"start":{"line":18,"column":22},"end":{"line":18,"column":60}},"6":{"start":{"line":19,"column":4},"end":{"line":22,"column":5}},"7":{"start":{"line":21,"column":6},"end":{"line":21,"column":12}},"8":{"start":{"line":24,"column":22},"end":{"line":24,"column":60}},"9":{"start":{"line":25,"column":23},"end":{"line":25,"column":77}},"10":{"start":{"line":26,"column":23},"end":{"line":26,"column":83}},"11":{"start":{"line":28,"column":4},"end":{"line":30,"column":5}},"12":{"start":{"line":29,"column":6},"end":{"line":29,"column":12}},"13":{"start":{"line":31,"column":4},"end":{"line":31,"column":79}},"14":{"start":{"line":32,"column":4},"end":{"line":32,"column":15}},"15":{"start":{"line":38,"column":2},"end":{"line":57,"column":3}},"16":{"start":{"line":39,"column":22},"end":{"line":39,"column":60}},"17":{"start":{"line":40,"column":22},"end":{"line":40,"column":73}},"18":{"start":{"line":41,"column":23},"end":{"line":41,"column":90}},"19":{"start":{"line":42,"column":23},"end":{"line":42,"column":97}},"20":{"start":{"line":45,"column":4},"end":{"line":56,"column":5}},"21":{"start":{"line":46,"column":6},"end":{"line":55,"column":7}},"22":{"start":{"line":46,"column":19},"end":{"line":46,"column":20}},"23":{"start":{"line":47,"column":25},"end":{"line":47,"column":40}},"24":{"start":{"line":48,"column":23},"end":{"line":50,"column":65}},"25":{"start":{"line":51,"column":8},"end":{"line":54,"column":9}},"26":{"start":{"line":52,"column":10},"end":{"line":52,"column":38}},"27":{"start":{"line":53,"column":10},"end":{"line":53,"column":16}},"28":{"start":{"line":65,"column":20},"end":{"line":65,"column":34}},"29":{"start":{"line":66,"column":21},"end":{"line":66,"column":69}},"30":{"start":{"line":66,"column":46},"end":{"line":66,"column":68}},"31":{"start":{"line":68,"column":2},"end":{"line":80,"column":3}},"32":{"start":{"line":70,"column":4},"end":{"line":78,"column":5}},"33":{"start":{"line":70,"column":17},"end":{"line":70,"column":18}},"34":{"start":{"line":71,"column":23},"end":{"line":71,"column":38}},"35":{"start":{"line":72,"column":25},"end":{"line":72,"column":78}},"36":{"start":{"line":73,"column":25},"end":{"line":73,"column":83}},"37":{"start":{"line":75,"column":6},"end":{"line":77,"column":7}},"38":{"start":{"line":76,"column":8},"end":{"line":76,"column":28}},"39":{"start":{"line":79,"column":4},"end":{"line":79,"column":16}},"40":{"start":{"line":83,"column":2},"end":{"line":92,"column":3}},"41":{"start":{"line":83,"column":15},"end":{"line":83,"column":16}},"42":{"start":{"line":84,"column":16},"end":{"line":84,"column":51}},"43":{"start":{"line":85,"column":21},"end":{"line":85,"column":38}},"44":{"start":{"line":86,"column":23},"end":{"line":86,"column":76}},"45":{"start":{"line":87,"column":23},"end":{"line":87,"column":81}},"46":{"start":{"line":89,"column":4},"end":{"line":91,"column":5}},"47":{"start":{"line":90,"column":6},"end":{"line":90,"column":28}},"48":{"start":{"line":93,"column":2},"end":{"line":93,"column":14}},"49":{"start":{"line":96,"column":0},"end":{"line":99,"column":2}}},"fnMap":{"0":{"name":"advanceTurn","decl":{"start":{"line":10,"column":9},"end":{"line":10,"column":20}},"loc":{"start":{"line":10,"column":27},"end":{"line":58,"column":1}},"line":10},"1":{"name":"getNextPlayerWithCards","decl":{"start":{"line":64,"column":9},"end":{"line":64,"column":31}},"loc":{"start":{"line":64,"column":53},"end":{"line":94,"column":1}},"line":64},"2":{"name":"(anonymous_2)","decl":{"start":{"line":66,"column":41},"end":{"line":66,"column":42}},"loc":{"start":{"line":66,"column":46},"end":{"line":66,"column":68}},"line":66}},"branchMap":{"0":{"loc":{"start":{"line":19,"column":4},"end":{"line":22,"column":5}},"type":"if","locations":[{"start":{"line":19,"column":4},"end":{"line":22,"column":5}},{"start":{},"end":{}}],"line":19},"1":{"loc":{"start":{"line":25,"column":23},"end":{"line":25,"column":77}},"type":"binary-expr","locations":[{"start":{"line":25,"column":23},"end":{"line":25,"column":38}},{"start":{"line":25,"column":42},"end":{"line":25,"column":77}}],"line":25},"2":{"loc":{"start":{"line":26,"column":23},"end":{"line":26,"column":83}},"type":"binary-expr","locations":[{"start":{"line":26,"column":23},"end":{"line":26,"column":45}},{"start":{"line":26,"column":49},"end":{"line":26,"column":83}}],"line":26},"3":{"loc":{"start":{"line":28,"column":4},"end":{"line":30,"column":5}},"type":"if","locations":[{"start":{"line":28,"column":4},"end":{"line":30,"column":5}},{"start":{},"end":{}}],"line":28},"4":{"loc":{"start":{"line":28,"column":8},"end":{"line":28,"column":48}},"type":"binary-expr","locations":[{"start":{"line":28,"column":8},"end":{"line":28,"column":18}},{"start":{"line":28,"column":22},"end":{"line":28,"column":33}},{"start":{"line":28,"column":37},"end":{"line":28,"column":48}}],"line":28},"5":{"loc":{"start":{"line":38,"column":2},"end":{"line":57,"column":3}},"type":"if","locations":[{"start":{"line":38,"column":2},"end":{"line":57,"column":3}},{"start":{},"end":{}}],"line":38},"6":{"loc":{"start":{"line":40,"column":22},"end":{"line":40,"column":73}},"type":"binary-expr","locations":[{"start":{"line":40,"column":22},"end":{"line":40,"column":31}},{"start":{"line":40,"column":35},"end":{"line":40,"column":73}}],"line":40},"7":{"loc":{"start":{"line":41,"column":23},"end":{"line":41,"column":90}},"type":"binary-expr","locations":[{"start":{"line":41,"column":23},"end":{"line":41,"column":32}},{"start":{"line":41,"column":36},"end":{"line":41,"column":51}},{"start":{"line":41,"column":55},"end":{"line":41,"column":90}}],"line":41},"8":{"loc":{"start":{"line":42,"column":23},"end":{"line":42,"column":97}},"type":"binary-expr","locations":[{"start":{"line":42,"column":23},"end":{"line":42,"column":33}},{"start":{"line":42,"column":37},"end":{"line":42,"column":59}},{"start":{"line":42,"column":63},"end":{"line":42,"column":97}}],"line":42},"9":{"loc":{"start":{"line":45,"column":4},"end":{"line":56,"column":5}},"type":"if","locations":[{"start":{"line":45,"column":4},"end":{"line":56,"column":5}},{"start":{},"end":{}}],"line":45},"10":{"loc":{"start":{"line":45,"column":8},"end":{"line":45,"column":45}},"type":"binary-expr","locations":[{"start":{"line":45,"column":8},"end":{"line":45,"column":17}},{"start":{"line":45,"column":21},"end":{"line":45,"column":31}},{"start":{"line":45,"column":35},"end":{"line":45,"column":45}}],"line":45},"11":{"loc":{"start":{"line":48,"column":23},"end":{"line":50,"column":65}},"type":"binary-expr","locations":[{"start":{"line":48,"column":23},"end":{"line":48,"column":61}},{"start":{"line":49,"column":11},"end":{"line":49,"column":27}},{"start":{"line":49,"column":31},"end":{"line":49,"column":66}},{"start":{"line":50,"column":10},"end":{"line":50,"column":30}},{"start":{"line":50,"column":34},"end":{"line":50,"column":65}}],"line":48},"12":{"loc":{"start":{"line":51,"column":8},"end":{"line":54,"column":9}},"type":"if","locations":[{"start":{"line":51,"column":8},"end":{"line":54,"column":9}},{"start":{},"end":{}}],"line":51},"13":{"loc":{"start":{"line":68,"column":2},"end":{"line":80,"column":3}},"type":"if","locations":[{"start":{"line":68,"column":2},"end":{"line":80,"column":3}},{"start":{},"end":{}}],"line":68},"14":{"loc":{"start":{"line":72,"column":25},"end":{"line":72,"column":78}},"type":"binary-expr","locations":[{"start":{"line":72,"column":25},"end":{"line":72,"column":40}},{"start":{"line":72,"column":44},"end":{"line":72,"column":78}}],"line":72},"15":{"loc":{"start":{"line":73,"column":25},"end":{"line":73,"column":83}},"type":"binary-expr","locations":[{"start":{"line":73,"column":25},"end":{"line":73,"column":46}},{"start":{"line":73,"column":50},"end":{"line":73,"column":83}}],"line":73},"16":{"loc":{"start":{"line":75,"column":6},"end":{"line":77,"column":7}},"type":"if","locations":[{"start":{"line":75,"column":6},"end":{"line":77,"column":7}},{"start":{},"end":{}}],"line":75},"17":{"loc":{"start":{"line":75,"column":10},"end":{"line":75,"column":36}},"type":"binary-expr","locations":[{"start":{"line":75,"column":10},"end":{"line":75,"column":21}},{"start":{"line":75,"column":25},"end":{"line":75,"column":36}}],"line":75},"18":{"loc":{"start":{"line":86,"column":23},"end":{"line":86,"column":76}},"type":"binary-expr","locations":[{"start":{"line":86,"column":23},"end":{"line":86,"column":38}},{"start":{"line":86,"column":42},"end":{"line":86,"column":76}}],"line":86},"19":{"loc":{"start":{"line":87,"column":23},"end":{"line":87,"column":81}},"type":"binary-expr","locations":[{"start":{"line":87,"column":23},"end":{"line":87,"column":44}},{"start":{"line":87,"column":48},"end":{"line":87,"column":81}}],"line":87},"20":{"loc":{"start":{"line":89,"column":4},"end":{"line":91,"column":5}},"type":"if","locations":[{"start":{"line":89,"column":4},"end":{"line":91,"column":5}},{"start":{},"end":{}}],"line":89},"21":{"loc":{"start":{"line":89,"column":8},"end":{"line":89,"column":34}},"type":"binary-expr","locations":[{"start":{"line":89,"column":8},"end":{"line":89,"column":19}},{"start":{"line":89,"column":23},"end":{"line":89,"column":34}}],"line":89}},"s":{"0":45,"1":45,"2":45,"3":45,"4":45,"5":57,"6":57,"7":0,"8":57,"9":57,"10":57,"11":57,"12":44,"13":13,"14":13,"15":45,"16":1,"17":1,"18":1,"19":1,"20":1,"21":1,"22":1,"23":4,"24":4,"25":4,"26":0,"27":0,"28":8,"29":8,"30":15,"31":8,"32":1,"33":1,"34":1,"35":1,"36":1,"37":1,"38":1,"39":0,"40":7,"41":7,"42":12,"43":12,"44":12,"45":12,"46":12,"47":6,"48":1,"49":7},"f":{"0":45,"1":8,"2":15},"b":{"0":[0,57],"1":[57,57],"2":[57,55],"3":[44,13],"4":[57,51,47],"5":[1,44],"6":[1,1],"7":[1,1,1],"8":[1,1,1],"9":[1,0],"10":[1,0,0],"11":[4,0,0,0,0],"12":[0,4],"13":[1,7],"14":[1,1],"15":[1,1],"16":[1,0],"17":[1,1],"18":[12,12],"19":[12,12],"20":[6,6],"21":[12,7]},"_coverageSchema":"1a1c01bbd47fc00a2c39e90264f33305004495a9","hash":"2c7f20fa374752866ab3cb14deade6f5ede6d0a3"}
}
