TN:
SF:game/combinations.js
FN:13,validateCombination
FN:67,validatePair
FN:70,(anonymous_2)
FN:76,(anonymous_3)
FN:78,(anonymous_4)
FN:85,validateTriple
FN:88,(anonymous_6)
FN:88,(anonymous_7)
FN:89,(anonymous_8)
FN:108,validateSequenceOfPairs
FN:119,(anonymous_10)
FN:138,(anonymous_11)
FN:152,(anonymous_12)
FN:161,(anonymous_13)
FN:162,(anonymous_14)
FN:186,(anonymous_15)
FN:186,(anonymous_16)
FN:190,(anonymous_17)
FN:195,(anonymous_18)
FN:219,validateFullHouse
FN:222,(anonymous_20)
FN:222,(anonymous_21)
FN:223,(anonymous_22)
FN:226,(anonymous_23)
FN:230,(anonymous_24)
FN:247,(anonymous_25)
FN:247,(anonymous_26)
FN:248,(anonymous_27)
FN:256,validateStraight
FN:260,(anonymous_29)
FN:265,(anonymous_30)
FN:271,(anonymous_31)
FN:275,(anonymous_32)
FN:280,(anonymous_33)
FN:281,(anonymous_34)
FN:300,(anonymous_35)
FN:310,validateBomb
FN:314,(anonymous_37)
FN:318,(anonymous_38)
FN:328,validateStraightFlush
FN:332,(anonymous_40)
FN:338,(anonymous_41)
FN:339,(anonymous_42)
FN:350,(anonymous_43)
FN:350,(anonymous_44)
FN:363,compareCombinations
FN:386,(anonymous_46)
FN:386,(anonymous_47)
FN:388,(anonymous_48)
FN:388,(anonymous_49)
FN:427,compareSingles
FN:447,getSpecialValue
FN:459,getPhoenixValue
FN:493,compareRanks
FN:503,getStraightHighFallback
FN:506,(anonymous_55)
FN:507,(anonymous_56)
FN:510,(anonymous_57)
FNF:58
FNH:49
FNDA:53,validateCombination
FNDA:3,validatePair
FNDA:6,(anonymous_2)
FNDA:4,(anonymous_3)
FNDA:1,(anonymous_4)
FNDA:3,validateTriple
FNDA:9,(anonymous_6)
FNDA:9,(anonymous_7)
FNDA:9,(anonymous_8)
FNDA:16,validateSequenceOfPairs
FNDA:64,(anonymous_10)
FNDA:23,(anonymous_11)
FNDA:12,(anonymous_12)
FNDA:12,(anonymous_13)
FNDA:6,(anonymous_14)
FNDA:10,(anonymous_15)
FNDA:4,(anonymous_16)
FNDA:8,(anonymous_17)
FNDA:6,(anonymous_18)
FNDA:6,validateFullHouse
FNDA:30,(anonymous_20)
FNDA:30,(anonymous_21)
FNDA:30,(anonymous_22)
FNDA:28,(anonymous_23)
FNDA:17,(anonymous_24)
FNDA:2,(anonymous_25)
FNDA:2,(anonymous_26)
FNDA:1,(anonymous_27)
FNDA:4,validateStraight
FNDA:20,(anonymous_29)
FNDA:20,(anonymous_30)
FNDA:16,(anonymous_31)
FNDA:20,(anonymous_32)
FNDA:20,(anonymous_33)
FNDA:15,(anonymous_34)
FNDA:20,(anonymous_35)
FNDA:11,validateBomb
FNDA:44,(anonymous_37)
FNDA:40,(anonymous_38)
FNDA:4,validateStraightFlush
FNDA:20,(anonymous_40)
FNDA:15,(anonymous_41)
FNDA:14,(anonymous_42)
FNDA:5,(anonymous_43)
FNDA:5,(anonymous_44)
FNDA:13,compareCombinations
FNDA:0,(anonymous_46)
FNDA:0,(anonymous_47)
FNDA:0,(anonymous_48)
FNDA:0,(anonymous_49)
FNDA:6,compareSingles
FNDA:0,getSpecialValue
FNDA:2,getPhoenixValue
FNDA:4,compareRanks
FNDA:0,getStraightHighFallback
FNDA:0,(anonymous_55)
FNDA:0,(anonymous_56)
FNDA:0,(anonymous_57)
DA:6,7
DA:14,53
DA:15,0
DA:19,53
DA:20,25
DA:24,28
DA:25,3
DA:29,25
DA:30,3
DA:34,22
DA:35,16
DA:36,16
DA:40,17
DA:41,6
DA:42,6
DA:46,15
DA:47,11
DA:48,11
DA:53,7
DA:54,4
DA:55,4
DA:59,6
DA:60,3
DA:61,3
DA:64,3
DA:68,3
DA:70,6
DA:71,3
DA:72,1
DA:76,4
DA:77,2
DA:78,1
DA:79,1
DA:82,1
DA:86,3
DA:88,9
DA:89,9
DA:91,3
DA:94,3
DA:95,3
DA:96,2
DA:99,1
DA:110,16
DA:111,0
DA:114,16
DA:117,16
DA:118,16
DA:119,16
DA:120,64
DA:121,0
DA:124,64
DA:125,5
DA:126,5
DA:129,59
DA:130,59
DA:131,23
DA:133,59
DA:137,16
DA:138,23
DA:145,16
DA:146,22
DA:147,10
DA:152,12
DA:155,6
DA:156,0
DA:160,6
DA:161,12
DA:162,6
DA:166,6
DA:167,0
DA:171,6
DA:172,6
DA:173,6
DA:174,1
DA:182,5
DA:183,5
DA:186,10
DA:189,5
DA:190,8
DA:192,5
DA:195,6
DA:196,4
DA:198,4
DA:200,4
DA:201,4
DA:205,0
DA:209,5
DA:220,6
DA:222,30
DA:223,30
DA:224,6
DA:226,6
DA:227,28
DA:230,17
DA:234,6
DA:238,2
DA:239,2
DA:240,3
DA:241,1
DA:242,1
DA:246,2
DA:247,2
DA:248,1
DA:250,2
DA:253,4
DA:257,4
DA:260,20
DA:261,0
DA:265,4
DA:266,20
DA:268,4
DA:271,16
DA:274,4
DA:276,20
DA:277,19
DA:278,18
DA:280,20
DA:281,15
DA:284,4
DA:285,4
DA:286,0
DA:290,4
DA:291,15
DA:292,0
DA:299,4
DA:300,20
DA:301,4
DA:302,4
DA:303,4
DA:304,1
DA:307,4
DA:311,11
DA:314,44
DA:315,1
DA:318,40
DA:319,10
DA:321,10
DA:322,8
DA:325,2
DA:329,4
DA:332,20
DA:333,1
DA:337,3
DA:338,15
DA:339,14
DA:341,3
DA:343,3
DA:344,3
DA:347,1
DA:348,1
DA:350,5
DA:351,1
DA:354,0
DA:365,13
DA:366,13
DA:369,13
DA:371,5
DA:372,4
DA:375,4
DA:376,2
DA:380,2
DA:382,2
DA:383,1
DA:385,1
DA:386,0
DA:387,1
DA:388,0
DA:389,1
DA:394,8
DA:395,0
DA:399,8
DA:401,6
DA:404,2
DA:407,0
DA:409,0
DA:410,0
DA:411,0
DA:414,0
DA:416,0
DA:417,0
DA:418,0
DA:421,0
DA:423,0
DA:431,6
DA:433,0
DA:435,6
DA:438,6
DA:439,0
DA:441,6
DA:444,6
DA:448,0
DA:450,0
DA:461,2
DA:462,1
DA:466,1
DA:467,1
DA:468,1
DA:469,1
DA:471,0
DA:472,0
DA:474,1
DA:476,0
DA:478,1
DA:479,1
DA:486,1
DA:487,0
DA:490,1
DA:494,4
DA:495,4
DA:496,4
DA:504,0
DA:505,0
DA:506,0
DA:507,0
DA:508,0
DA:509,0
DA:510,0
DA:512,0
DA:513,0
DA:515,0
DA:519,7
LF:221
LH:180
BRDA:14,0,0,0
BRDA:14,0,1,53
BRDA:14,1,0,53
BRDA:14,1,1,53
BRDA:19,2,0,25
BRDA:19,2,1,28
BRDA:24,3,0,3
BRDA:24,3,1,25
BRDA:29,4,0,3
BRDA:29,4,1,22
BRDA:34,5,0,16
BRDA:34,5,1,6
BRDA:34,6,0,22
BRDA:34,6,1,22
BRDA:36,7,0,5
BRDA:36,7,1,11
BRDA:40,8,0,6
BRDA:40,8,1,11
BRDA:42,9,0,2
BRDA:42,9,1,4
BRDA:46,10,0,11
BRDA:46,10,1,4
BRDA:48,11,0,8
BRDA:48,11,1,3
BRDA:53,12,0,4
BRDA:53,12,1,3
BRDA:55,13,0,1
BRDA:55,13,1,3
BRDA:59,14,0,3
BRDA:59,14,1,3
BRDA:61,15,0,3
BRDA:61,15,1,0
BRDA:68,16,0,0
BRDA:68,16,1,3
BRDA:70,17,0,6
BRDA:70,17,1,1
BRDA:71,18,0,1
BRDA:71,18,1,2
BRDA:71,19,0,3
BRDA:71,19,1,2
BRDA:71,19,2,0
BRDA:77,20,0,1
BRDA:77,20,1,1
BRDA:79,21,0,1
BRDA:79,21,1,0
BRDA:86,22,0,0
BRDA:86,22,1,3
BRDA:88,23,0,9
BRDA:88,23,1,1
BRDA:91,24,0,0
BRDA:91,24,1,3
BRDA:95,25,0,2
BRDA:95,25,1,1
BRDA:95,26,0,3
BRDA:95,26,1,1
BRDA:95,26,2,0
BRDA:110,27,0,0
BRDA:110,27,1,16
BRDA:110,28,0,16
BRDA:110,28,1,16
BRDA:120,29,0,0
BRDA:120,29,1,64
BRDA:120,30,0,64
BRDA:120,30,1,5
BRDA:124,31,0,5
BRDA:124,31,1,59
BRDA:130,32,0,23
BRDA:130,32,1,36
BRDA:146,33,0,10
BRDA:146,33,1,12
BRDA:146,34,0,22
BRDA:146,34,1,18
BRDA:155,35,0,0
BRDA:155,35,1,6
BRDA:166,36,0,0
BRDA:166,36,1,6
BRDA:171,37,0,6
BRDA:171,37,1,0
BRDA:173,38,0,1
BRDA:173,38,1,5
BRDA:190,39,0,5
BRDA:190,39,1,0
BRDA:192,40,0,4
BRDA:192,40,1,1
BRDA:192,41,0,5
BRDA:192,41,1,4
BRDA:198,42,0,4
BRDA:198,42,1,0
BRDA:198,43,0,4
BRDA:198,43,1,4
BRDA:220,44,0,0
BRDA:220,44,1,6
BRDA:222,45,0,30
BRDA:222,45,1,3
BRDA:227,46,0,28
BRDA:227,46,1,23
BRDA:234,47,0,2
BRDA:234,47,1,4
BRDA:234,48,0,6
BRDA:234,48,1,2
BRDA:234,48,2,1
BRDA:234,48,3,1
BRDA:234,48,4,1
BRDA:234,48,5,1
BRDA:240,49,0,1
BRDA:240,49,1,2
BRDA:246,50,0,1
BRDA:246,50,1,1
BRDA:246,51,0,2
BRDA:246,51,1,1
BRDA:257,52,0,0
BRDA:257,52,1,4
BRDA:260,53,0,0
BRDA:260,53,1,4
BRDA:266,54,0,20
BRDA:266,54,1,2
BRDA:266,54,2,1
BRDA:268,55,0,0
BRDA:268,55,1,4
BRDA:276,56,0,1
BRDA:276,56,1,19
BRDA:277,57,0,1
BRDA:277,57,1,18
BRDA:285,58,0,0
BRDA:285,58,1,4
BRDA:291,59,0,0
BRDA:291,59,1,15
BRDA:303,60,0,1
BRDA:303,60,1,3
BRDA:303,61,0,4
BRDA:303,61,1,1
BRDA:303,61,2,1
BRDA:311,62,0,0
BRDA:311,62,1,11
BRDA:314,63,0,1
BRDA:314,63,1,10
BRDA:318,64,0,40
BRDA:318,64,1,0
BRDA:321,65,0,8
BRDA:321,65,1,2
BRDA:329,66,0,0
BRDA:329,66,1,4
BRDA:332,67,0,1
BRDA:332,67,1,3
BRDA:341,68,0,0
BRDA:341,68,1,3
BRDA:344,69,0,2
BRDA:344,69,1,1
BRDA:348,70,0,1
BRDA:348,70,1,0
BRDA:365,71,0,0
BRDA:365,71,1,13
BRDA:365,72,0,13
BRDA:365,72,1,5
BRDA:366,73,0,0
BRDA:366,73,1,13
BRDA:366,74,0,13
BRDA:366,74,1,5
BRDA:369,75,0,5
BRDA:369,75,1,8
BRDA:369,76,0,13
BRDA:369,76,1,5
BRDA:371,77,0,1
BRDA:371,77,1,4
BRDA:371,78,0,5
BRDA:371,78,1,3
BRDA:372,79,0,0
BRDA:372,79,1,4
BRDA:372,80,0,4
BRDA:372,80,1,2
BRDA:375,81,0,2
BRDA:375,81,1,2
BRDA:375,82,0,4
BRDA:375,82,1,2
BRDA:380,83,0,2
BRDA:380,83,1,0
BRDA:380,84,0,2
BRDA:380,84,1,2
BRDA:382,85,0,1
BRDA:382,85,1,1
BRDA:383,86,0,0
BRDA:383,86,1,1
BRDA:385,87,0,1
BRDA:385,87,1,0
BRDA:387,88,0,1
BRDA:387,88,1,0
BRDA:389,89,0,1
BRDA:389,89,1,0
BRDA:389,90,0,0
BRDA:389,90,1,0
BRDA:394,91,0,0
BRDA:394,91,1,8
BRDA:399,92,0,6
BRDA:399,92,1,2
BRDA:399,92,2,2
BRDA:399,92,3,0
BRDA:399,92,4,0
BRDA:399,92,5,0
BRDA:399,92,6,0
BRDA:407,93,0,0
BRDA:407,93,1,0
BRDA:409,94,0,0
BRDA:409,94,1,0
BRDA:410,95,0,0
BRDA:410,95,1,0
BRDA:411,96,0,0
BRDA:411,96,1,0
BRDA:411,97,0,0
BRDA:411,97,1,0
BRDA:414,98,0,0
BRDA:414,98,1,0
BRDA:416,99,0,0
BRDA:416,99,1,0
BRDA:417,100,0,0
BRDA:417,100,1,0
BRDA:418,101,0,0
BRDA:418,101,1,0
BRDA:418,102,0,0
BRDA:418,102,1,0
BRDA:431,103,0,0
BRDA:431,103,1,6
BRDA:433,104,0,0
BRDA:433,104,1,0
BRDA:435,105,0,0
BRDA:435,105,1,6
BRDA:438,106,0,0
BRDA:438,106,1,6
BRDA:439,107,0,0
BRDA:439,107,1,0
BRDA:441,108,0,0
BRDA:441,108,1,6
BRDA:444,109,0,6
BRDA:444,109,1,0
BRDA:444,110,0,0
BRDA:444,110,1,0
BRDA:450,111,0,0
BRDA:450,111,1,0
BRDA:461,112,0,1
BRDA:461,112,1,1
BRDA:469,113,0,0
BRDA:469,113,1,1
BRDA:471,114,0,0
BRDA:471,114,1,0
BRDA:474,115,0,0
BRDA:474,115,1,1
BRDA:478,116,0,0
BRDA:478,116,1,1
BRDA:486,117,0,0
BRDA:486,117,1,1
BRDA:494,118,0,4
BRDA:494,118,1,0
BRDA:495,119,0,4
BRDA:495,119,1,0
BRDA:496,120,0,3
BRDA:496,120,1,1
BRDA:496,121,0,0
BRDA:496,121,1,1
BRDA:506,122,0,0
BRDA:506,122,1,0
BRDA:506,123,0,0
BRDA:506,123,1,0
BRDA:508,124,0,0
BRDA:508,124,1,0
BRDA:512,125,0,0
BRDA:512,125,1,0
BRDA:512,126,0,0
BRDA:512,126,1,0
BRDA:512,126,2,0
BRF:268
BRH:174
end_of_record
TN:
SF:game/deck.js
FN:13,createStandardDeck
FN:31,createSpecialCards
FN:43,createTichuDeck
FN:52,shuffleDeck
FN:64,getCardValue
FN:75,getCardPoints
FN:93,dealInitialCards
FN:94,(anonymous_7)
FN:95,(anonymous_8)
FN:129,dealCards
FN:132,(anonymous_10)
FNF:11
FNH:9
FNDA:11,createStandardDeck
FNDA:11,createSpecialCards
FNDA:11,createTichuDeck
FNDA:7,shuffleDeck
FNDA:651,getCardValue
FNDA:18,getCardPoints
FNDA:3,dealInitialCards
FNDA:12,(anonymous_7)
FNDA:12,(anonymous_8)
FNDA:0,dealCards
FNDA:0,(anonymous_10)
DA:6,8
DA:7,8
DA:8,8
DA:14,11
DA:15,11
DA:16,44
DA:17,572
DA:25,11
DA:32,11
DA:44,11
DA:45,11
DA:46,11
DA:53,7
DA:54,7
DA:55,385
DA:56,385
DA:58,7
DA:65,651
DA:69,651
DA:76,18
DA:77,7
DA:78,3
DA:79,2
DA:82,11
DA:83,9
DA:84,5
DA:94,12
DA:95,12
DA:96,3
DA:99,3
DA:100,24
DA:101,96
DA:102,96
DA:108,3
DA:109,18
DA:110,72
DA:111,72
DA:116,3
DA:130,0
DA:132,0
DA:133,0
DA:135,0
DA:141,8
LF:43
LH:39
BRDA:69,0,0,651
BRDA:69,0,1,1
BRDA:76,1,0,7
BRDA:76,1,1,11
BRDA:77,2,0,4
BRDA:77,2,1,3
BRDA:78,3,0,1
BRDA:78,3,1,2
BRDA:82,4,0,2
BRDA:82,4,1,9
BRDA:83,5,0,4
BRDA:83,5,1,5
BRDA:83,6,0,9
BRDA:83,6,1,8
BRDA:93,7,0,0
BRDA:101,8,0,96
BRDA:101,8,1,0
BRDA:110,9,0,72
BRDA:110,9,1,0
BRDA:129,10,0,0
BRF:20
BRH:16
end_of_record
TN:
SF:game/declarations.js
FN:9,declareGrandTichu
FN:30,revealRemainingCards
FN:50,declareTichu
FNF:3
FNH:3
FNDA:4,declareGrandTichu
FNDA:4,revealRemainingCards
FNDA:4,declareTichu
DA:10,4
DA:11,1
DA:15,3
DA:16,1
DA:19,2
DA:21,2
DA:22,2
DA:24,2
DA:31,4
DA:32,1
DA:35,3
DA:36,1
DA:40,2
DA:41,2
DA:43,2
DA:51,4
DA:52,1
DA:56,3
DA:57,1
DA:61,2
DA:62,2
DA:63,1
DA:66,1
DA:67,1
DA:70,1
LF:25
LH:25
BRDA:10,0,0,1
BRDA:10,0,1,3
BRDA:15,1,0,1
BRDA:15,1,1,2
BRDA:31,2,0,1
BRDA:31,2,1,3
BRDA:35,3,0,1
BRDA:35,3,1,2
BRDA:51,4,0,1
BRDA:51,4,1,3
BRDA:56,5,0,1
BRDA:56,5,1,2
BRDA:62,6,0,1
BRDA:62,6,1,1
BRF:14
BRH:14
end_of_record
TN:
SF:game/exchange.js
FN:11,getExchangeRecipients
FN:13,(anonymous_1)
FN:28,exchangeCards
FN:37,(anonymous_3)
FN:45,(anonymous_4)
FN:64,completeExchange
FN:85,(anonymous_6)
FN:104,(anonymous_7)
FN:113,(anonymous_8)
FN:121,(anonymous_9)
FNF:10
FNH:10
FNDA:11,getExchangeRecipients
FNDA:26,(anonymous_1)
FNDA:5,exchangeCards
FNDA:2,(anonymous_3)
FNDA:11,(anonymous_4)
FNDA:3,completeExchange
FNDA:27,(anonymous_6)
FNDA:29,(anonymous_7)
FNDA:1,(anonymous_8)
FNDA:3,(anonymous_9)
DA:12,11
DA:13,26
DA:14,11
DA:15,11
DA:16,11
DA:29,5
DA:30,1
DA:33,4
DA:34,2
DA:37,2
DA:38,2
DA:39,0
DA:43,2
DA:44,2
DA:45,4
DA:46,11
DA:49,4
DA:50,1
DA:55,1
DA:57,1
DA:65,3
DA:66,3
DA:68,3
DA:69,10
DA:70,10
DA:71,1
DA:73,9
DA:76,2
DA:77,8
DA:78,8
DA:79,8
DA:80,0
DA:82,8
DA:83,24
DA:84,24
DA:85,24
DA:86,27
DA:89,24
DA:90,24
DA:91,24
DA:97,2
DA:98,2
DA:101,2
DA:102,2
DA:103,6
DA:104,29
DA:105,1
DA:106,1
DA:111,2
DA:112,1
DA:113,1
DA:114,1
DA:115,0
DA:120,2
DA:121,3
DA:122,2
DA:126,2
DA:128,2
DA:130,2
DA:133,1
LF:60
LH:57
BRDA:12,0,0,11
BRDA:12,0,1,0
BRDA:13,1,0,26
BRDA:13,1,1,26
BRDA:14,2,0,0
BRDA:14,2,1,11
BRDA:14,3,0,11
BRDA:14,3,1,11
BRDA:29,4,0,1
BRDA:29,4,1,4
BRDA:33,5,0,2
BRDA:33,5,1,2
BRDA:38,6,0,0
BRDA:38,6,1,2
BRDA:46,7,0,11
BRDA:46,7,1,11
BRDA:47,8,0,11
BRDA:47,8,1,0
BRDA:47,9,0,11
BRDA:47,9,1,6
BRDA:49,10,0,1
BRDA:49,10,1,3
BRDA:70,11,0,1
BRDA:70,11,1,9
BRDA:70,12,0,10
BRDA:70,12,1,9
BRDA:79,13,0,0
BRDA:79,13,1,8
BRDA:86,14,0,27
BRDA:86,14,1,24
BRDA:87,15,0,23
BRDA:87,15,1,1
BRDA:87,16,0,23
BRDA:87,16,1,23
BRDA:89,17,0,24
BRDA:89,17,1,0
BRDA:103,18,0,6
BRDA:103,18,1,0
BRDA:104,19,0,1
BRDA:104,19,1,5
BRDA:111,20,0,1
BRDA:111,20,1,1
BRDA:114,21,0,0
BRDA:114,21,1,1
BRF:44
BRH:36
end_of_record
TN:
SF:game/gameState.js
FNF:0
FNH:0
DA:9,0
DA:10,0
DA:11,0
DA:12,0
DA:13,0
DA:14,0
DA:16,0
LF:7
LH:0
BRF:0
BRH:0
end_of_record
TN:
SF:game/initialization.js
FN:11,initializeGame
FN:21,(anonymous_1)
FN:32,(anonymous_2)
FN:45,(anonymous_3)
FN:72,(anonymous_4)
FNF:5
FNH:0
FNDA:0,initializeGame
FNDA:0,(anonymous_1)
FNDA:0,(anonymous_2)
FNDA:0,(anonymous_3)
FNDA:0,(anonymous_4)
DA:6,5
DA:13,0
DA:14,0
DA:17,0
DA:18,0
DA:19,0
DA:21,0
DA:22,0
DA:23,0
DA:24,0
DA:29,0
DA:30,0
DA:31,0
DA:32,0
DA:33,0
DA:34,0
DA:39,0
DA:40,0
DA:41,0
DA:45,0
DA:46,0
DA:50,0
DA:51,0
DA:54,0
DA:55,0
DA:56,0
DA:57,0
DA:58,0
DA:59,0
DA:60,0
DA:61,0
DA:62,0
DA:63,0
DA:64,0
DA:65,0
DA:66,0
DA:67,0
DA:68,0
DA:69,0
DA:71,0
DA:72,0
DA:73,0
DA:77,0
DA:79,0
DA:82,5
LF:45
LH:2
BRDA:32,0,0,0
BRDA:32,0,1,0
BRDA:39,1,0,0
BRDA:39,1,1,0
BRF:4
BRH:0
end_of_record
TN:
SF:game/moveHandler.js
FN:20,makeMove
FN:55,(anonymous_1)
FN:75,(anonymous_2)
FN:82,(anonymous_3)
FN:86,(anonymous_4)
FN:90,(anonymous_5)
FN:92,(anonymous_6)
FN:119,(anonymous_7)
FN:121,(anonymous_8)
FN:157,(anonymous_9)
FN:170,(anonymous_10)
FN:171,(anonymous_11)
FN:202,(anonymous_12)
FN:227,(anonymous_13)
FN:273,(anonymous_14)
FN:275,(anonymous_15)
FN:287,(anonymous_16)
FN:312,(anonymous_17)
FN:335,(anonymous_18)
FN:381,(anonymous_19)
FN:437,(anonymous_20)
FN:441,(anonymous_21)
FN:446,(anonymous_22)
FNF:23
FNH:22
FNDA:44,makeMove
FNDA:0,(anonymous_1)
FNDA:13,(anonymous_2)
FNDA:52,(anonymous_3)
FNDA:39,(anonymous_4)
FNDA:35,(anonymous_5)
FNDA:19,(anonymous_6)
FNDA:35,(anonymous_7)
FNDA:19,(anonymous_8)
FNDA:95,(anonymous_9)
FNDA:5,(anonymous_10)
FNDA:8,(anonymous_11)
FNDA:33,(anonymous_12)
FNDA:14,(anonymous_13)
FNDA:33,(anonymous_14)
FNDA:2,(anonymous_15)
FNDA:4,(anonymous_16)
FNDA:1,(anonymous_17)
FNDA:22,(anonymous_18)
FNDA:24,(anonymous_19)
FNDA:56,(anonymous_20)
FNDA:41,(anonymous_21)
FNDA:14,(anonymous_22)
DA:6,5
DA:7,5
DA:8,5
DA:9,5
DA:10,5
DA:21,44
DA:22,0
DA:26,44
DA:28,14
DA:29,14
DA:30,0
DA:36,14
DA:37,1
DA:42,13
DA:43,0
DA:48,13
DA:49,0
DA:53,13
DA:54,0
DA:55,0
DA:56,0
DA:59,0
DA:60,0
DA:66,13
DA:69,13
DA:70,13
DA:71,0
DA:75,13
DA:76,13
DA:77,0
DA:81,13
DA:82,52
DA:86,39
DA:89,13
DA:91,35
DA:92,19
DA:97,13
DA:98,13
DA:99,13
DA:100,13
DA:101,13
DA:105,13
DA:106,13
DA:108,13
DA:109,13
DA:110,39
DA:111,39
DA:112,39
DA:113,39
DA:118,13
DA:120,35
DA:121,19
DA:125,13
DA:126,13
DA:127,13
DA:129,13
DA:133,13
DA:134,4
DA:135,4
DA:136,4
DA:137,4
DA:140,0
DA:141,0
DA:145,9
DA:149,30
DA:150,30
DA:151,0
DA:155,30
DA:156,30
DA:157,51
DA:158,95
DA:161,51
DA:162,1
DA:167,29
DA:168,29
DA:170,7
DA:171,8
DA:174,7
DA:175,1
DA:180,6
DA:181,4
DA:182,4
DA:183,1
DA:184,1
DA:186,1
DA:188,0
DA:189,0
DA:190,0
DA:191,0
DA:193,0
DA:201,6
DA:202,24
DA:203,33
DA:206,24
DA:207,24
DA:213,6
DA:220,6
DA:223,6
DA:227,14
DA:228,6
DA:229,6
DA:235,6
DA:239,6
DA:240,6
DA:244,6
DA:246,6
DA:247,6
DA:250,6
DA:251,6
DA:252,6
DA:254,0
DA:259,0
DA:260,0
DA:262,0
DA:266,22
DA:267,22
DA:268,0
DA:272,22
DA:273,33
DA:274,18
DA:275,2
DA:276,2
DA:277,0
DA:286,22
DA:287,4
DA:288,22
DA:290,22
DA:291,3
DA:292,3
DA:294,3
DA:295,0
DA:299,3
DA:300,0
DA:303,3
DA:305,3
DA:306,0
DA:308,19
DA:310,18
DA:311,1
DA:312,1
DA:313,1
DA:316,1
DA:318,1
DA:320,0
DA:324,0
DA:325,0
DA:328,17
DA:335,22
DA:336,22
DA:338,2
DA:339,0
DA:343,2
DA:344,2
DA:345,0
DA:349,2
DA:354,2
DA:355,20
DA:357,0
DA:358,0
DA:362,22
DA:363,0
DA:365,0
DA:367,0
DA:371,22
DA:372,22
DA:373,0
DA:377,22
DA:380,22
DA:381,22
DA:382,24
DA:385,22
DA:386,22
DA:391,22
DA:392,21
DA:396,22
DA:405,22
DA:407,3
DA:410,1
DA:416,22
DA:418,8
DA:420,0
DA:421,0
DA:422,0
DA:425,8
DA:426,8
DA:427,8
DA:428,8
DA:430,0
DA:436,14
DA:437,56
DA:441,41
DA:445,14
DA:446,14
DA:448,0
DA:449,0
DA:453,14
DA:456,14
DA:457,1
DA:463,14
DA:464,11
DA:471,14
DA:474,5
LF:202
LH:157
BRDA:20,0,0,0
BRDA:20,1,0,42
BRDA:21,2,0,0
BRDA:21,2,1,44
BRDA:26,3,0,14
BRDA:26,3,1,30
BRDA:29,4,0,0
BRDA:29,4,1,14
BRDA:36,5,0,1
BRDA:36,5,1,13
BRDA:42,6,0,0
BRDA:42,6,1,13
BRDA:48,7,0,0
BRDA:48,7,1,13
BRDA:48,8,0,13
BRDA:48,8,1,0
BRDA:53,9,0,0
BRDA:53,9,1,13
BRDA:53,10,0,13
BRDA:53,10,1,0
BRDA:56,11,0,0
BRDA:56,11,1,0
BRDA:59,12,0,0
BRDA:59,12,1,0
BRDA:70,13,0,0
BRDA:70,13,1,13
BRDA:76,14,0,0
BRDA:76,14,1,13
BRDA:82,15,0,52
BRDA:82,15,1,39
BRDA:82,15,2,39
BRDA:82,15,3,39
BRDA:89,16,0,13
BRDA:89,16,1,13
BRDA:91,17,0,35
BRDA:91,17,1,13
BRDA:106,18,0,13
BRDA:106,18,1,0
BRDA:106,19,0,13
BRDA:106,19,1,13
BRDA:112,20,0,39
BRDA:112,20,1,0
BRDA:112,21,0,39
BRDA:112,21,1,39
BRDA:118,22,0,13
BRDA:118,22,1,13
BRDA:120,23,0,35
BRDA:120,23,1,13
BRDA:127,24,0,13
BRDA:127,24,1,13
BRDA:129,25,0,13
BRDA:129,25,1,9
BRDA:129,25,2,0
BRDA:133,26,0,4
BRDA:133,26,1,9
BRDA:133,27,0,13
BRDA:133,27,1,13
BRDA:133,27,2,9
BRDA:135,28,0,4
BRDA:135,28,1,0
BRDA:150,29,0,0
BRDA:150,29,1,30
BRDA:151,30,0,0
BRDA:151,30,1,0
BRDA:158,31,0,95
BRDA:158,31,1,94
BRDA:159,32,0,84
BRDA:159,32,1,10
BRDA:159,33,0,84
BRDA:159,33,1,42
BRDA:161,34,0,1
BRDA:161,34,1,50
BRDA:168,35,0,7
BRDA:168,35,1,22
BRDA:174,36,0,1
BRDA:174,36,1,6
BRDA:180,37,0,4
BRDA:180,37,1,2
BRDA:182,38,0,1
BRDA:182,38,1,3
BRDA:182,39,0,4
BRDA:182,39,1,4
BRDA:186,40,0,0
BRDA:186,40,1,1
BRDA:186,41,0,1
BRDA:186,41,1,1
BRDA:188,42,0,0
BRDA:188,42,1,0
BRDA:190,43,0,0
BRDA:190,43,1,0
BRDA:203,44,0,33
BRDA:203,44,1,33
BRDA:204,45,0,33
BRDA:204,45,1,0
BRDA:204,46,0,33
BRDA:204,46,1,24
BRDA:206,47,0,24
BRDA:206,47,1,0
BRDA:228,48,0,6
BRDA:228,48,1,0
BRDA:239,49,0,6
BRDA:239,49,1,0
BRDA:244,50,0,6
BRDA:244,50,1,0
BRDA:247,51,0,6
BRDA:247,51,1,0
BRDA:267,52,0,0
BRDA:267,52,1,22
BRDA:272,53,0,18
BRDA:272,53,1,4
BRDA:272,54,0,22
BRDA:272,54,1,22
BRDA:272,54,2,19
BRDA:274,55,0,2
BRDA:274,55,1,16
BRDA:276,56,0,0
BRDA:276,56,1,2
BRDA:286,57,0,22
BRDA:286,57,1,4
BRDA:290,58,0,3
BRDA:290,58,1,19
BRDA:290,59,0,22
BRDA:290,59,1,4
BRDA:290,60,0,4
BRDA:290,60,1,1
BRDA:292,61,0,3
BRDA:292,61,1,0
BRDA:294,62,0,0
BRDA:294,62,1,3
BRDA:299,63,0,0
BRDA:299,63,1,3
BRDA:299,64,0,3
BRDA:299,64,1,0
BRDA:305,65,0,0
BRDA:305,65,1,3
BRDA:305,66,0,3
BRDA:305,66,1,3
BRDA:308,67,0,18
BRDA:308,67,1,1
BRDA:310,68,0,1
BRDA:310,68,1,17
BRDA:310,69,0,18
BRDA:310,69,1,1
BRDA:313,70,0,1
BRDA:313,70,1,1
BRDA:316,71,0,1
BRDA:316,71,1,0
BRDA:318,72,0,0
BRDA:318,72,1,1
BRDA:318,73,0,1
BRDA:318,73,1,1
BRDA:318,73,2,1
BRDA:324,74,0,0
BRDA:324,74,1,0
BRDA:328,75,0,17
BRDA:328,75,1,0
BRDA:336,76,0,2
BRDA:336,76,1,20
BRDA:336,77,0,22
BRDA:336,77,1,2
BRDA:336,77,2,2
BRDA:338,78,0,0
BRDA:338,78,1,2
BRDA:344,79,0,0
BRDA:344,79,1,2
BRDA:355,80,0,0
BRDA:355,80,1,20
BRDA:355,81,0,20
BRDA:355,81,1,0
BRDA:362,82,0,0
BRDA:362,82,1,22
BRDA:362,83,0,22
BRDA:362,83,1,22
BRDA:372,84,0,0
BRDA:372,84,1,22
BRDA:377,85,0,22
BRDA:377,85,1,17
BRDA:382,86,0,24
BRDA:382,86,1,23
BRDA:383,87,0,13
BRDA:383,87,1,10
BRDA:383,88,0,13
BRDA:383,88,1,13
BRDA:385,89,0,22
BRDA:385,89,1,0
BRDA:391,90,0,21
BRDA:391,90,1,1
BRDA:405,91,0,3
BRDA:405,91,1,19
BRDA:405,92,0,22
BRDA:405,92,1,3
BRDA:407,93,0,1
BRDA:407,93,1,2
BRDA:407,94,0,3
BRDA:407,94,1,3
BRDA:407,94,2,1
BRDA:416,95,0,8
BRDA:416,95,1,14
BRDA:418,96,0,0
BRDA:418,96,1,8
BRDA:426,97,0,8
BRDA:426,97,1,0
BRDA:437,98,0,56
BRDA:437,98,1,42
BRDA:437,98,2,41
BRDA:437,98,3,41
BRDA:445,99,0,0
BRDA:445,99,1,14
BRDA:445,100,0,14
BRDA:445,100,1,14
BRDA:456,101,0,1
BRDA:456,101,1,13
BRDA:463,102,0,11
BRDA:463,102,1,3
BRF:214
BRH:160
end_of_record
TN:
SF:game/playerView.js
FN:11,getPlayerView
FN:20,(anonymous_1)
FNF:2
FNH:0
FNDA:0,getPlayerView
FNDA:0,(anonymous_1)
DA:6,0
DA:12,0
DA:15,0
DA:16,0
DA:19,0
DA:20,0
DA:21,0
DA:22,0
DA:27,0
DA:28,0
DA:31,0
DA:34,0
LF:12
LH:0
BRDA:21,0,0,0
BRDA:21,0,1,0
BRDA:22,1,0,0
BRDA:22,1,1,0
BRDA:27,2,0,0
BRDA:27,2,1,0
BRF:6
BRH:0
end_of_record
TN:
SF:game/scoring.js
FN:11,handlePlayerWin
FN:12,(anonymous_1)
FN:21,(anonymous_2)
FN:22,(anonymous_3)
FN:27,(anonymous_4)
FN:28,(anonymous_5)
FN:85,(anonymous_6)
FNF:7
FNH:7
FNDA:19,handlePlayerWin
FNDA:39,(anonymous_1)
FNDA:2,(anonymous_2)
FNDA:5,(anonymous_3)
FNDA:4,(anonymous_4)
FNDA:2,(anonymous_5)
FNDA:72,(anonymous_6)
DA:6,6
DA:12,39
DA:15,19
DA:16,18
DA:20,19
DA:21,2
DA:22,5
DA:24,2
DA:27,4
DA:28,1
DA:29,2
DA:30,2
DA:33,2
DA:34,2
DA:35,0
DA:37,2
DA:41,1
DA:44,1
DA:47,1
DA:49,4
DA:50,0
DA:52,4
DA:53,0
DA:56,4
DA:57,0
DA:59,4
DA:60,0
DA:64,1
DA:65,1
DA:68,1
DA:69,1
DA:72,1
DA:73,0
DA:74,0
DA:77,1
DA:80,1
DA:85,72
DA:87,18
DA:89,4
DA:90,4
DA:91,4
DA:95,4
DA:96,4
DA:97,0
DA:99,4
DA:102,4
DA:103,4
DA:107,18
DA:108,14
DA:116,4
DA:117,4
DA:118,4
DA:120,4
DA:121,4
DA:123,4
DA:124,0
DA:126,4
DA:127,4
DA:132,4
DA:133,4
DA:134,16
DA:135,16
DA:136,16
DA:141,4
DA:143,16
DA:144,2
DA:146,16
DA:147,0
DA:151,16
DA:152,0
DA:154,16
DA:155,0
DA:160,4
DA:161,4
DA:164,4
DA:165,0
DA:166,0
DA:169,4
DA:172,4
DA:175,6
LF:80
LH:66
BRDA:15,0,0,18
BRDA:15,0,1,1
BRDA:20,1,0,2
BRDA:20,1,1,17
BRDA:24,2,0,1
BRDA:24,2,1,1
BRDA:24,3,0,2
BRDA:24,3,1,2
BRDA:24,3,2,2
BRDA:29,4,0,2
BRDA:29,4,1,0
BRDA:33,5,0,2
BRDA:33,5,1,0
BRDA:34,6,0,0
BRDA:34,6,1,2
BRDA:49,7,0,0
BRDA:49,7,1,4
BRDA:49,8,0,4
BRDA:49,8,1,0
BRDA:52,9,0,0
BRDA:52,9,1,4
BRDA:52,10,0,4
BRDA:52,10,1,0
BRDA:56,11,0,0
BRDA:56,11,1,4
BRDA:56,12,0,4
BRDA:56,12,1,0
BRDA:59,13,0,0
BRDA:59,13,1,4
BRDA:59,14,0,4
BRDA:59,14,1,0
BRDA:72,15,0,0
BRDA:72,15,1,1
BRDA:72,16,0,1
BRDA:72,16,1,1
BRDA:74,17,0,0
BRDA:74,17,1,0
BRDA:87,18,0,4
BRDA:87,18,1,14
BRDA:90,19,0,4
BRDA:90,19,1,0
BRDA:95,20,0,4
BRDA:95,20,1,0
BRDA:96,21,0,0
BRDA:96,21,1,4
BRDA:107,22,0,14
BRDA:107,22,1,4
BRDA:116,23,0,4
BRDA:116,23,1,0
BRDA:120,24,0,4
BRDA:120,24,1,0
BRDA:121,25,0,4
BRDA:121,25,1,0
BRDA:123,26,0,0
BRDA:123,26,1,4
BRDA:135,27,0,16
BRDA:135,27,1,0
BRDA:143,28,0,2
BRDA:143,28,1,14
BRDA:143,29,0,16
BRDA:143,29,1,2
BRDA:146,30,0,0
BRDA:146,30,1,16
BRDA:146,31,0,16
BRDA:146,31,1,0
BRDA:151,32,0,0
BRDA:151,32,1,16
BRDA:151,33,0,16
BRDA:151,33,1,2
BRDA:154,34,0,0
BRDA:154,34,1,16
BRDA:154,35,0,16
BRDA:154,35,1,0
BRDA:164,36,0,0
BRDA:164,36,1,4
BRDA:164,37,0,4
BRDA:164,37,1,4
BRDA:166,38,0,0
BRDA:166,38,1,0
BRF:79
BRH:49
end_of_record
TN:
SF:game/specialCards.js
FN:11,handleSpecialCards
FN:13,(anonymous_1)
FN:19,(anonymous_2)
FN:24,(anonymous_3)
FN:50,(anonymous_4)
FN:66,(anonymous_5)
FNF:6
FNH:6
FNDA:27,handleSpecialCards
FNDA:27,(anonymous_1)
FNDA:7,(anonymous_2)
FNDA:14,(anonymous_3)
FNDA:15,(anonymous_4)
FNDA:19,(anonymous_5)
DA:6,6
DA:13,27
DA:14,27
DA:15,8
DA:16,1
DA:19,7
DA:20,7
DA:21,0
DA:24,14
DA:26,7
DA:28,7
DA:30,7
DA:31,7
DA:33,7
DA:35,6
DA:38,1
DA:43,0
DA:47,7
DA:48,7
DA:49,7
DA:50,15
DA:51,7
DA:52,7
DA:55,0
DA:59,0
DA:62,7
DA:66,19
DA:67,19
DA:69,4
DA:72,19
DA:75,6
LF:31
LH:27
BRDA:14,0,0,8
BRDA:14,0,1,19
BRDA:15,1,0,1
BRDA:15,1,1,7
BRDA:20,2,0,0
BRDA:20,2,1,7
BRDA:24,3,0,14
BRDA:24,3,1,14
BRDA:28,4,0,7
BRDA:28,4,1,0
BRDA:30,5,0,7
BRDA:30,5,1,7
BRDA:31,6,0,7
BRDA:31,6,1,7
BRDA:33,7,0,6
BRDA:33,7,1,1
BRDA:33,8,0,7
BRDA:33,8,1,6
BRDA:47,9,0,7
BRDA:47,9,1,0
BRDA:51,10,0,7
BRDA:51,10,1,0
BRDA:67,11,0,4
BRDA:67,11,1,15
BRDA:67,12,0,19
BRDA:67,12,1,5
BRF:26
BRH:22
end_of_record
TN:
SF:game/trickManager.js
FN:16,getCurrentWinningPlay
FN:37,startNewTrick
FN:44,(anonymous_2)
FN:59,(anonymous_3)
FN:87,winTrick
FN:88,(anonymous_5)
FN:168,selectDragonOpponent
FN:180,(anonymous_7)
FN:181,(anonymous_8)
FNF:9
FNH:9
FNDA:12,getCurrentWinningPlay
FNDA:10,startNewTrick
FNDA:14,(anonymous_2)
FNDA:2,(anonymous_3)
FNDA:11,winTrick
FNDA:15,(anonymous_5)
FNDA:2,selectDragonOpponent
FNDA:2,(anonymous_7)
FNDA:5,(anonymous_8)
DA:6,5
DA:7,5
DA:8,5
DA:17,12
DA:19,12
DA:21,12
DA:22,3
DA:23,3
DA:25,3
DA:26,3
DA:30,12
DA:38,10
DA:39,10
DA:40,10
DA:44,14
DA:45,10
DA:46,10
DA:47,10
DA:48,10
DA:50,10
DA:52,9
DA:56,1
DA:57,1
DA:58,1
DA:59,2
DA:60,1
DA:61,1
DA:68,0
DA:69,0
DA:70,0
DA:71,0
DA:72,0
DA:73,0
DA:74,0
DA:75,0
DA:88,15
DA:91,11
DA:92,11
DA:93,11
DA:94,9
DA:95,9
DA:96,9
DA:102,11
DA:103,11
DA:106,4
DA:117,7
DA:122,11
DA:123,7
DA:124,0
DA:126,7
DA:127,7
DA:131,11
DA:141,11
DA:149,11
DA:151,4
DA:152,4
DA:155,4
DA:158,7
DA:160,7
DA:162,7
DA:170,2
DA:171,0
DA:175,2
DA:176,0
DA:180,2
DA:181,5
DA:183,2
DA:184,0
DA:187,2
DA:188,1
DA:192,1
DA:194,1
DA:195,0
DA:197,1
DA:198,1
DA:201,1
DA:202,1
DA:203,1
DA:204,1
DA:209,1
DA:210,1
DA:213,1
DA:215,1
DA:218,5
LF:84
LH:71
BRDA:17,0,0,0
BRDA:17,0,1,12
BRDA:17,1,0,12
BRDA:17,1,1,12
BRDA:25,2,0,3
BRDA:25,2,1,0
BRDA:45,3,0,10
BRDA:45,3,1,0
BRDA:47,4,0,10
BRDA:47,4,1,10
BRDA:48,5,0,10
BRDA:48,5,1,10
BRDA:50,6,0,9
BRDA:50,6,1,1
BRDA:50,7,0,10
BRDA:50,7,1,9
BRDA:57,8,0,1
BRDA:57,8,1,0
BRDA:60,9,0,1
BRDA:60,9,1,0
BRDA:70,10,0,0
BRDA:70,10,1,0
BRDA:71,11,0,0
BRDA:71,11,1,0
BRDA:72,12,0,0
BRDA:72,12,1,0
BRDA:72,13,0,0
BRDA:72,13,1,0
BRDA:103,14,0,4
BRDA:103,14,1,7
BRDA:103,15,0,11
BRDA:103,15,1,4
BRDA:122,16,0,7
BRDA:122,16,1,4
BRDA:123,17,0,0
BRDA:123,17,1,7
BRDA:134,18,0,4
BRDA:134,18,1,7
BRDA:149,19,0,4
BRDA:149,19,1,7
BRDA:170,20,0,0
BRDA:170,20,1,2
BRDA:175,21,0,0
BRDA:175,21,1,2
BRDA:183,22,0,0
BRDA:183,22,1,2
BRDA:183,23,0,2
BRDA:183,23,1,2
BRDA:187,24,0,1
BRDA:187,24,1,1
BRDA:194,25,0,0
BRDA:194,25,1,1
BRDA:201,26,0,1
BRDA:201,26,1,0
BRDA:203,27,0,1
BRDA:203,27,1,0
BRF:56
BRH:36
end_of_record
TN:
SF:game/turnManagement.js
FN:10,advanceTurn
FN:64,getNextPlayerWithCards
FN:66,(anonymous_2)
FNF:3
FNH:3
FNDA:45,advanceTurn
FNDA:8,getNextPlayerWithCards
FNDA:15,(anonymous_2)
DA:11,45
DA:13,45
DA:14,45
DA:15,45
DA:17,45
DA:18,57
DA:19,57
DA:21,0
DA:24,57
DA:25,57
DA:26,57
DA:28,57
DA:29,44
DA:31,13
DA:32,13
DA:38,45
DA:39,1
DA:40,1
DA:41,1
DA:42,1
DA:45,1
DA:46,1
DA:47,4
DA:48,4
DA:51,4
DA:52,0
DA:53,0
DA:65,8
DA:66,15
DA:68,8
DA:70,1
DA:71,1
DA:72,1
DA:73,1
DA:75,1
DA:76,1
DA:79,0
DA:83,7
DA:84,12
DA:85,12
DA:86,12
DA:87,12
DA:89,12
DA:90,6
DA:93,1
DA:96,7
LF:46
LH:42
BRDA:19,0,0,0
BRDA:19,0,1,57
BRDA:25,1,0,57
BRDA:25,1,1,57
BRDA:26,2,0,57
BRDA:26,2,1,55
BRDA:28,3,0,44
BRDA:28,3,1,13
BRDA:28,4,0,57
BRDA:28,4,1,51
BRDA:28,4,2,47
BRDA:38,5,0,1
BRDA:38,5,1,44
BRDA:40,6,0,1
BRDA:40,6,1,1
BRDA:41,7,0,1
BRDA:41,7,1,1
BRDA:41,7,2,1
BRDA:42,8,0,1
BRDA:42,8,1,1
BRDA:42,8,2,1
BRDA:45,9,0,1
BRDA:45,9,1,0
BRDA:45,10,0,1
BRDA:45,10,1,0
BRDA:45,10,2,0
BRDA:48,11,0,4
BRDA:48,11,1,0
BRDA:48,11,2,0
BRDA:48,11,3,0
BRDA:48,11,4,0
BRDA:51,12,0,0
BRDA:51,12,1,4
BRDA:68,13,0,1
BRDA:68,13,1,7
BRDA:72,14,0,1
BRDA:72,14,1,1
BRDA:73,15,0,1
BRDA:73,15,1,1
BRDA:75,16,0,1
BRDA:75,16,1,0
BRDA:75,17,0,1
BRDA:75,17,1,1
BRDA:86,18,0,12
BRDA:86,18,1,12
BRDA:87,19,0,12
BRDA:87,19,1,12
BRDA:89,20,0,6
BRDA:89,20,1,6
BRDA:89,21,0,12
BRDA:89,21,1,7
BRF:51
BRH:41
end_of_record
